---------------------------------------------------------------
[ 2018-08-28T18:38:34+08:00 ] 127.0.0.1 GET /
[ info ] idatamind.com/ [运行时间：0.125100s][吞吐率：7.99req/s] [内存消耗：1,199.34kb] [文件加载：55]
[ info ] [ LANG ] E:\www\idatamind\thinkphp\lang\zh-cn.php
[ info ] [ ROUTE ] array (
  'rule' => '',
  'route' => 'admin/Index/index',
  'option' => 
  array (
    'merge_rule_regex' => false,
  ),
  'var' => 
  array (
  ),
)
[ info ] [ HEADER ] array (
  'accept-language' => 'zh-CN,zh;q=0.9',
  'accept-encoding' => 'gzip, deflate',
  'accept' => 'text/html,application/xhtml+xml,application/xml;q=0.9,image/webp,image/apng,*/*;q=0.8',
  'user-agent' => 'Mozilla/5.0 (Windows NT 10.0; WOW64) AppleWebKit/537.36 (KHTML, like Gecko) Chrome/67.0.3396.87 Safari/537.36 OPR/54.0.2952.64',
  'upgrade-insecure-requests' => '1',
  'connection' => 'close',
  'host' => 'idatamind.com',
)
[ info ] [ PARAM ] array (
)
[ info ] [ SESSION ] INIT array (
  'id' => '',
  'var_session_id' => '',
  'prefix' => 'think',
  'type' => '',
  'auto_start' => true,
  'httponly' => true,
  'secure' => false,
)
[ info ] [ LOG ] INIT File
---------------------------------------------------------------
[ 2018-08-28T18:38:34+08:00 ] 127.0.0.1 GET /login.html
[ info ] idatamind.com/login.html [运行时间：0.031447s][吞吐率：31.80req/s] [内存消耗：1,120.20kb] [文件加载：53]
[ info ] [ LANG ] E:\www\idatamind\thinkphp\lang\zh-cn.php
[ info ] [ ROUTE ] array (
  'rule' => 'login',
  'route' => 'admin/Login/index',
  'option' => 
  array (
    'merge_rule_regex' => false,
  ),
  'var' => 
  array (
  ),
)
[ info ] [ HEADER ] array (
  'cookie' => 'PHPSESSID=3jnbvvd6m5cb3bc35d187jhf77',
  'accept-language' => 'zh-CN,zh;q=0.9',
  'accept-encoding' => 'gzip, deflate',
  'accept' => 'text/html,application/xhtml+xml,application/xml;q=0.9,image/webp,image/apng,*/*;q=0.8',
  'user-agent' => 'Mozilla/5.0 (Windows NT 10.0; WOW64) AppleWebKit/537.36 (KHTML, like Gecko) Chrome/67.0.3396.87 Safari/537.36 OPR/54.0.2952.64',
  'upgrade-insecure-requests' => '1',
  'connection' => 'close',
  'host' => 'idatamind.com',
)
[ info ] [ PARAM ] array (
)
[ info ] [ SESSION ] INIT array (
  'id' => '',
  'var_session_id' => '',
  'prefix' => 'think',
  'type' => '',
  'auto_start' => true,
  'httponly' => true,
  'secure' => false,
)
[ info ] [ VIEW ] E:\www\idatamind\application\admin\view\login\index.html [ array (
) ]
[ info ] [ LOG ] INIT File
---------------------------------------------------------------
[ 2018-08-28T18:38:44+08:00 ] 127.0.0.1 POST /admin/Login/check
[ info ] idatamind.com/admin/Login/check [运行时间：0.282483s][吞吐率：3.54req/s] [内存消耗：2,145.93kb] [文件加载：67]
[ info ] [ LANG ] E:\www\idatamind\thinkphp\lang\zh-cn.php
[ info ] [ ROUTE ] array (
  'rule' => 'admin/login/check',
  'route' => 'admin/Login/check',
  'option' => 
  array (
    'merge_rule_regex' => false,
  ),
  'var' => 
  array (
  ),
)
[ info ] [ HEADER ] array (
  'cookie' => 'PHPSESSID=3jnbvvd6m5cb3bc35d187jhf77',
  'accept-language' => 'zh-CN,zh;q=0.9',
  'accept-encoding' => 'gzip, deflate',
  'referer' => 'http://idatamind.com/login.html',
  'content-type' => 'application/x-www-form-urlencoded; charset=UTF-8',
  'user-agent' => 'Mozilla/5.0 (Windows NT 10.0; WOW64) AppleWebKit/537.36 (KHTML, like Gecko) Chrome/67.0.3396.87 Safari/537.36 OPR/54.0.2952.64',
  'x-requested-with' => 'XMLHttpRequest',
  'origin' => 'http://idatamind.com',
  'accept' => 'application/json, text/javascript, */*; q=0.01',
  'content-length' => '38',
  'connection' => 'close',
  'host' => 'idatamind.com',
)
[ info ] [ PARAM ] array (
  'email' => 'rayzxh@163.com',
  'password' => '123456',
)
[ info ] [ DB ] INIT mysql
[ info ] [ SESSION ] INIT array (
  'id' => '',
  'var_session_id' => '',
  'prefix' => 'think',
  'type' => '',
  'auto_start' => true,
  'httponly' => true,
  'secure' => false,
)
[ info ] [ LOG ] INIT File
[ sql ] [ DB ] CONNECT:[ UseTime:0.011887s ] mysql:host=127.0.0.1;dbname=idatamind;charset=utf8
[ sql ] [ SQL ] SHOW COLUMNS FROM `user` [ RunTime:0.050021s ]
[ sql ] [ SQL ] SELECT * FROM `user` WHERE  `email` = 'rayzxh@163.com' LIMIT 1 [ RunTime:0.000480s ]
---------------------------------------------------------------
[ 2018-08-28T18:38:45+08:00 ] 127.0.0.1 GET /
[ info ] idatamind.com/ [运行时间：0.710517s][吞吐率：1.41req/s] [内存消耗：1,421.37kb] [文件加载：59]
[ info ] [ LANG ] E:\www\idatamind\thinkphp\lang\zh-cn.php
[ info ] [ ROUTE ] array (
  'rule' => '',
  'route' => 'admin/Index/index',
  'option' => 
  array (
    'merge_rule_regex' => false,
  ),
  'var' => 
  array (
  ),
)
[ info ] [ HEADER ] array (
  'cookie' => 'PHPSESSID=3jnbvvd6m5cb3bc35d187jhf77',
  'accept-language' => 'zh-CN,zh;q=0.9',
  'accept-encoding' => 'gzip, deflate',
  'referer' => 'http://idatamind.com/login.html',
  'accept' => 'text/html,application/xhtml+xml,application/xml;q=0.9,image/webp,image/apng,*/*;q=0.8',
  'user-agent' => 'Mozilla/5.0 (Windows NT 10.0; WOW64) AppleWebKit/537.36 (KHTML, like Gecko) Chrome/67.0.3396.87 Safari/537.36 OPR/54.0.2952.64',
  'upgrade-insecure-requests' => '1',
  'connection' => 'close',
  'host' => 'idatamind.com',
)
[ info ] [ PARAM ] array (
)
[ info ] [ SESSION ] INIT array (
  'id' => '',
  'var_session_id' => '',
  'prefix' => 'think',
  'type' => '',
  'auto_start' => true,
  'httponly' => true,
  'secure' => false,
)
[ info ] [ LOG ] INIT File
---------------------------------------------------------------
[ 2018-08-28T18:38:51+08:00 ] 127.0.0.1 GET /daydetail
[ info ] idatamind.com/daydetail [运行时间：1.310214s][吞吐率：0.76req/s] [内存消耗：2,284.68kb] [文件加载：72]
[ info ] [ LANG ] E:\www\idatamind\thinkphp\lang\zh-cn.php
[ info ] [ ROUTE ] array (
  'rule' => 'daydetail',
  'route' => 'admin/Index/daydetail',
  'option' => 
  array (
    'merge_rule_regex' => false,
  ),
  'var' => 
  array (
  ),
)
[ info ] [ HEADER ] array (
  'cookie' => 'PHPSESSID=3jnbvvd6m5cb3bc35d187jhf77',
  'accept-language' => 'zh-CN,zh;q=0.9',
  'accept-encoding' => 'gzip, deflate',
  'accept' => 'text/html,application/xhtml+xml,application/xml;q=0.9,image/webp,image/apng,*/*;q=0.8',
  'user-agent' => 'Mozilla/5.0 (Windows NT 10.0; WOW64) AppleWebKit/537.36 (KHTML, like Gecko) Chrome/67.0.3396.87 Safari/537.36 OPR/54.0.2952.64',
  'upgrade-insecure-requests' => '1',
  'connection' => 'close',
  'host' => 'idatamind.com',
)
[ info ] [ PARAM ] array (
)
[ info ] [ SESSION ] INIT array (
  'id' => '',
  'var_session_id' => '',
  'prefix' => 'think',
  'type' => '',
  'auto_start' => true,
  'httponly' => true,
  'secure' => false,
)
[ info ] [ DB ] INIT mysql
[ info ] [ VIEW ] E:\www\idatamind\application\admin\view\index\daydetail.html [ array (
  0 => 'area',
  1 => 'day',
  2 => 'result',
) ]
[ info ] [ LOG ] INIT File
[ sql ] [ DB ] CONNECT:[ UseTime:0.010414s ] mysql:host=127.0.0.1;dbname=idatamind;charset=utf8
[ sql ] [ SQL ] SHOW COLUMNS FROM `channel` [ RunTime:0.031714s ]
[ sql ] [ SQL ] SELECT `code` FROM `channel` WHERE  `store` = '成都'  AND `status` = '可用' [ RunTime:0.000446s ]
---------------------------------------------------------------
[ 2018-08-28T18:38:57+08:00 ] 127.0.0.1 GET /daydetail?day=2018-08-27&area=cd
[ info ] idatamind.com/daydetail?day=2018-08-27&area=cd [运行时间：1.902636s][吞吐率：0.53req/s] [内存消耗：2,285.24kb] [文件加载：72]
[ info ] [ LANG ] E:\www\idatamind\thinkphp\lang\zh-cn.php
[ info ] [ ROUTE ] array (
  'rule' => 'daydetail',
  'route' => 'admin/Index/daydetail',
  'option' => 
  array (
    'merge_rule_regex' => false,
  ),
  'var' => 
  array (
  ),
)
[ info ] [ HEADER ] array (
  'cookie' => 'PHPSESSID=3jnbvvd6m5cb3bc35d187jhf77',
  'accept-language' => 'zh-CN,zh;q=0.9',
  'accept-encoding' => 'gzip, deflate',
  'referer' => 'http://idatamind.com/daydetail',
  'accept' => 'text/html,application/xhtml+xml,application/xml;q=0.9,image/webp,image/apng,*/*;q=0.8',
  'user-agent' => 'Mozilla/5.0 (Windows NT 10.0; WOW64) AppleWebKit/537.36 (KHTML, like Gecko) Chrome/67.0.3396.87 Safari/537.36 OPR/54.0.2952.64',
  'upgrade-insecure-requests' => '1',
  'connection' => 'close',
  'host' => 'idatamind.com',
)
[ info ] [ PARAM ] array (
  'day' => '2018-08-27',
  'area' => 'cd',
)
[ info ] [ SESSION ] INIT array (
  'id' => '',
  'var_session_id' => '',
  'prefix' => 'think',
  'type' => '',
  'auto_start' => true,
  'httponly' => true,
  'secure' => false,
)
[ info ] [ DB ] INIT mysql
[ info ] [ VIEW ] E:\www\idatamind\application\admin\view\index\daydetail.html [ array (
  0 => 'area',
  1 => 'day',
  2 => 'result',
) ]
[ info ] [ LOG ] INIT File
[ sql ] [ DB ] CONNECT:[ UseTime:0.010854s ] mysql:host=127.0.0.1;dbname=idatamind;charset=utf8
[ sql ] [ SQL ] SHOW COLUMNS FROM `channel` [ RunTime:0.085158s ]
[ sql ] [ SQL ] SELECT `code` FROM `channel` WHERE  `store` = '成都'  AND `status` = '可用' [ RunTime:0.000961s ]
---------------------------------------------------------------
[ 2018-08-28T18:41:42+08:00 ] 127.0.0.1 GET /daydetail?day=2018-08-27&area=ya
[ info ] idatamind.com/daydetail?day=2018-08-27&area=ya [运行时间：1.865631s][吞吐率：0.54req/s] [内存消耗：2,278.29kb] [文件加载：72]
[ info ] [ LANG ] E:\www\idatamind\thinkphp\lang\zh-cn.php
[ info ] [ ROUTE ] array (
  'rule' => 'daydetail',
  'route' => 'admin/Index/daydetail',
  'option' => 
  array (
    'merge_rule_regex' => false,
  ),
  'var' => 
  array (
  ),
)
[ info ] [ HEADER ] array (
  'cookie' => 'PHPSESSID=3jnbvvd6m5cb3bc35d187jhf77',
  'accept-language' => 'zh-CN,zh;q=0.9',
  'accept-encoding' => 'gzip, deflate',
  'accept' => 'text/html,application/xhtml+xml,application/xml;q=0.9,image/webp,image/apng,*/*;q=0.8',
  'user-agent' => 'Mozilla/5.0 (Windows NT 10.0; WOW64) AppleWebKit/537.36 (KHTML, like Gecko) Chrome/67.0.3396.87 Safari/537.36 OPR/54.0.2952.64',
  'upgrade-insecure-requests' => '1',
  'connection' => 'close',
  'host' => 'idatamind.com',
)
[ info ] [ PARAM ] array (
  'day' => '2018-08-27',
  'area' => 'ya',
)
[ info ] [ SESSION ] INIT array (
  'id' => '',
  'var_session_id' => '',
  'prefix' => 'think',
  'type' => '',
  'auto_start' => true,
  'httponly' => true,
  'secure' => false,
)
[ info ] [ DB ] INIT mysql
[ info ] [ VIEW ] E:\www\idatamind\application\admin\view\index\daydetail.html [ array (
  0 => 'area',
  1 => 'day',
  2 => 'result',
) ]
[ info ] [ LOG ] INIT File
[ sql ] [ DB ] CONNECT:[ UseTime:0.000868s ] mysql:host=127.0.0.1;dbname=idatamind;charset=utf8
[ sql ] [ SQL ] SHOW COLUMNS FROM `channel` [ RunTime:0.009542s ]
[ sql ] [ SQL ] SELECT `code` FROM `channel` WHERE  `store` = '雅安'  AND `status` = '可用' [ RunTime:0.000529s ]
---------------------------------------------------------------
[ 2018-08-28T18:42:40+08:00 ] 127.0.0.1 GET /daydetail?day=2018-08-27&area=ms
[ info ] idatamind.com/daydetail?day=2018-08-27&area=ms [运行时间：1.693311s][吞吐率：0.59req/s] [内存消耗：2,278.91kb] [文件加载：72]
[ info ] [ LANG ] E:\www\idatamind\thinkphp\lang\zh-cn.php
[ info ] [ ROUTE ] array (
  'rule' => 'daydetail',
  'route' => 'admin/Index/daydetail',
  'option' => 
  array (
    'merge_rule_regex' => false,
  ),
  'var' => 
  array (
  ),
)
[ info ] [ HEADER ] array (
  'cookie' => 'PHPSESSID=3jnbvvd6m5cb3bc35d187jhf77',
  'accept-language' => 'zh-CN,zh;q=0.9',
  'accept-encoding' => 'gzip, deflate',
  'accept' => 'text/html,application/xhtml+xml,application/xml;q=0.9,image/webp,image/apng,*/*;q=0.8',
  'user-agent' => 'Mozilla/5.0 (Windows NT 10.0; WOW64) AppleWebKit/537.36 (KHTML, like Gecko) Chrome/67.0.3396.87 Safari/537.36 OPR/54.0.2952.64',
  'upgrade-insecure-requests' => '1',
  'connection' => 'close',
  'host' => 'idatamind.com',
)
[ info ] [ PARAM ] array (
  'day' => '2018-08-27',
  'area' => 'ms',
)
[ info ] [ SESSION ] INIT array (
  'id' => '',
  'var_session_id' => '',
  'prefix' => 'think',
  'type' => '',
  'auto_start' => true,
  'httponly' => true,
  'secure' => false,
)
[ info ] [ DB ] INIT mysql
[ info ] [ VIEW ] E:\www\idatamind\application\admin\view\index\daydetail.html [ array (
  0 => 'area',
  1 => 'day',
  2 => 'result',
) ]
[ info ] [ LOG ] INIT File
[ sql ] [ DB ] CONNECT:[ UseTime:0.010746s ] mysql:host=127.0.0.1;dbname=idatamind;charset=utf8
[ sql ] [ SQL ] SHOW COLUMNS FROM `channel` [ RunTime:0.009190s ]
[ sql ] [ SQL ] SELECT `code` FROM `channel` WHERE  `store` = '眉山'  AND `status` = '可用' [ RunTime:0.000366s ]
