---------------------------------------------------------------
[ 2018-08-29T18:27:42+08:00 ] 127.0.0.1 GET /
[ info ] idatamind.com/ [运行时间：0.176408s][吞吐率：5.67req/s] [内存消耗：1,199.34kb] [文件加载：55]
[ info ] [ LANG ] E:\www\idatamind\thinkphp\lang\zh-cn.php
[ info ] [ ROUTE ] array (
  'rule' => '',
  'route' => 'admin/Index/index',
  'option' => 
  array (
    'merge_rule_regex' => false,
  ),
  'var' => 
  array (
  ),
)
[ info ] [ HEADER ] array (
  'accept-language' => 'zh-CN,zh;q=0.9',
  'accept-encoding' => 'gzip, deflate',
  'accept' => 'text/html,application/xhtml+xml,application/xml;q=0.9,image/webp,image/apng,*/*;q=0.8',
  'user-agent' => 'Mozilla/5.0 (Windows NT 10.0; WOW64) AppleWebKit/537.36 (KHTML, like Gecko) Chrome/67.0.3396.87 Safari/537.36 OPR/54.0.2952.64',
  'upgrade-insecure-requests' => '1',
  'connection' => 'close',
  'host' => 'idatamind.com',
)
[ info ] [ PARAM ] array (
)
[ info ] [ SESSION ] INIT array (
  'id' => '',
  'var_session_id' => '',
  'prefix' => 'think',
  'type' => '',
  'auto_start' => true,
  'httponly' => true,
  'secure' => false,
)
[ info ] [ LOG ] INIT File
---------------------------------------------------------------
[ 2018-08-29T18:27:42+08:00 ] 127.0.0.1 GET /login.html
[ info ] idatamind.com/login.html [运行时间：0.027834s][吞吐率：35.93req/s] [内存消耗：1,120.20kb] [文件加载：53]
[ info ] [ LANG ] E:\www\idatamind\thinkphp\lang\zh-cn.php
[ info ] [ ROUTE ] array (
  'rule' => 'login',
  'route' => 'admin/Login/index',
  'option' => 
  array (
    'merge_rule_regex' => false,
  ),
  'var' => 
  array (
  ),
)
[ info ] [ HEADER ] array (
  'cookie' => 'PHPSESSID=ei4gfe6ng12bmirufh8ocho3a7',
  'accept-language' => 'zh-CN,zh;q=0.9',
  'accept-encoding' => 'gzip, deflate',
  'accept' => 'text/html,application/xhtml+xml,application/xml;q=0.9,image/webp,image/apng,*/*;q=0.8',
  'user-agent' => 'Mozilla/5.0 (Windows NT 10.0; WOW64) AppleWebKit/537.36 (KHTML, like Gecko) Chrome/67.0.3396.87 Safari/537.36 OPR/54.0.2952.64',
  'upgrade-insecure-requests' => '1',
  'connection' => 'close',
  'host' => 'idatamind.com',
)
[ info ] [ PARAM ] array (
)
[ info ] [ SESSION ] INIT array (
  'id' => '',
  'var_session_id' => '',
  'prefix' => 'think',
  'type' => '',
  'auto_start' => true,
  'httponly' => true,
  'secure' => false,
)
[ info ] [ VIEW ] E:\www\idatamind\application\admin\view\login\index.html [ array (
) ]
[ info ] [ LOG ] INIT File
---------------------------------------------------------------
[ 2018-08-29T18:27:53+08:00 ] 127.0.0.1 POST /admin/Login/check
[ info ] idatamind.com/admin/Login/check [运行时间：0.388043s][吞吐率：2.58req/s] [内存消耗：2,145.93kb] [文件加载：67]
[ info ] [ LANG ] E:\www\idatamind\thinkphp\lang\zh-cn.php
[ info ] [ ROUTE ] array (
  'rule' => 'admin/login/check',
  'route' => 'admin/Login/check',
  'option' => 
  array (
    'merge_rule_regex' => false,
  ),
  'var' => 
  array (
  ),
)
[ info ] [ HEADER ] array (
  'cookie' => 'PHPSESSID=ei4gfe6ng12bmirufh8ocho3a7',
  'accept-language' => 'zh-CN,zh;q=0.9',
  'accept-encoding' => 'gzip, deflate',
  'referer' => 'http://idatamind.com/login.html',
  'content-type' => 'application/x-www-form-urlencoded; charset=UTF-8',
  'user-agent' => 'Mozilla/5.0 (Windows NT 10.0; WOW64) AppleWebKit/537.36 (KHTML, like Gecko) Chrome/67.0.3396.87 Safari/537.36 OPR/54.0.2952.64',
  'x-requested-with' => 'XMLHttpRequest',
  'origin' => 'http://idatamind.com',
  'accept' => 'application/json, text/javascript, */*; q=0.01',
  'content-length' => '38',
  'connection' => 'close',
  'host' => 'idatamind.com',
)
[ info ] [ PARAM ] array (
  'email' => 'rayzxh@163.com',
  'password' => '123456',
)
[ info ] [ DB ] INIT mysql
[ info ] [ SESSION ] INIT array (
  'id' => '',
  'var_session_id' => '',
  'prefix' => 'think',
  'type' => '',
  'auto_start' => true,
  'httponly' => true,
  'secure' => false,
)
[ info ] [ LOG ] INIT File
[ sql ] [ DB ] CONNECT:[ UseTime:0.049082s ] mysql:host=127.0.0.1;dbname=idatamind;charset=utf8
[ sql ] [ SQL ] SHOW COLUMNS FROM `user` [ RunTime:0.093170s ]
[ sql ] [ SQL ] SELECT * FROM `user` WHERE  `email` = 'rayzxh@163.com' LIMIT 1 [ RunTime:0.003944s ]
---------------------------------------------------------------
[ 2018-08-29T18:27:54+08:00 ] 127.0.0.1 GET /
[ info ] idatamind.com/ [运行时间：0.711366s][吞吐率：1.41req/s] [内存消耗：1,421.37kb] [文件加载：59]
[ info ] [ LANG ] E:\www\idatamind\thinkphp\lang\zh-cn.php
[ info ] [ ROUTE ] array (
  'rule' => '',
  'route' => 'admin/Index/index',
  'option' => 
  array (
    'merge_rule_regex' => false,
  ),
  'var' => 
  array (
  ),
)
[ info ] [ HEADER ] array (
  'cookie' => 'PHPSESSID=ei4gfe6ng12bmirufh8ocho3a7',
  'accept-language' => 'zh-CN,zh;q=0.9',
  'accept-encoding' => 'gzip, deflate',
  'referer' => 'http://idatamind.com/login.html',
  'accept' => 'text/html,application/xhtml+xml,application/xml;q=0.9,image/webp,image/apng,*/*;q=0.8',
  'user-agent' => 'Mozilla/5.0 (Windows NT 10.0; WOW64) AppleWebKit/537.36 (KHTML, like Gecko) Chrome/67.0.3396.87 Safari/537.36 OPR/54.0.2952.64',
  'upgrade-insecure-requests' => '1',
  'connection' => 'close',
  'host' => 'idatamind.com',
)
[ info ] [ PARAM ] array (
)
[ info ] [ SESSION ] INIT array (
  'id' => '',
  'var_session_id' => '',
  'prefix' => 'think',
  'type' => '',
  'auto_start' => true,
  'httponly' => true,
  'secure' => false,
)
[ info ] [ LOG ] INIT File
---------------------------------------------------------------
[ 2018-08-29T18:28:02+08:00 ] 127.0.0.1 GET /daydetail
[ info ] idatamind.com/daydetail [运行时间：1.651189s][吞吐率：0.61req/s] [内存消耗：2,284.34kb] [文件加载：72]
[ info ] [ LANG ] E:\www\idatamind\thinkphp\lang\zh-cn.php
[ info ] [ ROUTE ] array (
  'rule' => 'daydetail',
  'route' => 'admin/Index/daydetail',
  'option' => 
  array (
    'merge_rule_regex' => false,
  ),
  'var' => 
  array (
  ),
)
[ info ] [ HEADER ] array (
  'cookie' => 'PHPSESSID=ei4gfe6ng12bmirufh8ocho3a7',
  'accept-language' => 'zh-CN,zh;q=0.9',
  'accept-encoding' => 'gzip, deflate',
  'accept' => 'text/html,application/xhtml+xml,application/xml;q=0.9,image/webp,image/apng,*/*;q=0.8',
  'user-agent' => 'Mozilla/5.0 (Windows NT 10.0; WOW64) AppleWebKit/537.36 (KHTML, like Gecko) Chrome/67.0.3396.87 Safari/537.36 OPR/54.0.2952.64',
  'upgrade-insecure-requests' => '1',
  'connection' => 'close',
  'host' => 'idatamind.com',
)
[ info ] [ PARAM ] array (
)
[ info ] [ SESSION ] INIT array (
  'id' => '',
  'var_session_id' => '',
  'prefix' => 'think',
  'type' => '',
  'auto_start' => true,
  'httponly' => true,
  'secure' => false,
)
[ info ] [ DB ] INIT mysql
[ info ] [ VIEW ] E:\www\idatamind\application\admin\view\index\daydetail.html [ array (
  0 => 'area',
  1 => 'day',
  2 => 'result',
) ]
[ info ] [ LOG ] INIT File
[ sql ] [ DB ] CONNECT:[ UseTime:0.009877s ] mysql:host=127.0.0.1;dbname=idatamind;charset=utf8
[ sql ] [ SQL ] SHOW COLUMNS FROM `channel` [ RunTime:0.040312s ]
[ sql ] [ SQL ] SELECT `code` FROM `channel` WHERE  `store` = '成都'  AND `status` = '可用' [ RunTime:0.000514s ]
---------------------------------------------------------------
[ 2018-08-29T18:28:20+08:00 ] 127.0.0.1 GET /daydetail?day=2018-08-28&area=cd
[ info ] idatamind.com/daydetail?day=2018-08-28&area=cd [运行时间：1.919532s][吞吐率：0.52req/s] [内存消耗：2,285.31kb] [文件加载：72]
[ info ] [ LANG ] E:\www\idatamind\thinkphp\lang\zh-cn.php
[ info ] [ ROUTE ] array (
  'rule' => 'daydetail',
  'route' => 'admin/Index/daydetail',
  'option' => 
  array (
    'merge_rule_regex' => false,
  ),
  'var' => 
  array (
  ),
)
[ info ] [ HEADER ] array (
  'cookie' => 'PHPSESSID=ei4gfe6ng12bmirufh8ocho3a7',
  'accept-language' => 'zh-CN,zh;q=0.9',
  'accept-encoding' => 'gzip, deflate',
  'referer' => 'http://idatamind.com/daydetail',
  'accept' => 'text/html,application/xhtml+xml,application/xml;q=0.9,image/webp,image/apng,*/*;q=0.8',
  'user-agent' => 'Mozilla/5.0 (Windows NT 10.0; WOW64) AppleWebKit/537.36 (KHTML, like Gecko) Chrome/67.0.3396.87 Safari/537.36 OPR/54.0.2952.64',
  'upgrade-insecure-requests' => '1',
  'connection' => 'close',
  'host' => 'idatamind.com',
)
[ info ] [ PARAM ] array (
  'day' => '2018-08-28',
  'area' => 'cd',
)
[ info ] [ SESSION ] INIT array (
  'id' => '',
  'var_session_id' => '',
  'prefix' => 'think',
  'type' => '',
  'auto_start' => true,
  'httponly' => true,
  'secure' => false,
)
[ info ] [ DB ] INIT mysql
[ info ] [ VIEW ] E:\www\idatamind\application\admin\view\index\daydetail.html [ array (
  0 => 'area',
  1 => 'day',
  2 => 'result',
) ]
[ info ] [ LOG ] INIT File
[ sql ] [ DB ] CONNECT:[ UseTime:0.010963s ] mysql:host=127.0.0.1;dbname=idatamind;charset=utf8
[ sql ] [ SQL ] SHOW COLUMNS FROM `channel` [ RunTime:0.014536s ]
[ sql ] [ SQL ] SELECT `code` FROM `channel` WHERE  `store` = '成都'  AND `status` = '可用' [ RunTime:0.000482s ]
---------------------------------------------------------------
[ 2018-08-29T18:31:20+08:00 ] 127.0.0.1 GET /daydetail?day=2018-08-28&area=ya
[ info ] idatamind.com/daydetail?day=2018-08-28&area=ya [运行时间：1.840141s][吞吐率：0.54req/s] [内存消耗：2,278.55kb] [文件加载：72]
[ info ] [ LANG ] E:\www\idatamind\thinkphp\lang\zh-cn.php
[ info ] [ ROUTE ] array (
  'rule' => 'daydetail',
  'route' => 'admin/Index/daydetail',
  'option' => 
  array (
    'merge_rule_regex' => false,
  ),
  'var' => 
  array (
  ),
)
[ info ] [ HEADER ] array (
  'cookie' => 'PHPSESSID=ei4gfe6ng12bmirufh8ocho3a7',
  'accept-language' => 'zh-CN,zh;q=0.9',
  'accept-encoding' => 'gzip, deflate',
  'accept' => 'text/html,application/xhtml+xml,application/xml;q=0.9,image/webp,image/apng,*/*;q=0.8',
  'user-agent' => 'Mozilla/5.0 (Windows NT 10.0; WOW64) AppleWebKit/537.36 (KHTML, like Gecko) Chrome/67.0.3396.87 Safari/537.36 OPR/54.0.2952.64',
  'upgrade-insecure-requests' => '1',
  'connection' => 'close',
  'host' => 'idatamind.com',
)
[ info ] [ PARAM ] array (
  'day' => '2018-08-28',
  'area' => 'ya',
)
[ info ] [ SESSION ] INIT array (
  'id' => '',
  'var_session_id' => '',
  'prefix' => 'think',
  'type' => '',
  'auto_start' => true,
  'httponly' => true,
  'secure' => false,
)
[ info ] [ DB ] INIT mysql
[ info ] [ VIEW ] E:\www\idatamind\application\admin\view\index\daydetail.html [ array (
  0 => 'area',
  1 => 'day',
  2 => 'result',
) ]
[ info ] [ LOG ] INIT File
[ sql ] [ DB ] CONNECT:[ UseTime:0.010782s ] mysql:host=127.0.0.1;dbname=idatamind;charset=utf8
[ sql ] [ SQL ] SHOW COLUMNS FROM `channel` [ RunTime:0.008091s ]
[ sql ] [ SQL ] SELECT `code` FROM `channel` WHERE  `store` = '雅安'  AND `status` = '可用' [ RunTime:0.000431s ]
---------------------------------------------------------------
[ 2018-08-29T18:32:12+08:00 ] 127.0.0.1 GET /daydetail?day=2018-08-28&area=ms
[ info ] idatamind.com/daydetail?day=2018-08-28&area=ms [运行时间：1.983325s][吞吐率：0.50req/s] [内存消耗：2,279.07kb] [文件加载：72]
[ info ] [ LANG ] E:\www\idatamind\thinkphp\lang\zh-cn.php
[ info ] [ ROUTE ] array (
  'rule' => 'daydetail',
  'route' => 'admin/Index/daydetail',
  'option' => 
  array (
    'merge_rule_regex' => false,
  ),
  'var' => 
  array (
  ),
)
[ info ] [ HEADER ] array (
  'cookie' => 'PHPSESSID=ei4gfe6ng12bmirufh8ocho3a7',
  'accept-language' => 'zh-CN,zh;q=0.9',
  'accept-encoding' => 'gzip, deflate',
  'accept' => 'text/html,application/xhtml+xml,application/xml;q=0.9,image/webp,image/apng,*/*;q=0.8',
  'user-agent' => 'Mozilla/5.0 (Windows NT 10.0; WOW64) AppleWebKit/537.36 (KHTML, like Gecko) Chrome/67.0.3396.87 Safari/537.36 OPR/54.0.2952.64',
  'upgrade-insecure-requests' => '1',
  'connection' => 'close',
  'host' => 'idatamind.com',
)
[ info ] [ PARAM ] array (
  'day' => '2018-08-28',
  'area' => 'ms',
)
[ info ] [ SESSION ] INIT array (
  'id' => '',
  'var_session_id' => '',
  'prefix' => 'think',
  'type' => '',
  'auto_start' => true,
  'httponly' => true,
  'secure' => false,
)
[ info ] [ DB ] INIT mysql
[ info ] [ VIEW ] E:\www\idatamind\application\admin\view\index\daydetail.html [ array (
  0 => 'area',
  1 => 'day',
  2 => 'result',
) ]
[ info ] [ LOG ] INIT File
[ sql ] [ DB ] CONNECT:[ UseTime:0.000832s ] mysql:host=127.0.0.1;dbname=idatamind;charset=utf8
[ sql ] [ SQL ] SHOW COLUMNS FROM `channel` [ RunTime:0.014782s ]
[ sql ] [ SQL ] SELECT `code` FROM `channel` WHERE  `store` = '眉山'  AND `status` = '可用' [ RunTime:0.000457s ]
