---------------------------------------------------------------
[ 2018-09-07T13:47:18+08:00 ] 127.0.0.1 GET /day?day=2018-09-02&area=cd
[ info ] idatamind.com/day?day=2018-09-02&area=cd [运行时间：2.912119s][吞吐率：0.34req/s] [内存消耗：2,174.62kb] [文件加载：68]
[ info ] [ LANG ] E:\www\idatamind\thinkphp\lang\zh-cn.php
[ info ] [ ROUTE ] array (
  'rule' => 'day',
  'route' => 'admin/Test/day',
  'option' => 
  array (
    'merge_rule_regex' => false,
  ),
  'var' => 
  array (
  ),
)
[ info ] [ HEADER ] array (
  'accept-language' => 'zh-CN,zh;q=0.9',
  'accept-encoding' => 'gzip, deflate',
  'accept' => 'text/html,application/xhtml+xml,application/xml;q=0.9,image/webp,image/apng,*/*;q=0.8',
  'user-agent' => 'Mozilla/5.0 (Windows NT 10.0; WOW64) AppleWebKit/537.36 (KHTML, like Gecko) Chrome/68.0.3440.106 Safari/537.36 OPR/55.0.2994.44',
  'upgrade-insecure-requests' => '1',
  'connection' => 'close',
  'host' => 'idatamind.com',
)
[ info ] [ PARAM ] array (
  'day' => '2018-09-02',
  'area' => 'cd',
)
[ info ] [ SESSION ] INIT array (
  'id' => '',
  'var_session_id' => '',
  'prefix' => 'think',
  'type' => '',
  'auto_start' => true,
  'httponly' => true,
  'secure' => false,
)
[ info ] [ DB ] INIT mysql
[ info ] [ VIEW ] E:\www\idatamind\application\admin\view\test\day.html [ array (
  0 => 'area',
  1 => 'day',
  2 => 'result',
) ]
[ info ] [ LOG ] INIT File
[ sql ] [ DB ] CONNECT:[ UseTime:0.011037s ] mysql:host=127.0.0.1;dbname=idatamind;charset=utf8
[ sql ] [ SQL ] SHOW COLUMNS FROM `channel` [ RunTime:0.039360s ]
[ sql ] [ SQL ] SELECT `code` FROM `channel` WHERE  `store` = '成都'  AND `status` = '可用' [ RunTime:0.000444s ]
---------------------------------------------------------------
[ 2018-09-07T13:47:22+08:00 ] 127.0.0.1 GET /
[ info ] idatamind.com/ [运行时间：0.077456s][吞吐率：12.91req/s] [内存消耗：1,222.37kb] [文件加载：55]
[ info ] [ LANG ] E:\www\idatamind\thinkphp\lang\zh-cn.php
[ info ] [ ROUTE ] array (
  'rule' => '',
  'route' => 'admin/Index/index',
  'option' => 
  array (
    'merge_rule_regex' => false,
  ),
  'var' => 
  array (
  ),
)
[ info ] [ HEADER ] array (
  'cookie' => 'PHPSESSID=lvbq7e34atl7fi3q3m6kdaf0c0',
  'accept-language' => 'zh-CN,zh;q=0.9',
  'accept-encoding' => 'gzip, deflate',
  'accept' => 'text/html,application/xhtml+xml,application/xml;q=0.9,image/webp,image/apng,*/*;q=0.8',
  'user-agent' => 'Mozilla/5.0 (Windows NT 10.0; WOW64) AppleWebKit/537.36 (KHTML, like Gecko) Chrome/68.0.3440.106 Safari/537.36 OPR/55.0.2994.44',
  'upgrade-insecure-requests' => '1',
  'connection' => 'close',
  'host' => 'idatamind.com',
)
[ info ] [ PARAM ] array (
)
[ info ] [ SESSION ] INIT array (
  'id' => '',
  'var_session_id' => '',
  'prefix' => 'think',
  'type' => '',
  'auto_start' => true,
  'httponly' => true,
  'secure' => false,
)
[ info ] [ LOG ] INIT File
---------------------------------------------------------------
[ 2018-09-07T13:47:22+08:00 ] 127.0.0.1 GET /login.html
[ info ] idatamind.com/login.html [运行时间：0.051456s][吞吐率：19.43req/s] [内存消耗：1,122.75kb] [文件加载：53]
[ info ] [ LANG ] E:\www\idatamind\thinkphp\lang\zh-cn.php
[ info ] [ ROUTE ] array (
  'rule' => 'login',
  'route' => 'admin/Login/index',
  'option' => 
  array (
    'merge_rule_regex' => false,
  ),
  'var' => 
  array (
  ),
)
[ info ] [ HEADER ] array (
  'cookie' => 'PHPSESSID=lvbq7e34atl7fi3q3m6kdaf0c0',
  'accept-language' => 'zh-CN,zh;q=0.9',
  'accept-encoding' => 'gzip, deflate',
  'accept' => 'text/html,application/xhtml+xml,application/xml;q=0.9,image/webp,image/apng,*/*;q=0.8',
  'user-agent' => 'Mozilla/5.0 (Windows NT 10.0; WOW64) AppleWebKit/537.36 (KHTML, like Gecko) Chrome/68.0.3440.106 Safari/537.36 OPR/55.0.2994.44',
  'upgrade-insecure-requests' => '1',
  'connection' => 'close',
  'host' => 'idatamind.com',
)
[ info ] [ PARAM ] array (
)
[ info ] [ SESSION ] INIT array (
  'id' => '',
  'var_session_id' => '',
  'prefix' => 'think',
  'type' => '',
  'auto_start' => true,
  'httponly' => true,
  'secure' => false,
)
[ info ] [ VIEW ] E:\www\idatamind\application\admin\view\login\index.html [ array (
) ]
[ info ] [ LOG ] INIT File
---------------------------------------------------------------
[ 2018-09-07T13:47:35+08:00 ] 127.0.0.1 POST /admin/Login/check
[ info ] idatamind.com/admin/Login/check [运行时间：0.230244s][吞吐率：4.34req/s] [内存消耗：2,148.10kb] [文件加载：67]
[ info ] [ LANG ] E:\www\idatamind\thinkphp\lang\zh-cn.php
[ info ] [ ROUTE ] array (
  'rule' => 'admin/login/check',
  'route' => 'admin/Login/check',
  'option' => 
  array (
    'merge_rule_regex' => false,
  ),
  'var' => 
  array (
  ),
)
[ info ] [ HEADER ] array (
  'cookie' => 'PHPSESSID=lvbq7e34atl7fi3q3m6kdaf0c0',
  'accept-language' => 'zh-CN,zh;q=0.9',
  'accept-encoding' => 'gzip, deflate',
  'referer' => 'http://idatamind.com/login.html',
  'content-type' => 'application/x-www-form-urlencoded; charset=UTF-8',
  'user-agent' => 'Mozilla/5.0 (Windows NT 10.0; WOW64) AppleWebKit/537.36 (KHTML, like Gecko) Chrome/68.0.3440.106 Safari/537.36 OPR/55.0.2994.44',
  'x-requested-with' => 'XMLHttpRequest',
  'origin' => 'http://idatamind.com',
  'accept' => 'application/json, text/javascript, */*; q=0.01',
  'content-length' => '38',
  'connection' => 'close',
  'host' => 'idatamind.com',
)
[ info ] [ PARAM ] array (
  'email' => 'rayzxh@163.com',
  'password' => '123456',
)
[ info ] [ DB ] INIT mysql
[ info ] [ SESSION ] INIT array (
  'id' => '',
  'var_session_id' => '',
  'prefix' => 'think',
  'type' => '',
  'auto_start' => true,
  'httponly' => true,
  'secure' => false,
)
[ info ] [ LOG ] INIT File
[ sql ] [ DB ] CONNECT:[ UseTime:0.010309s ] mysql:host=127.0.0.1;dbname=idatamind;charset=utf8
[ sql ] [ SQL ] SHOW COLUMNS FROM `user` [ RunTime:0.034086s ]
[ sql ] [ SQL ] SELECT * FROM `user` WHERE  `email` = 'rayzxh@163.com' LIMIT 1 [ RunTime:0.000557s ]
---------------------------------------------------------------
[ 2018-09-07T13:47:35+08:00 ] 127.0.0.1 GET /
[ info ] idatamind.com/ [运行时间：0.375963s][吞吐率：2.66req/s] [内存消耗：1,443.93kb] [文件加载：59]
[ info ] [ LANG ] E:\www\idatamind\thinkphp\lang\zh-cn.php
[ info ] [ ROUTE ] array (
  'rule' => '',
  'route' => 'admin/Index/index',
  'option' => 
  array (
    'merge_rule_regex' => false,
  ),
  'var' => 
  array (
  ),
)
[ info ] [ HEADER ] array (
  'cookie' => 'PHPSESSID=lvbq7e34atl7fi3q3m6kdaf0c0',
  'accept-language' => 'zh-CN,zh;q=0.9',
  'accept-encoding' => 'gzip, deflate',
  'referer' => 'http://idatamind.com/login.html',
  'accept' => 'text/html,application/xhtml+xml,application/xml;q=0.9,image/webp,image/apng,*/*;q=0.8',
  'user-agent' => 'Mozilla/5.0 (Windows NT 10.0; WOW64) AppleWebKit/537.36 (KHTML, like Gecko) Chrome/68.0.3440.106 Safari/537.36 OPR/55.0.2994.44',
  'upgrade-insecure-requests' => '1',
  'connection' => 'close',
  'host' => 'idatamind.com',
)
[ info ] [ PARAM ] array (
)
[ info ] [ SESSION ] INIT array (
  'id' => '',
  'var_session_id' => '',
  'prefix' => 'think',
  'type' => '',
  'auto_start' => true,
  'httponly' => true,
  'secure' => false,
)
[ info ] [ LOG ] INIT File
---------------------------------------------------------------
[ 2018-09-07T13:47:43+08:00 ] 127.0.0.1 GET /daydetail
[ info ] idatamind.com/daydetail [运行时间：0.993493s][吞吐率：1.01req/s] [内存消耗：2,307.31kb] [文件加载：72]
[ info ] [ LANG ] E:\www\idatamind\thinkphp\lang\zh-cn.php
[ info ] [ ROUTE ] array (
  'rule' => 'daydetail',
  'route' => 'admin/Index/daydetail',
  'option' => 
  array (
    'merge_rule_regex' => false,
  ),
  'var' => 
  array (
  ),
)
[ info ] [ HEADER ] array (
  'cookie' => 'PHPSESSID=lvbq7e34atl7fi3q3m6kdaf0c0',
  'accept-language' => 'zh-CN,zh;q=0.9',
  'accept-encoding' => 'gzip, deflate',
  'accept' => 'text/html,application/xhtml+xml,application/xml;q=0.9,image/webp,image/apng,*/*;q=0.8',
  'user-agent' => 'Mozilla/5.0 (Windows NT 10.0; WOW64) AppleWebKit/537.36 (KHTML, like Gecko) Chrome/68.0.3440.106 Safari/537.36 OPR/55.0.2994.44',
  'upgrade-insecure-requests' => '1',
  'connection' => 'close',
  'host' => 'idatamind.com',
)
[ info ] [ PARAM ] array (
)
[ info ] [ SESSION ] INIT array (
  'id' => '',
  'var_session_id' => '',
  'prefix' => 'think',
  'type' => '',
  'auto_start' => true,
  'httponly' => true,
  'secure' => false,
)
[ info ] [ DB ] INIT mysql
[ info ] [ VIEW ] E:\www\idatamind\application\admin\view\index\daydetail.html [ array (
  0 => 'area',
  1 => 'day',
  2 => 'result',
) ]
[ info ] [ LOG ] INIT File
[ sql ] [ DB ] CONNECT:[ UseTime:0.000865s ] mysql:host=127.0.0.1;dbname=idatamind;charset=utf8
[ sql ] [ SQL ] SHOW COLUMNS FROM `channel` [ RunTime:0.041073s ]
[ sql ] [ SQL ] SELECT `code` FROM `channel` WHERE  `store` = '成都'  AND `status` = '可用' [ RunTime:0.000547s ]
---------------------------------------------------------------
[ 2018-09-07T13:47:55+08:00 ] 127.0.0.1 GET /daydetail?day=2018-09-06&area=cd
[ info ] idatamind.com/daydetail?day=2018-09-06&area=cd [运行时间：2.027597s][吞吐率：0.49req/s] [内存消耗：2,307.97kb] [文件加载：72]
[ info ] [ LANG ] E:\www\idatamind\thinkphp\lang\zh-cn.php
[ info ] [ ROUTE ] array (
  'rule' => 'daydetail',
  'route' => 'admin/Index/daydetail',
  'option' => 
  array (
    'merge_rule_regex' => false,
  ),
  'var' => 
  array (
  ),
)
[ info ] [ HEADER ] array (
  'cookie' => 'PHPSESSID=lvbq7e34atl7fi3q3m6kdaf0c0',
  'accept-language' => 'zh-CN,zh;q=0.9',
  'accept-encoding' => 'gzip, deflate',
  'referer' => 'http://idatamind.com/daydetail',
  'accept' => 'text/html,application/xhtml+xml,application/xml;q=0.9,image/webp,image/apng,*/*;q=0.8',
  'user-agent' => 'Mozilla/5.0 (Windows NT 10.0; WOW64) AppleWebKit/537.36 (KHTML, like Gecko) Chrome/68.0.3440.106 Safari/537.36 OPR/55.0.2994.44',
  'upgrade-insecure-requests' => '1',
  'connection' => 'close',
  'host' => 'idatamind.com',
)
[ info ] [ PARAM ] array (
  'day' => '2018-09-06',
  'area' => 'cd',
)
[ info ] [ SESSION ] INIT array (
  'id' => '',
  'var_session_id' => '',
  'prefix' => 'think',
  'type' => '',
  'auto_start' => true,
  'httponly' => true,
  'secure' => false,
)
[ info ] [ DB ] INIT mysql
[ info ] [ VIEW ] E:\www\idatamind\application\admin\view\index\daydetail.html [ array (
  0 => 'area',
  1 => 'day',
  2 => 'result',
) ]
[ info ] [ LOG ] INIT File
[ sql ] [ DB ] CONNECT:[ UseTime:0.011310s ] mysql:host=127.0.0.1;dbname=idatamind;charset=utf8
[ sql ] [ SQL ] SHOW COLUMNS FROM `channel` [ RunTime:0.008531s ]
[ sql ] [ SQL ] SELECT `code` FROM `channel` WHERE  `store` = '成都'  AND `status` = '可用' [ RunTime:0.000494s ]
---------------------------------------------------------------
[ 2018-09-07T13:50:00+08:00 ] 127.0.0.1 GET /daydetail?day=2018-09-06&area=ms
[ info ] idatamind.com/daydetail?day=2018-09-06&area=ms [运行时间：1.870485s][吞吐率：0.53req/s] [内存消耗：2,301.68kb] [文件加载：72]
[ info ] [ LANG ] E:\www\idatamind\thinkphp\lang\zh-cn.php
[ info ] [ ROUTE ] array (
  'rule' => 'daydetail',
  'route' => 'admin/Index/daydetail',
  'option' => 
  array (
    'merge_rule_regex' => false,
  ),
  'var' => 
  array (
  ),
)
[ info ] [ HEADER ] array (
  'cookie' => 'PHPSESSID=lvbq7e34atl7fi3q3m6kdaf0c0',
  'accept-language' => 'zh-CN,zh;q=0.9',
  'accept-encoding' => 'gzip, deflate',
  'accept' => 'text/html,application/xhtml+xml,application/xml;q=0.9,image/webp,image/apng,*/*;q=0.8',
  'user-agent' => 'Mozilla/5.0 (Windows NT 10.0; WOW64) AppleWebKit/537.36 (KHTML, like Gecko) Chrome/68.0.3440.106 Safari/537.36 OPR/55.0.2994.44',
  'upgrade-insecure-requests' => '1',
  'connection' => 'close',
  'host' => 'idatamind.com',
)
[ info ] [ PARAM ] array (
  'day' => '2018-09-06',
  'area' => 'ms',
)
[ info ] [ SESSION ] INIT array (
  'id' => '',
  'var_session_id' => '',
  'prefix' => 'think',
  'type' => '',
  'auto_start' => true,
  'httponly' => true,
  'secure' => false,
)
[ info ] [ DB ] INIT mysql
[ info ] [ VIEW ] E:\www\idatamind\application\admin\view\index\daydetail.html [ array (
  0 => 'area',
  1 => 'day',
  2 => 'result',
) ]
[ info ] [ LOG ] INIT File
[ sql ] [ DB ] CONNECT:[ UseTime:0.010691s ] mysql:host=127.0.0.1;dbname=idatamind;charset=utf8
[ sql ] [ SQL ] SHOW COLUMNS FROM `channel` [ RunTime:0.033222s ]
[ sql ] [ SQL ] SELECT `code` FROM `channel` WHERE  `store` = '眉山'  AND `status` = '可用' [ RunTime:0.000546s ]
---------------------------------------------------------------
[ 2018-09-07T13:51:20+08:00 ] 127.0.0.1 GET /daydetail?day=2018-09-06&area=ya
[ info ] idatamind.com/daydetail?day=2018-09-06&area=ya [运行时间：1.831805s][吞吐率：0.55req/s] [内存消耗：2,301.13kb] [文件加载：72]
[ info ] [ LANG ] E:\www\idatamind\thinkphp\lang\zh-cn.php
[ info ] [ ROUTE ] array (
  'rule' => 'daydetail',
  'route' => 'admin/Index/daydetail',
  'option' => 
  array (
    'merge_rule_regex' => false,
  ),
  'var' => 
  array (
  ),
)
[ info ] [ HEADER ] array (
  'cookie' => 'PHPSESSID=lvbq7e34atl7fi3q3m6kdaf0c0',
  'accept-language' => 'zh-CN,zh;q=0.9',
  'accept-encoding' => 'gzip, deflate',
  'accept' => 'text/html,application/xhtml+xml,application/xml;q=0.9,image/webp,image/apng,*/*;q=0.8',
  'user-agent' => 'Mozilla/5.0 (Windows NT 10.0; WOW64) AppleWebKit/537.36 (KHTML, like Gecko) Chrome/68.0.3440.106 Safari/537.36 OPR/55.0.2994.44',
  'upgrade-insecure-requests' => '1',
  'connection' => 'close',
  'host' => 'idatamind.com',
)
[ info ] [ PARAM ] array (
  'day' => '2018-09-06',
  'area' => 'ya',
)
[ info ] [ SESSION ] INIT array (
  'id' => '',
  'var_session_id' => '',
  'prefix' => 'think',
  'type' => '',
  'auto_start' => true,
  'httponly' => true,
  'secure' => false,
)
[ info ] [ DB ] INIT mysql
[ info ] [ VIEW ] E:\www\idatamind\application\admin\view\index\daydetail.html [ array (
  0 => 'area',
  1 => 'day',
  2 => 'result',
) ]
[ info ] [ LOG ] INIT File
[ sql ] [ DB ] CONNECT:[ UseTime:0.011425s ] mysql:host=127.0.0.1;dbname=idatamind;charset=utf8
[ sql ] [ SQL ] SHOW COLUMNS FROM `channel` [ RunTime:0.012857s ]
[ sql ] [ SQL ] SELECT `code` FROM `channel` WHERE  `store` = '雅安'  AND `status` = '可用' [ RunTime:0.000436s ]
---------------------------------------------------------------
[ 2018-09-07T21:47:02+08:00 ] 127.0.0.1 GET /day?day=2018-09-02&area=cd
[ info ] idatamind.com/day?day=2018-09-02&area=cd [运行时间：2.713326s][吞吐率：0.37req/s] [内存消耗：2,174.63kb] [文件加载：68]
[ info ] [ LANG ] E:\www\idatamind\thinkphp\lang\zh-cn.php
[ info ] [ ROUTE ] array (
  'rule' => 'day',
  'route' => 'admin/Test/day',
  'option' => 
  array (
    'merge_rule_regex' => false,
  ),
  'var' => 
  array (
  ),
)
[ info ] [ HEADER ] array (
  'accept-language' => 'zh-CN,zh;q=0.9',
  'accept-encoding' => 'gzip, deflate',
  'accept' => 'text/html,application/xhtml+xml,application/xml;q=0.9,image/webp,image/apng,*/*;q=0.8',
  'user-agent' => 'Mozilla/5.0 (Windows NT 10.0; WOW64) AppleWebKit/537.36 (KHTML, like Gecko) Chrome/68.0.3440.106 Safari/537.36 OPR/55.0.2994.44',
  'upgrade-insecure-requests' => '1',
  'connection' => 'close',
  'host' => 'idatamind.com',
)
[ info ] [ PARAM ] array (
  'day' => '2018-09-02',
  'area' => 'cd',
)
[ info ] [ SESSION ] INIT array (
  'id' => '',
  'var_session_id' => '',
  'prefix' => 'think',
  'type' => '',
  'auto_start' => true,
  'httponly' => true,
  'secure' => false,
)
[ info ] [ DB ] INIT mysql
[ info ] [ VIEW ] E:\www\idatamind\application\admin\view\test\day.html [ array (
  0 => 'area',
  1 => 'day',
  2 => 'result',
) ]
[ info ] [ LOG ] INIT File
[ sql ] [ DB ] CONNECT:[ UseTime:0.000800s ] mysql:host=127.0.0.1;dbname=idatamind;charset=utf8
[ sql ] [ SQL ] SHOW COLUMNS FROM `channel` [ RunTime:0.008573s ]
[ sql ] [ SQL ] SELECT `code` FROM `channel` WHERE  `store` = '成都'  AND `status` = '可用' [ RunTime:0.000385s ]
---------------------------------------------------------------
[ 2018-09-07T21:47:14+08:00 ] 127.0.0.1 GET /day?day=2018-09-06&area=cd
[ info ] idatamind.com/day?day=2018-09-06&area=cd [运行时间：1.877988s][吞吐率：0.53req/s] [内存消耗：2,174.69kb] [文件加载：68]
[ info ] [ LANG ] E:\www\idatamind\thinkphp\lang\zh-cn.php
[ info ] [ ROUTE ] array (
  'rule' => 'day',
  'route' => 'admin/Test/day',
  'option' => 
  array (
    'merge_rule_regex' => false,
  ),
  'var' => 
  array (
  ),
)
[ info ] [ HEADER ] array (
  'cookie' => 'PHPSESSID=hvrokan2090cbso0qsnbodjsd1',
  'accept-language' => 'zh-CN,zh;q=0.9',
  'accept-encoding' => 'gzip, deflate',
  'accept' => 'text/html,application/xhtml+xml,application/xml;q=0.9,image/webp,image/apng,*/*;q=0.8',
  'user-agent' => 'Mozilla/5.0 (Windows NT 10.0; WOW64) AppleWebKit/537.36 (KHTML, like Gecko) Chrome/68.0.3440.106 Safari/537.36 OPR/55.0.2994.44',
  'upgrade-insecure-requests' => '1',
  'connection' => 'close',
  'host' => 'idatamind.com',
)
[ info ] [ PARAM ] array (
  'day' => '2018-09-06',
  'area' => 'cd',
)
[ info ] [ SESSION ] INIT array (
  'id' => '',
  'var_session_id' => '',
  'prefix' => 'think',
  'type' => '',
  'auto_start' => true,
  'httponly' => true,
  'secure' => false,
)
[ info ] [ DB ] INIT mysql
[ info ] [ VIEW ] E:\www\idatamind\application\admin\view\test\day.html [ array (
  0 => 'area',
  1 => 'day',
  2 => 'result',
) ]
[ info ] [ LOG ] INIT File
[ sql ] [ DB ] CONNECT:[ UseTime:0.010831s ] mysql:host=127.0.0.1;dbname=idatamind;charset=utf8
[ sql ] [ SQL ] SHOW COLUMNS FROM `channel` [ RunTime:0.029488s ]
[ sql ] [ SQL ] SELECT `code` FROM `channel` WHERE  `store` = '成都'  AND `status` = '可用' [ RunTime:0.000456s ]
---------------------------------------------------------------
[ 2018-09-07T21:47:48+08:00 ] 127.0.0.1 GET /day?day=2018-09-06&area=ya
[ info ] idatamind.com/day?day=2018-09-06&area=ya [运行时间：1.995820s][吞吐率：0.50req/s] [内存消耗：2,168.22kb] [文件加载：68]
[ info ] [ LANG ] E:\www\idatamind\thinkphp\lang\zh-cn.php
[ info ] [ ROUTE ] array (
  'rule' => 'day',
  'route' => 'admin/Test/day',
  'option' => 
  array (
    'merge_rule_regex' => false,
  ),
  'var' => 
  array (
  ),
)
[ info ] [ HEADER ] array (
  'cookie' => 'PHPSESSID=hvrokan2090cbso0qsnbodjsd1',
  'accept-language' => 'zh-CN,zh;q=0.9',
  'accept-encoding' => 'gzip, deflate',
  'accept' => 'text/html,application/xhtml+xml,application/xml;q=0.9,image/webp,image/apng,*/*;q=0.8',
  'user-agent' => 'Mozilla/5.0 (Windows NT 10.0; WOW64) AppleWebKit/537.36 (KHTML, like Gecko) Chrome/68.0.3440.106 Safari/537.36 OPR/55.0.2994.44',
  'upgrade-insecure-requests' => '1',
  'connection' => 'close',
  'host' => 'idatamind.com',
)
[ info ] [ PARAM ] array (
  'day' => '2018-09-06',
  'area' => 'ya',
)
[ info ] [ SESSION ] INIT array (
  'id' => '',
  'var_session_id' => '',
  'prefix' => 'think',
  'type' => '',
  'auto_start' => true,
  'httponly' => true,
  'secure' => false,
)
[ info ] [ DB ] INIT mysql
[ info ] [ VIEW ] E:\www\idatamind\application\admin\view\test\day.html [ array (
  0 => 'area',
  1 => 'day',
  2 => 'result',
) ]
[ info ] [ LOG ] INIT File
[ sql ] [ DB ] CONNECT:[ UseTime:0.011169s ] mysql:host=127.0.0.1;dbname=idatamind;charset=utf8
[ sql ] [ SQL ] SHOW COLUMNS FROM `channel` [ RunTime:0.008084s ]
[ sql ] [ SQL ] SELECT `code` FROM `channel` WHERE  `store` = '雅安'  AND `status` = '可用' [ RunTime:0.000446s ]
---------------------------------------------------------------
[ 2018-09-07T21:48:22+08:00 ] 127.0.0.1 GET /day?day=2018-09-06&area=ms
[ info ] idatamind.com/day?day=2018-09-06&area=ms [运行时间：1.890180s][吞吐率：0.53req/s] [内存消耗：2,168.78kb] [文件加载：68]
[ info ] [ LANG ] E:\www\idatamind\thinkphp\lang\zh-cn.php
[ info ] [ ROUTE ] array (
  'rule' => 'day',
  'route' => 'admin/Test/day',
  'option' => 
  array (
    'merge_rule_regex' => false,
  ),
  'var' => 
  array (
  ),
)
[ info ] [ HEADER ] array (
  'cookie' => 'PHPSESSID=hvrokan2090cbso0qsnbodjsd1',
  'accept-language' => 'zh-CN,zh;q=0.9',
  'accept-encoding' => 'gzip, deflate',
  'accept' => 'text/html,application/xhtml+xml,application/xml;q=0.9,image/webp,image/apng,*/*;q=0.8',
  'user-agent' => 'Mozilla/5.0 (Windows NT 10.0; WOW64) AppleWebKit/537.36 (KHTML, like Gecko) Chrome/68.0.3440.106 Safari/537.36 OPR/55.0.2994.44',
  'upgrade-insecure-requests' => '1',
  'connection' => 'close',
  'host' => 'idatamind.com',
)
[ info ] [ PARAM ] array (
  'day' => '2018-09-06',
  'area' => 'ms',
)
[ info ] [ SESSION ] INIT array (
  'id' => '',
  'var_session_id' => '',
  'prefix' => 'think',
  'type' => '',
  'auto_start' => true,
  'httponly' => true,
  'secure' => false,
)
[ info ] [ DB ] INIT mysql
[ info ] [ VIEW ] E:\www\idatamind\application\admin\view\test\day.html [ array (
  0 => 'area',
  1 => 'day',
  2 => 'result',
) ]
[ info ] [ LOG ] INIT File
[ sql ] [ DB ] CONNECT:[ UseTime:0.010876s ] mysql:host=127.0.0.1;dbname=idatamind;charset=utf8
[ sql ] [ SQL ] SHOW COLUMNS FROM `channel` [ RunTime:0.008871s ]
[ sql ] [ SQL ] SELECT `code` FROM `channel` WHERE  `store` = '眉山'  AND `status` = '可用' [ RunTime:0.000462s ]
