---------------------------------------------------------------
[ 2018-09-21T14:27:17+08:00 ] 127.0.0.1 GET /daydetail
[ info ] idatamind.com/daydetail [运行时间：1.987562s][吞吐率：0.50req/s] [内存消耗：2,265.02kb] [文件加载：70]
[ info ] [ LANG ] E:\www\idatamind\thinkphp\lang\zh-cn.php
[ info ] [ ROUTE ] array (
  'rule' => 'daydetail',
  'route' => 'admin/Index/daydetail',
  'option' => 
  array (
    'merge_rule_regex' => false,
  ),
  'var' => 
  array (
  ),
)
[ info ] [ HEADER ] array (
  'accept-language' => 'zh-CN,zh;q=0.9',
  'accept-encoding' => 'gzip, deflate',
  'accept' => 'text/html,application/xhtml+xml,application/xml;q=0.9,image/webp,image/apng,*/*;q=0.8',
  'user-agent' => 'Mozilla/5.0 (Windows NT 10.0; WOW64) AppleWebKit/537.36 (KHTML, like Gecko) Chrome/68.0.3440.106 Safari/537.36 OPR/55.0.2994.61',
  'upgrade-insecure-requests' => '1',
  'cache-control' => 'max-age=0',
  'connection' => 'close',
  'host' => 'idatamind.com',
)
[ info ] [ PARAM ] array (
)
[ info ] [ SESSION ] INIT array (
  'id' => '',
  'var_session_id' => '',
  'prefix' => 'think',
  'type' => '',
  'auto_start' => true,
  'httponly' => true,
  'secure' => false,
)
[ info ] [ DB ] INIT mysql
[ info ] [ VIEW ] E:\www\idatamind\application\admin\view\index\daydetail.html [ array (
  0 => 'area',
  1 => 'day',
  2 => 'result',
) ]
[ info ] [ LOG ] INIT File
[ sql ] [ DB ] CONNECT:[ UseTime:0.012529s ] mysql:host=127.0.0.1;dbname=idatamind;charset=utf8
[ sql ] [ SQL ] SHOW COLUMNS FROM `channel` [ RunTime:0.045167s ]
[ sql ] [ SQL ] SELECT `code` FROM `channel` WHERE  `store` = '成都'  AND `status` = '可用' [ RunTime:0.008383s ]
---------------------------------------------------------------
[ 2018-09-21T14:27:25+08:00 ] 127.0.0.1 GET /daydetail?day=2018-09-20&area=cd
[ info ] idatamind.com/daydetail?day=2018-09-20&area=cd [运行时间：2.251232s][吞吐率：0.44req/s] [内存消耗：2,265.34kb] [文件加载：70]
[ info ] [ LANG ] E:\www\idatamind\thinkphp\lang\zh-cn.php
[ info ] [ ROUTE ] array (
  'rule' => 'daydetail',
  'route' => 'admin/Index/daydetail',
  'option' => 
  array (
    'merge_rule_regex' => false,
  ),
  'var' => 
  array (
  ),
)
[ info ] [ HEADER ] array (
  'cookie' => 'PHPSESSID=mbhdmur1old1fkodfnv4lt17i2',
  'accept-language' => 'zh-CN,zh;q=0.9',
  'accept-encoding' => 'gzip, deflate',
  'referer' => 'http://idatamind.com/daydetail',
  'accept' => 'text/html,application/xhtml+xml,application/xml;q=0.9,image/webp,image/apng,*/*;q=0.8',
  'user-agent' => 'Mozilla/5.0 (Windows NT 10.0; WOW64) AppleWebKit/537.36 (KHTML, like Gecko) Chrome/68.0.3440.106 Safari/537.36 OPR/55.0.2994.61',
  'upgrade-insecure-requests' => '1',
  'connection' => 'close',
  'host' => 'idatamind.com',
)
[ info ] [ PARAM ] array (
  'day' => '2018-09-20',
  'area' => 'cd',
)
[ info ] [ SESSION ] INIT array (
  'id' => '',
  'var_session_id' => '',
  'prefix' => 'think',
  'type' => '',
  'auto_start' => true,
  'httponly' => true,
  'secure' => false,
)
[ info ] [ DB ] INIT mysql
[ info ] [ VIEW ] E:\www\idatamind\application\admin\view\index\daydetail.html [ array (
  0 => 'area',
  1 => 'day',
  2 => 'result',
) ]
[ info ] [ LOG ] INIT File
[ sql ] [ DB ] CONNECT:[ UseTime:0.013717s ] mysql:host=127.0.0.1;dbname=idatamind;charset=utf8
[ sql ] [ SQL ] SHOW COLUMNS FROM `channel` [ RunTime:0.010584s ]
[ sql ] [ SQL ] SELECT `code` FROM `channel` WHERE  `store` = '成都'  AND `status` = '可用' [ RunTime:0.000650s ]
---------------------------------------------------------------
[ 2018-09-21T14:31:57+08:00 ] 127.0.0.1 GET /daydetail?day=2018-09-20&area=ms
[ info ] idatamind.com/daydetail?day=2018-09-20&area=ms [运行时间：2.272795s][吞吐率：0.44req/s] [内存消耗：2,259.02kb] [文件加载：70]
[ info ] [ LANG ] E:\www\idatamind\thinkphp\lang\zh-cn.php
[ info ] [ ROUTE ] array (
  'rule' => 'daydetail',
  'route' => 'admin/Index/daydetail',
  'option' => 
  array (
    'merge_rule_regex' => false,
  ),
  'var' => 
  array (
  ),
)
[ info ] [ HEADER ] array (
  'cookie' => 'PHPSESSID=mbhdmur1old1fkodfnv4lt17i2',
  'accept-language' => 'zh-CN,zh;q=0.9',
  'accept-encoding' => 'gzip, deflate',
  'accept' => 'text/html,application/xhtml+xml,application/xml;q=0.9,image/webp,image/apng,*/*;q=0.8',
  'user-agent' => 'Mozilla/5.0 (Windows NT 10.0; WOW64) AppleWebKit/537.36 (KHTML, like Gecko) Chrome/68.0.3440.106 Safari/537.36 OPR/55.0.2994.61',
  'upgrade-insecure-requests' => '1',
  'connection' => 'close',
  'host' => 'idatamind.com',
)
[ info ] [ PARAM ] array (
  'day' => '2018-09-20',
  'area' => 'ms',
)
[ info ] [ SESSION ] INIT array (
  'id' => '',
  'var_session_id' => '',
  'prefix' => 'think',
  'type' => '',
  'auto_start' => true,
  'httponly' => true,
  'secure' => false,
)
[ info ] [ DB ] INIT mysql
[ info ] [ VIEW ] E:\www\idatamind\application\admin\view\index\daydetail.html [ array (
  0 => 'area',
  1 => 'day',
  2 => 'result',
) ]
[ info ] [ LOG ] INIT File
[ sql ] [ DB ] CONNECT:[ UseTime:0.011060s ] mysql:host=127.0.0.1;dbname=idatamind;charset=utf8
[ sql ] [ SQL ] SHOW COLUMNS FROM `channel` [ RunTime:0.010773s ]
[ sql ] [ SQL ] SELECT `code` FROM `channel` WHERE  `store` = '眉山'  AND `status` = '可用' [ RunTime:0.000534s ]
---------------------------------------------------------------
[ 2018-09-21T14:32:42+08:00 ] 127.0.0.1 GET /daydetail?day=2018-09-20&area=ya
[ info ] idatamind.com/daydetail?day=2018-09-20&area=ya [运行时间：8.008862s][吞吐率：0.12req/s] [内存消耗：2,258.48kb] [文件加载：70]
[ info ] [ LANG ] E:\www\idatamind\thinkphp\lang\zh-cn.php
[ info ] [ ROUTE ] array (
  'rule' => 'daydetail',
  'route' => 'admin/Index/daydetail',
  'option' => 
  array (
    'merge_rule_regex' => false,
  ),
  'var' => 
  array (
  ),
)
[ info ] [ HEADER ] array (
  'cookie' => 'PHPSESSID=mbhdmur1old1fkodfnv4lt17i2',
  'accept-language' => 'zh-CN,zh;q=0.9',
  'accept-encoding' => 'gzip, deflate',
  'accept' => 'text/html,application/xhtml+xml,application/xml;q=0.9,image/webp,image/apng,*/*;q=0.8',
  'user-agent' => 'Mozilla/5.0 (Windows NT 10.0; WOW64) AppleWebKit/537.36 (KHTML, like Gecko) Chrome/68.0.3440.106 Safari/537.36 OPR/55.0.2994.61',
  'upgrade-insecure-requests' => '1',
  'connection' => 'close',
  'host' => 'idatamind.com',
)
[ info ] [ PARAM ] array (
  'day' => '2018-09-20',
  'area' => 'ya',
)
[ info ] [ SESSION ] INIT array (
  'id' => '',
  'var_session_id' => '',
  'prefix' => 'think',
  'type' => '',
  'auto_start' => true,
  'httponly' => true,
  'secure' => false,
)
[ info ] [ DB ] INIT mysql
[ info ] [ VIEW ] E:\www\idatamind\application\admin\view\index\daydetail.html [ array (
  0 => 'area',
  1 => 'day',
  2 => 'result',
) ]
[ info ] [ LOG ] INIT File
[ sql ] [ DB ] CONNECT:[ UseTime:0.011540s ] mysql:host=127.0.0.1;dbname=idatamind;charset=utf8
[ sql ] [ SQL ] SHOW COLUMNS FROM `channel` [ RunTime:0.013533s ]
[ sql ] [ SQL ] SELECT `code` FROM `channel` WHERE  `store` = '雅安'  AND `status` = '可用' [ RunTime:0.000685s ]
---------------------------------------------------------------
[ 2018-09-21T18:10:15+08:00 ] 127.0.0.1 GET /day?day=2018-09-02&area=cd
[ info ] idatamind.com/day?day=2018-09-02&area=cd [运行时间：2.779826s][吞吐率：0.36req/s] [内存消耗：2,184.02kb] [文件加载：68]
[ info ] [ LANG ] E:\www\idatamind\thinkphp\lang\zh-cn.php
[ info ] [ ROUTE ] array (
  'rule' => 'day',
  'route' => 'admin/Test/day',
  'option' => 
  array (
    'merge_rule_regex' => false,
  ),
  'var' => 
  array (
  ),
)
[ info ] [ HEADER ] array (
  'accept-language' => 'zh-CN,zh;q=0.9',
  'accept-encoding' => 'gzip, deflate',
  'accept' => 'text/html,application/xhtml+xml,application/xml;q=0.9,image/webp,image/apng,*/*;q=0.8',
  'user-agent' => 'Mozilla/5.0 (Windows NT 10.0; WOW64) AppleWebKit/537.36 (KHTML, like Gecko) Chrome/68.0.3440.106 Safari/537.36 OPR/55.0.2994.61',
  'upgrade-insecure-requests' => '1',
  'connection' => 'close',
  'host' => 'idatamind.com',
)
[ info ] [ PARAM ] array (
  'day' => '2018-09-02',
  'area' => 'cd',
)
[ info ] [ SESSION ] INIT array (
  'id' => '',
  'var_session_id' => '',
  'prefix' => 'think',
  'type' => '',
  'auto_start' => true,
  'httponly' => true,
  'secure' => false,
)
[ info ] [ DB ] INIT mysql
[ info ] [ VIEW ] E:\www\idatamind\application\admin\view\test\day.html [ array (
  0 => 'area',
  1 => 'day',
  2 => 'result',
) ]
[ info ] [ LOG ] INIT File
[ sql ] [ DB ] CONNECT:[ UseTime:0.012055s ] mysql:host=127.0.0.1;dbname=idatamind;charset=utf8
[ sql ] [ SQL ] SHOW COLUMNS FROM `channel` [ RunTime:0.010610s ]
[ sql ] [ SQL ] SELECT `code` FROM `channel` WHERE  `store` = '成都'  AND `status` = '可用' [ RunTime:0.000638s ]
---------------------------------------------------------------
[ 2018-09-21T18:10:24+08:00 ] 127.0.0.1 GET /day?day=2018-09-20&area=cd
[ info ] idatamind.com/day?day=2018-09-20&area=cd [运行时间：2.333387s][吞吐率：0.43req/s] [内存消耗：2,183.63kb] [文件加载：68]
[ info ] [ LANG ] E:\www\idatamind\thinkphp\lang\zh-cn.php
[ info ] [ ROUTE ] array (
  'rule' => 'day',
  'route' => 'admin/Test/day',
  'option' => 
  array (
    'merge_rule_regex' => false,
  ),
  'var' => 
  array (
  ),
)
[ info ] [ HEADER ] array (
  'cookie' => 'PHPSESSID=d3non314uguj467tjd0bb82db3',
  'accept-language' => 'zh-CN,zh;q=0.9',
  'accept-encoding' => 'gzip, deflate',
  'accept' => 'text/html,application/xhtml+xml,application/xml;q=0.9,image/webp,image/apng,*/*;q=0.8',
  'user-agent' => 'Mozilla/5.0 (Windows NT 10.0; WOW64) AppleWebKit/537.36 (KHTML, like Gecko) Chrome/68.0.3440.106 Safari/537.36 OPR/55.0.2994.61',
  'upgrade-insecure-requests' => '1',
  'connection' => 'close',
  'host' => 'idatamind.com',
)
[ info ] [ PARAM ] array (
  'day' => '2018-09-20',
  'area' => 'cd',
)
[ info ] [ SESSION ] INIT array (
  'id' => '',
  'var_session_id' => '',
  'prefix' => 'think',
  'type' => '',
  'auto_start' => true,
  'httponly' => true,
  'secure' => false,
)
[ info ] [ DB ] INIT mysql
[ info ] [ VIEW ] E:\www\idatamind\application\admin\view\test\day.html [ array (
  0 => 'area',
  1 => 'day',
  2 => 'result',
) ]
[ info ] [ LOG ] INIT File
[ sql ] [ DB ] CONNECT:[ UseTime:0.004720s ] mysql:host=127.0.0.1;dbname=idatamind;charset=utf8
[ sql ] [ SQL ] SHOW COLUMNS FROM `channel` [ RunTime:0.017955s ]
[ sql ] [ SQL ] SELECT `code` FROM `channel` WHERE  `store` = '成都'  AND `status` = '可用' [ RunTime:0.000477s ]
---------------------------------------------------------------
[ 2018-09-21T18:18:45+08:00 ] 127.0.0.1 GET /day?day=2018-09-20&area=ms
[ info ] idatamind.com/day?day=2018-09-20&area=ms [运行时间：2.335515s][吞吐率：0.43req/s] [内存消耗：2,177.86kb] [文件加载：68]
[ info ] [ LANG ] E:\www\idatamind\thinkphp\lang\zh-cn.php
[ info ] [ ROUTE ] array (
  'rule' => 'day',
  'route' => 'admin/Test/day',
  'option' => 
  array (
    'merge_rule_regex' => false,
  ),
  'var' => 
  array (
  ),
)
[ info ] [ HEADER ] array (
  'cookie' => 'PHPSESSID=d3non314uguj467tjd0bb82db3',
  'accept-language' => 'zh-CN,zh;q=0.9',
  'accept-encoding' => 'gzip, deflate',
  'accept' => 'text/html,application/xhtml+xml,application/xml;q=0.9,image/webp,image/apng,*/*;q=0.8',
  'user-agent' => 'Mozilla/5.0 (Windows NT 10.0; WOW64) AppleWebKit/537.36 (KHTML, like Gecko) Chrome/68.0.3440.106 Safari/537.36 OPR/55.0.2994.61',
  'upgrade-insecure-requests' => '1',
  'connection' => 'close',
  'host' => 'idatamind.com',
)
[ info ] [ PARAM ] array (
  'day' => '2018-09-20',
  'area' => 'ms',
)
[ info ] [ SESSION ] INIT array (
  'id' => '',
  'var_session_id' => '',
  'prefix' => 'think',
  'type' => '',
  'auto_start' => true,
  'httponly' => true,
  'secure' => false,
)
[ info ] [ DB ] INIT mysql
[ info ] [ VIEW ] E:\www\idatamind\application\admin\view\test\day.html [ array (
  0 => 'area',
  1 => 'day',
  2 => 'result',
) ]
[ info ] [ LOG ] INIT File
[ sql ] [ DB ] CONNECT:[ UseTime:0.013336s ] mysql:host=127.0.0.1;dbname=idatamind;charset=utf8
[ sql ] [ SQL ] SHOW COLUMNS FROM `channel` [ RunTime:0.012418s ]
[ sql ] [ SQL ] SELECT `code` FROM `channel` WHERE  `store` = '眉山'  AND `status` = '可用' [ RunTime:0.000553s ]
---------------------------------------------------------------
[ 2018-09-21T18:19:24+08:00 ] 127.0.0.1 GET /day?day=2018-09-20&area=ya
[ info ] idatamind.com/day?day=2018-09-20&area=ya [运行时间：2.326871s][吞吐率：0.43req/s] [内存消耗：2,177.16kb] [文件加载：68]
[ info ] [ LANG ] E:\www\idatamind\thinkphp\lang\zh-cn.php
[ info ] [ ROUTE ] array (
  'rule' => 'day',
  'route' => 'admin/Test/day',
  'option' => 
  array (
    'merge_rule_regex' => false,
  ),
  'var' => 
  array (
  ),
)
[ info ] [ HEADER ] array (
  'cookie' => 'PHPSESSID=d3non314uguj467tjd0bb82db3',
  'accept-language' => 'zh-CN,zh;q=0.9',
  'accept-encoding' => 'gzip, deflate',
  'accept' => 'text/html,application/xhtml+xml,application/xml;q=0.9,image/webp,image/apng,*/*;q=0.8',
  'user-agent' => 'Mozilla/5.0 (Windows NT 10.0; WOW64) AppleWebKit/537.36 (KHTML, like Gecko) Chrome/68.0.3440.106 Safari/537.36 OPR/55.0.2994.61',
  'upgrade-insecure-requests' => '1',
  'connection' => 'close',
  'host' => 'idatamind.com',
)
[ info ] [ PARAM ] array (
  'day' => '2018-09-20',
  'area' => 'ya',
)
[ info ] [ SESSION ] INIT array (
  'id' => '',
  'var_session_id' => '',
  'prefix' => 'think',
  'type' => '',
  'auto_start' => true,
  'httponly' => true,
  'secure' => false,
)
[ info ] [ DB ] INIT mysql
[ info ] [ VIEW ] E:\www\idatamind\application\admin\view\test\day.html [ array (
  0 => 'area',
  1 => 'day',
  2 => 'result',
) ]
[ info ] [ LOG ] INIT File
[ sql ] [ DB ] CONNECT:[ UseTime:0.010484s ] mysql:host=127.0.0.1;dbname=idatamind;charset=utf8
[ sql ] [ SQL ] SHOW COLUMNS FROM `channel` [ RunTime:0.016228s ]
[ sql ] [ SQL ] SELECT `code` FROM `channel` WHERE  `store` = '雅安'  AND `status` = '可用' [ RunTime:0.000402s ]
