---------------------------------------------------------------
[ 2018-07-19T00:14:45+08:00 ] 127.0.0.1 GET /
[ info ] idatamind.com/ [运行时间：0.049058s][吞吐率：20.38req/s] [内存消耗：1,189.52kb] [文件加载：55]
[ info ] [ LANG ] E:\www\idatamind\thinkphp\lang\zh-cn.php
[ info ] [ ROUTE ] array (
  'rule' => '',
  'route' => 'admin/Index/index',
  'option' => 
  array (
    'merge_rule_regex' => false,
  ),
  'var' => 
  array (
  ),
)
[ info ] [ HEADER ] array (
  'accept-language' => 'zh-CN,zh;q=0.9',
  'accept-encoding' => 'gzip, deflate',
  'accept' => 'text/html,application/xhtml+xml,application/xml;q=0.9,image/webp,image/apng,*/*;q=0.8',
  'user-agent' => 'Mozilla/5.0 (Windows NT 10.0; WOW64) AppleWebKit/537.36 (KHTML, like Gecko) Chrome/67.0.3396.87 Safari/537.36 OPR/54.0.2952.54',
  'upgrade-insecure-requests' => '1',
  'connection' => 'close',
  'host' => 'idatamind.com',
)
[ info ] [ PARAM ] array (
)
[ info ] [ SESSION ] INIT array (
  'id' => '',
  'var_session_id' => '',
  'prefix' => 'think',
  'type' => '',
  'auto_start' => true,
  'httponly' => true,
  'secure' => false,
)
[ info ] [ LOG ] INIT File
---------------------------------------------------------------
[ 2018-07-19T00:14:45+08:00 ] 127.0.0.1 GET /login.html
[ info ] idatamind.com/login.html [运行时间：0.029109s][吞吐率：34.35req/s] [内存消耗：1,118.21kb] [文件加载：53]
[ info ] [ LANG ] E:\www\idatamind\thinkphp\lang\zh-cn.php
[ info ] [ ROUTE ] array (
  'rule' => 'login',
  'route' => 'admin/Login/index',
  'option' => 
  array (
    'merge_rule_regex' => false,
  ),
  'var' => 
  array (
  ),
)
[ info ] [ HEADER ] array (
  'cookie' => 'PHPSESSID=f7eiqnv8l8us6mma8il5fkkr06',
  'accept-language' => 'zh-CN,zh;q=0.9',
  'accept-encoding' => 'gzip, deflate',
  'accept' => 'text/html,application/xhtml+xml,application/xml;q=0.9,image/webp,image/apng,*/*;q=0.8',
  'user-agent' => 'Mozilla/5.0 (Windows NT 10.0; WOW64) AppleWebKit/537.36 (KHTML, like Gecko) Chrome/67.0.3396.87 Safari/537.36 OPR/54.0.2952.54',
  'upgrade-insecure-requests' => '1',
  'connection' => 'close',
  'host' => 'idatamind.com',
)
[ info ] [ PARAM ] array (
)
[ info ] [ SESSION ] INIT array (
  'id' => '',
  'var_session_id' => '',
  'prefix' => 'think',
  'type' => '',
  'auto_start' => true,
  'httponly' => true,
  'secure' => false,
)
[ info ] [ VIEW ] E:\www\idatamind\application\admin\view\login\index.html [ array (
) ]
[ info ] [ LOG ] INIT File
---------------------------------------------------------------
[ 2018-07-19T00:14:56+08:00 ] 127.0.0.1 POST /admin/Login/check
[ info ] idatamind.com/admin/Login/check [运行时间：0.893298s][吞吐率：1.12req/s] [内存消耗：2,142.09kb] [文件加载：67]
[ info ] [ LANG ] E:\www\idatamind\thinkphp\lang\zh-cn.php
[ info ] [ ROUTE ] array (
  'rule' => 'admin/login/check',
  'route' => 'admin/Login/check',
  'option' => 
  array (
    'merge_rule_regex' => false,
  ),
  'var' => 
  array (
  ),
)
[ info ] [ HEADER ] array (
  'cookie' => 'PHPSESSID=f7eiqnv8l8us6mma8il5fkkr06',
  'accept-language' => 'zh-CN,zh;q=0.9',
  'accept-encoding' => 'gzip, deflate',
  'referer' => 'http://idatamind.com/login.html',
  'content-type' => 'application/x-www-form-urlencoded; charset=UTF-8',
  'user-agent' => 'Mozilla/5.0 (Windows NT 10.0; WOW64) AppleWebKit/537.36 (KHTML, like Gecko) Chrome/67.0.3396.87 Safari/537.36 OPR/54.0.2952.54',
  'x-requested-with' => 'XMLHttpRequest',
  'origin' => 'http://idatamind.com',
  'accept' => 'application/json, text/javascript, */*; q=0.01',
  'content-length' => '38',
  'connection' => 'close',
  'host' => 'idatamind.com',
)
[ info ] [ PARAM ] array (
  'email' => 'rayzxh@163.com',
  'password' => '123456',
)
[ info ] [ DB ] INIT mysql
[ info ] [ SESSION ] INIT array (
  'id' => '',
  'var_session_id' => '',
  'prefix' => 'think',
  'type' => '',
  'auto_start' => true,
  'httponly' => true,
  'secure' => false,
)
[ info ] [ LOG ] INIT File
[ sql ] [ DB ] CONNECT:[ UseTime:0.011008s ] mysql:host=127.0.0.1;dbname=idatamind;charset=utf8
[ sql ] [ SQL ] SHOW COLUMNS FROM `user` [ RunTime:0.007127s ]
[ sql ] [ SQL ] SELECT * FROM `user` WHERE  `email` = 'rayzxh@163.com' LIMIT 1 [ RunTime:0.000650s ]
---------------------------------------------------------------
[ 2018-07-19T00:14:57+08:00 ] 127.0.0.1 GET /
[ info ] idatamind.com/ [运行时间：0.704230s][吞吐率：1.42req/s] [内存消耗：1,124.37kb] [文件加载：52]
[ info ] [ LANG ] E:\www\idatamind\thinkphp\lang\zh-cn.php
[ info ] [ ROUTE ] array (
  'rule' => '',
  'route' => 'admin/Index/index',
  'option' => 
  array (
    'merge_rule_regex' => false,
  ),
  'var' => 
  array (
  ),
)
[ info ] [ HEADER ] array (
  'cookie' => 'PHPSESSID=f7eiqnv8l8us6mma8il5fkkr06',
  'accept-language' => 'zh-CN,zh;q=0.9',
  'accept-encoding' => 'gzip, deflate',
  'referer' => 'http://idatamind.com/login.html',
  'accept' => 'text/html,application/xhtml+xml,application/xml;q=0.9,image/webp,image/apng,*/*;q=0.8',
  'user-agent' => 'Mozilla/5.0 (Windows NT 10.0; WOW64) AppleWebKit/537.36 (KHTML, like Gecko) Chrome/67.0.3396.87 Safari/537.36 OPR/54.0.2952.54',
  'upgrade-insecure-requests' => '1',
  'connection' => 'close',
  'host' => 'idatamind.com',
)
[ info ] [ PARAM ] array (
)
[ info ] [ SESSION ] INIT array (
  'id' => '',
  'var_session_id' => '',
  'prefix' => 'think',
  'type' => '',
  'auto_start' => true,
  'httponly' => true,
  'secure' => false,
)
[ info ] [ LOG ] INIT File
---------------------------------------------------------------
[ 2018-07-19T00:15:11+08:00 ] 127.0.0.1 GET /source
[ info ] idatamind.com/source [运行时间：7.694649s][吞吐率：0.13req/s] [内存消耗：2,197.70kb] [文件加载：72]
[ info ] [ LANG ] E:\www\idatamind\thinkphp\lang\zh-cn.php
[ info ] [ ROUTE ] array (
  'rule' => 'source',
  'route' => 'admin/Index/source',
  'option' => 
  array (
    'merge_rule_regex' => false,
  ),
  'var' => 
  array (
  ),
)
[ info ] [ HEADER ] array (
  'cookie' => 'PHPSESSID=f7eiqnv8l8us6mma8il5fkkr06',
  'accept-language' => 'zh-CN,zh;q=0.9',
  'accept-encoding' => 'gzip, deflate',
  'accept' => 'text/html,application/xhtml+xml,application/xml;q=0.9,image/webp,image/apng,*/*;q=0.8',
  'user-agent' => 'Mozilla/5.0 (Windows NT 10.0; WOW64) AppleWebKit/537.36 (KHTML, like Gecko) Chrome/67.0.3396.87 Safari/537.36 OPR/54.0.2952.54',
  'upgrade-insecure-requests' => '1',
  'connection' => 'close',
  'host' => 'idatamind.com',
)
[ info ] [ PARAM ] array (
)
[ info ] [ SESSION ] INIT array (
  'id' => '',
  'var_session_id' => '',
  'prefix' => 'think',
  'type' => '',
  'auto_start' => true,
  'httponly' => true,
  'secure' => false,
)
[ info ] [ DB ] INIT mysql
[ info ] [ LOG ] INIT File
[ sql ] [ DB ] CONNECT:[ UseTime:0.010633s ] mysql:host=127.0.0.1;dbname=idatamind;charset=utf8
[ sql ] [ SQL ] SHOW COLUMNS FROM `channel` [ RunTime:0.005710s ]
[ sql ] [ SQL ] SELECT `code` FROM `channel` WHERE  `store` = '成都'  AND `status` = '可用' [ RunTime:0.000406s ]
[ error ] [8]未定义数组索引: J1[E:\www\idatamind\application\admin\controller\Index.php:145]
---------------------------------------------------------------
[ 2018-07-19T00:15:41+08:00 ] 127.0.0.1 GET /source?day=2018-0718
[ info ] idatamind.com/source?day=2018-0718 [运行时间：7.925640s][吞吐率：0.13req/s] [内存消耗：2,198.06kb] [文件加载：72]
[ info ] [ LANG ] E:\www\idatamind\thinkphp\lang\zh-cn.php
[ info ] [ ROUTE ] array (
  'rule' => 'source',
  'route' => 'admin/Index/source',
  'option' => 
  array (
    'merge_rule_regex' => false,
  ),
  'var' => 
  array (
  ),
)
[ info ] [ HEADER ] array (
  'cookie' => 'PHPSESSID=f7eiqnv8l8us6mma8il5fkkr06',
  'accept-language' => 'zh-CN,zh;q=0.9',
  'accept-encoding' => 'gzip, deflate',
  'accept' => 'text/html,application/xhtml+xml,application/xml;q=0.9,image/webp,image/apng,*/*;q=0.8',
  'user-agent' => 'Mozilla/5.0 (Windows NT 10.0; WOW64) AppleWebKit/537.36 (KHTML, like Gecko) Chrome/67.0.3396.87 Safari/537.36 OPR/54.0.2952.54',
  'upgrade-insecure-requests' => '1',
  'connection' => 'close',
  'host' => 'idatamind.com',
)
[ info ] [ PARAM ] array (
  'day' => '2018-0718',
)
[ info ] [ SESSION ] INIT array (
  'id' => '',
  'var_session_id' => '',
  'prefix' => 'think',
  'type' => '',
  'auto_start' => true,
  'httponly' => true,
  'secure' => false,
)
[ info ] [ DB ] INIT mysql
[ info ] [ LOG ] INIT File
[ sql ] [ DB ] CONNECT:[ UseTime:0.010540s ] mysql:host=127.0.0.1;dbname=idatamind;charset=utf8
[ sql ] [ SQL ] SHOW COLUMNS FROM `channel` [ RunTime:0.006479s ]
[ sql ] [ SQL ] SELECT `code` FROM `channel` WHERE  `store` = '成都'  AND `status` = '可用' [ RunTime:0.000596s ]
[ error ] [8]未定义数组索引: J1[E:\www\idatamind\application\admin\controller\Index.php:145]
---------------------------------------------------------------
[ 2018-07-19T00:16:56+08:00 ] 127.0.0.1 GET /source?day=2018-0718
[ info ] idatamind.com/source?day=2018-0718 [运行时间：7.721786s][吞吐率：0.13req/s] [内存消耗：2,198.22kb] [文件加载：72]
[ info ] [ LANG ] E:\www\idatamind\thinkphp\lang\zh-cn.php
[ info ] [ ROUTE ] array (
  'rule' => 'source',
  'route' => 'admin/Index/source',
  'option' => 
  array (
    'merge_rule_regex' => false,
  ),
  'var' => 
  array (
  ),
)
[ info ] [ HEADER ] array (
  'cookie' => 'PHPSESSID=f7eiqnv8l8us6mma8il5fkkr06',
  'accept-language' => 'zh-CN,zh;q=0.9',
  'accept-encoding' => 'gzip, deflate',
  'accept' => 'text/html,application/xhtml+xml,application/xml;q=0.9,image/webp,image/apng,*/*;q=0.8',
  'user-agent' => 'Mozilla/5.0 (Windows NT 10.0; WOW64) AppleWebKit/537.36 (KHTML, like Gecko) Chrome/67.0.3396.87 Safari/537.36 OPR/54.0.2952.54',
  'upgrade-insecure-requests' => '1',
  'cache-control' => 'max-age=0',
  'connection' => 'close',
  'host' => 'idatamind.com',
)
[ info ] [ PARAM ] array (
  'day' => '2018-0718',
)
[ info ] [ SESSION ] INIT array (
  'id' => '',
  'var_session_id' => '',
  'prefix' => 'think',
  'type' => '',
  'auto_start' => true,
  'httponly' => true,
  'secure' => false,
)
[ info ] [ DB ] INIT mysql
[ info ] [ LOG ] INIT File
[ sql ] [ DB ] CONNECT:[ UseTime:0.000928s ] mysql:host=127.0.0.1;dbname=idatamind;charset=utf8
[ sql ] [ SQL ] SHOW COLUMNS FROM `channel` [ RunTime:0.005869s ]
[ sql ] [ SQL ] SELECT `code` FROM `channel` WHERE  `store` = '成都'  AND `status` = '可用' [ RunTime:0.000435s ]
[ error ] [8]未定义数组索引: J1[E:\www\idatamind\application\admin\controller\Index.php:145]
---------------------------------------------------------------
[ 2018-07-19T00:17:48+08:00 ] 127.0.0.1 GET /source
[ info ] idatamind.com/source [运行时间：47.413663s][吞吐率：0.02req/s] [内存消耗：2,212.26kb] [文件加载：72]
[ info ] [ LANG ] E:\www\idatamind\thinkphp\lang\zh-cn.php
[ info ] [ ROUTE ] array (
  'rule' => 'source',
  'route' => 'admin/Index/source',
  'option' => 
  array (
    'merge_rule_regex' => false,
  ),
  'var' => 
  array (
  ),
)
[ info ] [ HEADER ] array (
  'cookie' => 'PHPSESSID=f7eiqnv8l8us6mma8il5fkkr06',
  'accept-language' => 'zh-CN,zh;q=0.9',
  'accept-encoding' => 'gzip, deflate',
  'accept' => 'text/html,application/xhtml+xml,application/xml;q=0.9,image/webp,image/apng,*/*;q=0.8',
  'user-agent' => 'Mozilla/5.0 (Windows NT 10.0; WOW64) AppleWebKit/537.36 (KHTML, like Gecko) Chrome/67.0.3396.87 Safari/537.36 OPR/54.0.2952.54',
  'upgrade-insecure-requests' => '1',
  'connection' => 'close',
  'host' => 'idatamind.com',
)
[ info ] [ PARAM ] array (
)
[ info ] [ SESSION ] INIT array (
  'id' => '',
  'var_session_id' => '',
  'prefix' => 'think',
  'type' => '',
  'auto_start' => true,
  'httponly' => true,
  'secure' => false,
)
[ info ] [ DB ] INIT mysql
[ info ] [ LOG ] INIT File
[ sql ] [ DB ] CONNECT:[ UseTime:0.010832s ] mysql:host=127.0.0.1;dbname=idatamind;charset=utf8
[ sql ] [ SQL ] SHOW COLUMNS FROM `channel` [ RunTime:0.006124s ]
[ sql ] [ SQL ] SELECT `code` FROM `channel` WHERE  `store` = '成都'  AND `status` = '可用' [ RunTime:0.000411s ]
[ error ] [1]Maximum execution time of 30 seconds exceeded[E:\www\idatamind\application\common.php:158]
---------------------------------------------------------------
[ 2018-07-19T00:18:00+08:00 ] 127.0.0.1 GET /source
[ info ] idatamind.com/source [运行时间：8.491282s][吞吐率：0.12req/s] [内存消耗：2,198.01kb] [文件加载：72]
[ info ] [ LANG ] E:\www\idatamind\thinkphp\lang\zh-cn.php
[ info ] [ ROUTE ] array (
  'rule' => 'source',
  'route' => 'admin/Index/source',
  'option' => 
  array (
    'merge_rule_regex' => false,
  ),
  'var' => 
  array (
  ),
)
[ info ] [ HEADER ] array (
  'cookie' => 'PHPSESSID=f7eiqnv8l8us6mma8il5fkkr06',
  'accept-language' => 'zh-CN,zh;q=0.9',
  'accept-encoding' => 'gzip, deflate',
  'accept' => 'text/html,application/xhtml+xml,application/xml;q=0.9,image/webp,image/apng,*/*;q=0.8',
  'user-agent' => 'Mozilla/5.0 (Windows NT 10.0; WOW64) AppleWebKit/537.36 (KHTML, like Gecko) Chrome/67.0.3396.87 Safari/537.36 OPR/54.0.2952.54',
  'upgrade-insecure-requests' => '1',
  'cache-control' => 'max-age=0',
  'connection' => 'close',
  'host' => 'idatamind.com',
)
[ info ] [ PARAM ] array (
)
[ info ] [ SESSION ] INIT array (
  'id' => '',
  'var_session_id' => '',
  'prefix' => 'think',
  'type' => '',
  'auto_start' => true,
  'httponly' => true,
  'secure' => false,
)
[ info ] [ DB ] INIT mysql
[ info ] [ LOG ] INIT File
[ sql ] [ DB ] CONNECT:[ UseTime:0.010557s ] mysql:host=127.0.0.1;dbname=idatamind;charset=utf8
[ sql ] [ SQL ] SHOW COLUMNS FROM `channel` [ RunTime:0.005963s ]
[ sql ] [ SQL ] SELECT `code` FROM `channel` WHERE  `store` = '成都'  AND `status` = '可用' [ RunTime:0.000415s ]
[ error ] [8]未定义数组索引: J1[E:\www\idatamind\application\admin\controller\Index.php:145]
---------------------------------------------------------------
[ 2018-07-19T00:18:43+08:00 ] 127.0.0.1 GET /source?day=2018-07-13
[ info ] idatamind.com/source?day=2018-07-13 [运行时间：9.699278s][吞吐率：0.10req/s] [内存消耗：2,410.59kb] [文件加载：73]
[ info ] [ LANG ] E:\www\idatamind\thinkphp\lang\zh-cn.php
[ info ] [ ROUTE ] array (
  'rule' => 'source',
  'route' => 'admin/Index/source',
  'option' => 
  array (
    'merge_rule_regex' => false,
  ),
  'var' => 
  array (
  ),
)
[ info ] [ HEADER ] array (
  'cookie' => 'PHPSESSID=f7eiqnv8l8us6mma8il5fkkr06',
  'accept-language' => 'zh-CN,zh;q=0.9',
  'accept-encoding' => 'gzip, deflate',
  'accept' => 'text/html,application/xhtml+xml,application/xml;q=0.9,image/webp,image/apng,*/*;q=0.8',
  'user-agent' => 'Mozilla/5.0 (Windows NT 10.0; WOW64) AppleWebKit/537.36 (KHTML, like Gecko) Chrome/67.0.3396.87 Safari/537.36 OPR/54.0.2952.54',
  'upgrade-insecure-requests' => '1',
  'connection' => 'close',
  'host' => 'idatamind.com',
)
[ info ] [ PARAM ] array (
  'day' => '2018-07-13',
)
[ info ] [ SESSION ] INIT array (
  'id' => '',
  'var_session_id' => '',
  'prefix' => 'think',
  'type' => '',
  'auto_start' => true,
  'httponly' => true,
  'secure' => false,
)
[ info ] [ DB ] INIT mysql
[ info ] [ VIEW ] E:\www\idatamind\application\admin\view\index\source.html [ array (
  0 => 'day',
  1 => 'hq',
  2 => 'wx',
  3 => 'sum',
  4 => 'result',
  5 => 'warning',
) ]
[ info ] [ LOG ] INIT File
[ sql ] [ DB ] CONNECT:[ UseTime:0.001314s ] mysql:host=127.0.0.1;dbname=idatamind;charset=utf8
[ sql ] [ SQL ] SHOW COLUMNS FROM `channel` [ RunTime:0.006215s ]
[ sql ] [ SQL ] SELECT `code` FROM `channel` WHERE  `store` = '成都'  AND `status` = '可用' [ RunTime:0.000411s ]
---------------------------------------------------------------
[ 2018-07-19T00:19:17+08:00 ] 127.0.0.1 GET /channel
[ info ] idatamind.com/channel [运行时间：0.060318s][吞吐率：16.58req/s] [内存消耗：2,471.86kb] [文件加载：75]
[ info ] [ LANG ] E:\www\idatamind\thinkphp\lang\zh-cn.php
[ info ] [ ROUTE ] array (
  'rule' => 'channel',
  'route' => 'admin/Channel/index',
  'option' => 
  array (
    'merge_rule_regex' => false,
  ),
  'var' => 
  array (
  ),
)
[ info ] [ HEADER ] array (
  'cookie' => 'PHPSESSID=f7eiqnv8l8us6mma8il5fkkr06',
  'accept-language' => 'zh-CN,zh;q=0.9',
  'accept-encoding' => 'gzip, deflate',
  'accept' => 'text/html,application/xhtml+xml,application/xml;q=0.9,image/webp,image/apng,*/*;q=0.8',
  'user-agent' => 'Mozilla/5.0 (Windows NT 10.0; WOW64) AppleWebKit/537.36 (KHTML, like Gecko) Chrome/67.0.3396.87 Safari/537.36 OPR/54.0.2952.54',
  'upgrade-insecure-requests' => '1',
  'connection' => 'close',
  'host' => 'idatamind.com',
)
[ info ] [ PARAM ] array (
)
[ info ] [ SESSION ] INIT array (
  'id' => '',
  'var_session_id' => '',
  'prefix' => 'think',
  'type' => '',
  'auto_start' => true,
  'httponly' => true,
  'secure' => false,
)
[ info ] [ DB ] INIT mysql
[ info ] [ VIEW ] E:\www\idatamind\application\admin\view\channel\index.html [ array (
  0 => 'list',
) ]
[ info ] [ LOG ] INIT File
[ sql ] [ DB ] CONNECT:[ UseTime:0.000814s ] mysql:host=127.0.0.1;dbname=idatamind;charset=utf8
[ sql ] [ SQL ] SHOW COLUMNS FROM `channel` [ RunTime:0.006108s ]
[ sql ] [ SQL ] SELECT * FROM `channel` WHERE  `store` = '成都'  AND `status` = '可用' [ RunTime:0.000507s ]
---------------------------------------------------------------
[ 2018-07-19T00:19:22+08:00 ] 127.0.0.1 GET /channel.html?area=cd
[ info ] idatamind.com/channel.html?area=cd [运行时间：0.055230s][吞吐率：18.11req/s] [内存消耗：2,293.81kb] [文件加载：73]
[ info ] [ LANG ] E:\www\idatamind\thinkphp\lang\zh-cn.php
[ info ] [ ROUTE ] array (
  'rule' => 'channel',
  'route' => 'admin/Channel/index',
  'option' => 
  array (
    'merge_rule_regex' => false,
  ),
  'var' => 
  array (
  ),
)
[ info ] [ HEADER ] array (
  'cookie' => 'PHPSESSID=f7eiqnv8l8us6mma8il5fkkr06',
  'accept-language' => 'zh-CN,zh;q=0.9',
  'accept-encoding' => 'gzip, deflate',
  'referer' => 'http://idatamind.com/channel',
  'accept' => 'text/html,application/xhtml+xml,application/xml;q=0.9,image/webp,image/apng,*/*;q=0.8',
  'user-agent' => 'Mozilla/5.0 (Windows NT 10.0; WOW64) AppleWebKit/537.36 (KHTML, like Gecko) Chrome/67.0.3396.87 Safari/537.36 OPR/54.0.2952.54',
  'upgrade-insecure-requests' => '1',
  'connection' => 'close',
  'host' => 'idatamind.com',
)
[ info ] [ PARAM ] array (
  'area' => 'cd',
)
[ info ] [ SESSION ] INIT array (
  'id' => '',
  'var_session_id' => '',
  'prefix' => 'think',
  'type' => '',
  'auto_start' => true,
  'httponly' => true,
  'secure' => false,
)
[ info ] [ DB ] INIT mysql
[ info ] [ VIEW ] E:\www\idatamind\application\admin\view\channel\index.html [ array (
  0 => 'list',
) ]
[ info ] [ LOG ] INIT File
[ sql ] [ DB ] CONNECT:[ UseTime:0.010484s ] mysql:host=127.0.0.1;dbname=idatamind;charset=utf8
[ sql ] [ SQL ] SHOW COLUMNS FROM `channel` [ RunTime:0.006569s ]
[ sql ] [ SQL ] SELECT * FROM `channel` WHERE  `store` = '成都'  AND `status` = '可用' [ RunTime:0.000489s ]
---------------------------------------------------------------
[ 2018-07-19T00:19:51+08:00 ] 127.0.0.1 GET /source?day=2018-07-13&area=ms
[ info ] idatamind.com/source?day=2018-07-13&area=ms [运行时间：8.091968s][吞吐率：0.12req/s] [内存消耗：2,234.18kb] [文件加载：71]
[ info ] [ LANG ] E:\www\idatamind\thinkphp\lang\zh-cn.php
[ info ] [ ROUTE ] array (
  'rule' => 'source',
  'route' => 'admin/Index/source',
  'option' => 
  array (
    'merge_rule_regex' => false,
  ),
  'var' => 
  array (
  ),
)
[ info ] [ HEADER ] array (
  'cookie' => 'PHPSESSID=f7eiqnv8l8us6mma8il5fkkr06',
  'accept-language' => 'zh-CN,zh;q=0.9',
  'accept-encoding' => 'gzip, deflate',
  'accept' => 'text/html,application/xhtml+xml,application/xml;q=0.9,image/webp,image/apng,*/*;q=0.8',
  'user-agent' => 'Mozilla/5.0 (Windows NT 10.0; WOW64) AppleWebKit/537.36 (KHTML, like Gecko) Chrome/67.0.3396.87 Safari/537.36 OPR/54.0.2952.54',
  'upgrade-insecure-requests' => '1',
  'connection' => 'close',
  'host' => 'idatamind.com',
)
[ info ] [ PARAM ] array (
  'day' => '2018-07-13',
  'area' => 'ms',
)
[ info ] [ SESSION ] INIT array (
  'id' => '',
  'var_session_id' => '',
  'prefix' => 'think',
  'type' => '',
  'auto_start' => true,
  'httponly' => true,
  'secure' => false,
)
[ info ] [ DB ] INIT mysql
[ info ] [ VIEW ] E:\www\idatamind\application\admin\view\index\source.html [ array (
  0 => 'day',
  1 => 'hq',
  2 => 'wx',
  3 => 'sum',
  4 => 'result',
  5 => 'warning',
) ]
[ info ] [ LOG ] INIT File
[ sql ] [ DB ] CONNECT:[ UseTime:0.001065s ] mysql:host=127.0.0.1;dbname=idatamind;charset=utf8
[ sql ] [ SQL ] SHOW COLUMNS FROM `channel` [ RunTime:0.005777s ]
[ sql ] [ SQL ] SELECT `code` FROM `channel` WHERE  `store` = '眉山'  AND `status` = '可用' [ RunTime:0.000393s ]
---------------------------------------------------------------
[ 2018-07-19T00:20:34+08:00 ] 127.0.0.1 GET /source?day=2018-07-11
[ info ] idatamind.com/source?day=2018-07-11 [运行时间：34.730813s][吞吐率：0.03req/s] [内存消耗：2,210.10kb] [文件加载：72]
[ info ] [ LANG ] E:\www\idatamind\thinkphp\lang\zh-cn.php
[ info ] [ ROUTE ] array (
  'rule' => 'source',
  'route' => 'admin/Index/source',
  'option' => 
  array (
    'merge_rule_regex' => false,
  ),
  'var' => 
  array (
  ),
)
[ info ] [ HEADER ] array (
  'cookie' => 'PHPSESSID=f7eiqnv8l8us6mma8il5fkkr06',
  'accept-language' => 'zh-CN,zh;q=0.9',
  'accept-encoding' => 'gzip, deflate',
  'referer' => 'http://idatamind.com/source?day=2018-07-13&area=ms',
  'accept' => 'text/html,application/xhtml+xml,application/xml;q=0.9,image/webp,image/apng,*/*;q=0.8',
  'user-agent' => 'Mozilla/5.0 (Windows NT 10.0; WOW64) AppleWebKit/537.36 (KHTML, like Gecko) Chrome/67.0.3396.87 Safari/537.36 OPR/54.0.2952.54',
  'upgrade-insecure-requests' => '1',
  'connection' => 'close',
  'host' => 'idatamind.com',
)
[ info ] [ PARAM ] array (
  'day' => '2018-07-11',
)
[ info ] [ SESSION ] INIT array (
  'id' => '',
  'var_session_id' => '',
  'prefix' => 'think',
  'type' => '',
  'auto_start' => true,
  'httponly' => true,
  'secure' => false,
)
[ info ] [ DB ] INIT mysql
[ info ] [ LOG ] INIT File
[ sql ] [ DB ] CONNECT:[ UseTime:0.010632s ] mysql:host=127.0.0.1;dbname=idatamind;charset=utf8
[ sql ] [ SQL ] SHOW COLUMNS FROM `channel` [ RunTime:0.006629s ]
[ sql ] [ SQL ] SELECT `code` FROM `channel` WHERE  `store` = '成都'  AND `status` = '可用' [ RunTime:0.000617s ]
[ error ] [1]Maximum execution time of 30 seconds exceeded[E:\www\idatamind\application\common.php:90]
---------------------------------------------------------------
[ 2018-07-19T00:20:51+08:00 ] 127.0.0.1 GET /source?day=2018-07-11
[ info ] idatamind.com/source?day=2018-07-11 [运行时间：10.312552s][吞吐率：0.10req/s] [内存消耗：2,244.45kb] [文件加载：71]
[ info ] [ LANG ] E:\www\idatamind\thinkphp\lang\zh-cn.php
[ info ] [ ROUTE ] array (
  'rule' => 'source',
  'route' => 'admin/Index/source',
  'option' => 
  array (
    'merge_rule_regex' => false,
  ),
  'var' => 
  array (
  ),
)
[ info ] [ HEADER ] array (
  'cookie' => 'PHPSESSID=f7eiqnv8l8us6mma8il5fkkr06',
  'accept-language' => 'zh-CN,zh;q=0.9',
  'accept-encoding' => 'gzip, deflate',
  'accept' => 'text/html,application/xhtml+xml,application/xml;q=0.9,image/webp,image/apng,*/*;q=0.8',
  'user-agent' => 'Mozilla/5.0 (Windows NT 10.0; WOW64) AppleWebKit/537.36 (KHTML, like Gecko) Chrome/67.0.3396.87 Safari/537.36 OPR/54.0.2952.54',
  'upgrade-insecure-requests' => '1',
  'cache-control' => 'max-age=0',
  'connection' => 'close',
  'host' => 'idatamind.com',
)
[ info ] [ PARAM ] array (
  'day' => '2018-07-11',
)
[ info ] [ SESSION ] INIT array (
  'id' => '',
  'var_session_id' => '',
  'prefix' => 'think',
  'type' => '',
  'auto_start' => true,
  'httponly' => true,
  'secure' => false,
)
[ info ] [ DB ] INIT mysql
[ info ] [ VIEW ] E:\www\idatamind\application\admin\view\index\source.html [ array (
  0 => 'day',
  1 => 'hq',
  2 => 'wx',
  3 => 'sum',
  4 => 'result',
  5 => 'warning',
) ]
[ info ] [ LOG ] INIT File
[ sql ] [ DB ] CONNECT:[ UseTime:0.010610s ] mysql:host=127.0.0.1;dbname=idatamind;charset=utf8
[ sql ] [ SQL ] SHOW COLUMNS FROM `channel` [ RunTime:0.006569s ]
[ sql ] [ SQL ] SELECT `code` FROM `channel` WHERE  `store` = '成都'  AND `status` = '可用' [ RunTime:0.000398s ]
---------------------------------------------------------------
[ 2018-07-19T00:21:10+08:00 ] 127.0.0.1 GET /source
[ info ] idatamind.com/source [运行时间：7.266694s][吞吐率：0.14req/s] [内存消耗：2,197.70kb] [文件加载：72]
[ info ] [ LANG ] E:\www\idatamind\thinkphp\lang\zh-cn.php
[ info ] [ ROUTE ] array (
  'rule' => 'source',
  'route' => 'admin/Index/source',
  'option' => 
  array (
    'merge_rule_regex' => false,
  ),
  'var' => 
  array (
  ),
)
[ info ] [ HEADER ] array (
  'cookie' => 'PHPSESSID=f7eiqnv8l8us6mma8il5fkkr06',
  'accept-language' => 'zh-CN,zh;q=0.9',
  'accept-encoding' => 'gzip, deflate',
  'accept' => 'text/html,application/xhtml+xml,application/xml;q=0.9,image/webp,image/apng,*/*;q=0.8',
  'user-agent' => 'Mozilla/5.0 (Windows NT 10.0; WOW64) AppleWebKit/537.36 (KHTML, like Gecko) Chrome/67.0.3396.87 Safari/537.36 OPR/54.0.2952.54',
  'upgrade-insecure-requests' => '1',
  'connection' => 'close',
  'host' => 'idatamind.com',
)
[ info ] [ PARAM ] array (
)
[ info ] [ SESSION ] INIT array (
  'id' => '',
  'var_session_id' => '',
  'prefix' => 'think',
  'type' => '',
  'auto_start' => true,
  'httponly' => true,
  'secure' => false,
)
[ info ] [ DB ] INIT mysql
[ info ] [ LOG ] INIT File
[ sql ] [ DB ] CONNECT:[ UseTime:0.000802s ] mysql:host=127.0.0.1;dbname=idatamind;charset=utf8
[ sql ] [ SQL ] SHOW COLUMNS FROM `channel` [ RunTime:0.005748s ]
[ sql ] [ SQL ] SELECT `code` FROM `channel` WHERE  `store` = '成都'  AND `status` = '可用' [ RunTime:0.000405s ]
[ error ] [8]未定义数组索引: J1[E:\www\idatamind\application\admin\controller\Index.php:145]
---------------------------------------------------------------
[ 2018-07-19T00:21:39+08:00 ] 127.0.0.1 GET /channel.html?area=ya
[ info ] idatamind.com/channel.html?area=ya [运行时间：0.056116s][吞吐率：17.82req/s] [内存消耗：2,278.72kb] [文件加载：73]
[ info ] [ LANG ] E:\www\idatamind\thinkphp\lang\zh-cn.php
[ info ] [ ROUTE ] array (
  'rule' => 'channel',
  'route' => 'admin/Channel/index',
  'option' => 
  array (
    'merge_rule_regex' => false,
  ),
  'var' => 
  array (
  ),
)
[ info ] [ HEADER ] array (
  'cookie' => 'PHPSESSID=f7eiqnv8l8us6mma8il5fkkr06',
  'accept-language' => 'zh-CN,zh;q=0.9',
  'accept-encoding' => 'gzip, deflate',
  'referer' => 'http://idatamind.com/channel.html?area=cd',
  'accept' => 'text/html,application/xhtml+xml,application/xml;q=0.9,image/webp,image/apng,*/*;q=0.8',
  'user-agent' => 'Mozilla/5.0 (Windows NT 10.0; WOW64) AppleWebKit/537.36 (KHTML, like Gecko) Chrome/67.0.3396.87 Safari/537.36 OPR/54.0.2952.54',
  'upgrade-insecure-requests' => '1',
  'connection' => 'close',
  'host' => 'idatamind.com',
)
[ info ] [ PARAM ] array (
  'area' => 'ya',
)
[ info ] [ SESSION ] INIT array (
  'id' => '',
  'var_session_id' => '',
  'prefix' => 'think',
  'type' => '',
  'auto_start' => true,
  'httponly' => true,
  'secure' => false,
)
[ info ] [ DB ] INIT mysql
[ info ] [ VIEW ] E:\www\idatamind\application\admin\view\channel\index.html [ array (
  0 => 'list',
) ]
[ info ] [ LOG ] INIT File
[ sql ] [ DB ] CONNECT:[ UseTime:0.010391s ] mysql:host=127.0.0.1;dbname=idatamind;charset=utf8
[ sql ] [ SQL ] SHOW COLUMNS FROM `channel` [ RunTime:0.006597s ]
[ sql ] [ SQL ] SELECT * FROM `channel` WHERE  `store` = '雅安'  AND `status` = '可用' [ RunTime:0.000456s ]
---------------------------------------------------------------
[ 2018-07-19T00:24:43+08:00 ] 127.0.0.1 GET /source?day=2018-07-11?area=ms
[ info ] idatamind.com/source?day=2018-07-11?area=ms [运行时间：8.298998s][吞吐率：0.12req/s] [内存消耗：2,198.07kb] [文件加载：72]
[ info ] [ LANG ] E:\www\idatamind\thinkphp\lang\zh-cn.php
[ info ] [ ROUTE ] array (
  'rule' => 'source',
  'route' => 'admin/Index/source',
  'option' => 
  array (
    'merge_rule_regex' => false,
  ),
  'var' => 
  array (
  ),
)
[ info ] [ HEADER ] array (
  'cookie' => 'PHPSESSID=f7eiqnv8l8us6mma8il5fkkr06',
  'accept-language' => 'zh-CN,zh;q=0.9',
  'accept-encoding' => 'gzip, deflate',
  'accept' => 'text/html,application/xhtml+xml,application/xml;q=0.9,image/webp,image/apng,*/*;q=0.8',
  'user-agent' => 'Mozilla/5.0 (Windows NT 10.0; WOW64) AppleWebKit/537.36 (KHTML, like Gecko) Chrome/67.0.3396.87 Safari/537.36 OPR/54.0.2952.54',
  'upgrade-insecure-requests' => '1',
  'connection' => 'close',
  'host' => 'idatamind.com',
)
[ info ] [ PARAM ] array (
  'day' => '2018-07-11?area=ms',
)
[ info ] [ SESSION ] INIT array (
  'id' => '',
  'var_session_id' => '',
  'prefix' => 'think',
  'type' => '',
  'auto_start' => true,
  'httponly' => true,
  'secure' => false,
)
[ info ] [ DB ] INIT mysql
[ info ] [ LOG ] INIT File
[ sql ] [ DB ] CONNECT:[ UseTime:0.011044s ] mysql:host=127.0.0.1;dbname=idatamind;charset=utf8
[ sql ] [ SQL ] SHOW COLUMNS FROM `channel` [ RunTime:0.005676s ]
[ sql ] [ SQL ] SELECT `code` FROM `channel` WHERE  `store` = '成都'  AND `status` = '可用' [ RunTime:0.000409s ]
[ error ] [8]未定义数组索引: J1[E:\www\idatamind\application\admin\controller\Index.php:145]
---------------------------------------------------------------
[ 2018-07-19T00:25:23+08:00 ] 127.0.0.1 GET /source?day=2018-07-11
[ info ] idatamind.com/source?day=2018-07-11 [运行时间：34.290037s][吞吐率：0.03req/s] [内存消耗：2,209.63kb] [文件加载：72]
[ info ] [ LANG ] E:\www\idatamind\thinkphp\lang\zh-cn.php
[ info ] [ ROUTE ] array (
  'rule' => 'source',
  'route' => 'admin/Index/source',
  'option' => 
  array (
    'merge_rule_regex' => false,
  ),
  'var' => 
  array (
  ),
)
[ info ] [ HEADER ] array (
  'cookie' => 'PHPSESSID=f7eiqnv8l8us6mma8il5fkkr06',
  'accept-language' => 'zh-CN,zh;q=0.9',
  'accept-encoding' => 'gzip, deflate',
  'accept' => 'text/html,application/xhtml+xml,application/xml;q=0.9,image/webp,image/apng,*/*;q=0.8',
  'user-agent' => 'Mozilla/5.0 (Windows NT 10.0; WOW64) AppleWebKit/537.36 (KHTML, like Gecko) Chrome/67.0.3396.87 Safari/537.36 OPR/54.0.2952.54',
  'upgrade-insecure-requests' => '1',
  'connection' => 'close',
  'host' => 'idatamind.com',
)
[ info ] [ PARAM ] array (
  'day' => '2018-07-11',
)
[ info ] [ SESSION ] INIT array (
  'id' => '',
  'var_session_id' => '',
  'prefix' => 'think',
  'type' => '',
  'auto_start' => true,
  'httponly' => true,
  'secure' => false,
)
[ info ] [ DB ] INIT mysql
[ info ] [ LOG ] INIT File
[ sql ] [ DB ] CONNECT:[ UseTime:0.010372s ] mysql:host=127.0.0.1;dbname=idatamind;charset=utf8
[ sql ] [ SQL ] SHOW COLUMNS FROM `channel` [ RunTime:0.005796s ]
[ sql ] [ SQL ] SELECT `code` FROM `channel` WHERE  `store` = '成都'  AND `status` = '可用' [ RunTime:0.000484s ]
[ error ] [1]Maximum execution time of 30 seconds exceeded[E:\www\idatamind\application\common.php:90]
---------------------------------------------------------------
[ 2018-07-19T00:25:23+08:00 ] 127.0.0.1 GET /source?day=2018-07-13&area=ms
[ info ] idatamind.com/source?day=2018-07-13&area=ms [运行时间：30.010732s][吞吐率：0.03req/s] [内存消耗：2,212.50kb] [文件加载：72]
[ info ] [ LANG ] E:\www\idatamind\thinkphp\lang\zh-cn.php
[ info ] [ ROUTE ] array (
  'rule' => 'source',
  'route' => 'admin/Index/source',
  'option' => 
  array (
    'merge_rule_regex' => false,
  ),
  'var' => 
  array (
  ),
)
[ info ] [ HEADER ] array (
  'cookie' => 'PHPSESSID=f7eiqnv8l8us6mma8il5fkkr06',
  'accept-language' => 'zh-CN,zh;q=0.9',
  'accept-encoding' => 'gzip, deflate',
  'accept' => 'text/html,application/xhtml+xml,application/xml;q=0.9,image/webp,image/apng,*/*;q=0.8',
  'user-agent' => 'Mozilla/5.0 (Windows NT 10.0; WOW64) AppleWebKit/537.36 (KHTML, like Gecko) Chrome/67.0.3396.87 Safari/537.36 OPR/54.0.2952.54',
  'upgrade-insecure-requests' => '1',
  'connection' => 'close',
  'host' => 'idatamind.com',
)
[ info ] [ PARAM ] array (
  'day' => '2018-07-13',
  'area' => 'ms',
)
[ info ] [ SESSION ] INIT array (
  'id' => '',
  'var_session_id' => '',
  'prefix' => 'think',
  'type' => '',
  'auto_start' => true,
  'httponly' => true,
  'secure' => false,
)
[ info ] [ DB ] INIT mysql
[ info ] [ LOG ] INIT File
[ sql ] [ DB ] CONNECT:[ UseTime:0.002517s ] mysql:host=127.0.0.1;dbname=idatamind;charset=utf8
[ sql ] [ SQL ] SHOW COLUMNS FROM `channel` [ RunTime:0.013486s ]
[ sql ] [ SQL ] SELECT `code` FROM `channel` WHERE  `store` = '眉山'  AND `status` = '可用' [ RunTime:0.000856s ]
[ error ] [1]Maximum execution time of 30 seconds exceeded[E:\www\idatamind\application\common.php:90]
---------------------------------------------------------------
[ 2018-07-19T00:25:24+08:00 ] 127.0.0.1 GET /source?day=2018-07-11
[ info ] idatamind.com/source?day=2018-07-11 [运行时间：30.219060s][吞吐率：0.03req/s] [内存消耗：2,213.91kb] [文件加载：72]
[ info ] [ LANG ] E:\www\idatamind\thinkphp\lang\zh-cn.php
[ info ] [ ROUTE ] array (
  'rule' => 'source',
  'route' => 'admin/Index/source',
  'option' => 
  array (
    'merge_rule_regex' => false,
  ),
  'var' => 
  array (
  ),
)
[ info ] [ HEADER ] array (
  'cookie' => 'PHPSESSID=f7eiqnv8l8us6mma8il5fkkr06',
  'accept-language' => 'zh-CN,zh;q=0.9',
  'accept-encoding' => 'gzip, deflate',
  'accept' => 'text/html,application/xhtml+xml,application/xml;q=0.9,image/webp,image/apng,*/*;q=0.8',
  'user-agent' => 'Mozilla/5.0 (Windows NT 10.0; WOW64) AppleWebKit/537.36 (KHTML, like Gecko) Chrome/67.0.3396.87 Safari/537.36 OPR/54.0.2952.54',
  'upgrade-insecure-requests' => '1',
  'connection' => 'close',
  'host' => 'idatamind.com',
)
[ info ] [ PARAM ] array (
  'day' => '2018-07-11',
)
[ info ] [ SESSION ] INIT array (
  'id' => '',
  'var_session_id' => '',
  'prefix' => 'think',
  'type' => '',
  'auto_start' => true,
  'httponly' => true,
  'secure' => false,
)
[ info ] [ DB ] INIT mysql
[ info ] [ LOG ] INIT File
[ sql ] [ DB ] CONNECT:[ UseTime:0.001832s ] mysql:host=127.0.0.1;dbname=idatamind;charset=utf8
[ sql ] [ SQL ] SHOW COLUMNS FROM `channel` [ RunTime:0.006332s ]
[ sql ] [ SQL ] SELECT `code` FROM `channel` WHERE  `store` = '成都'  AND `status` = '可用' [ RunTime:0.000445s ]
[ error ] [1]Maximum execution time of 30 seconds exceeded[E:\www\idatamind\application\common.php:90]
---------------------------------------------------------------
[ 2018-07-19T00:25:30+08:00 ] 127.0.0.1 GET /source?day=2018-07-11&area=ms
[ info ] idatamind.com/source?day=2018-07-11&area=ms [运行时间：22.384347s][吞吐率：0.04req/s] [内存消耗：2,234.05kb] [文件加载：71]
[ info ] [ LANG ] E:\www\idatamind\thinkphp\lang\zh-cn.php
[ info ] [ ROUTE ] array (
  'rule' => 'source',
  'route' => 'admin/Index/source',
  'option' => 
  array (
    'merge_rule_regex' => false,
  ),
  'var' => 
  array (
  ),
)
[ info ] [ HEADER ] array (
  'cookie' => 'PHPSESSID=f7eiqnv8l8us6mma8il5fkkr06',
  'accept-language' => 'zh-CN,zh;q=0.9',
  'accept-encoding' => 'gzip, deflate',
  'accept' => 'text/html,application/xhtml+xml,application/xml;q=0.9,image/webp,image/apng,*/*;q=0.8',
  'user-agent' => 'Mozilla/5.0 (Windows NT 10.0; WOW64) AppleWebKit/537.36 (KHTML, like Gecko) Chrome/67.0.3396.87 Safari/537.36 OPR/54.0.2952.54',
  'upgrade-insecure-requests' => '1',
  'connection' => 'close',
  'host' => 'idatamind.com',
)
[ info ] [ PARAM ] array (
  'day' => '2018-07-11',
  'area' => 'ms',
)
[ info ] [ SESSION ] INIT array (
  'id' => '',
  'var_session_id' => '',
  'prefix' => 'think',
  'type' => '',
  'auto_start' => true,
  'httponly' => true,
  'secure' => false,
)
[ info ] [ DB ] INIT mysql
[ info ] [ VIEW ] E:\www\idatamind\application\admin\view\index\source.html [ array (
  0 => 'day',
  1 => 'hq',
  2 => 'wx',
  3 => 'sum',
  4 => 'result',
  5 => 'warning',
) ]
[ info ] [ LOG ] INIT File
[ sql ] [ DB ] CONNECT:[ UseTime:0.002637s ] mysql:host=127.0.0.1;dbname=idatamind;charset=utf8
[ sql ] [ SQL ] SHOW COLUMNS FROM `channel` [ RunTime:0.006840s ]
[ sql ] [ SQL ] SELECT `code` FROM `channel` WHERE  `store` = '眉山'  AND `status` = '可用' [ RunTime:0.000440s ]
---------------------------------------------------------------
[ 2018-07-19T00:34:33+08:00 ] 127.0.0.1 GET /source?
[ info ] idatamind.com/source? [运行时间：7.339626s][吞吐率：0.14req/s] [内存消耗：2,201.77kb] [文件加载：72]
[ info ] [ LANG ] E:\www\idatamind\thinkphp\lang\zh-cn.php
[ info ] [ ROUTE ] array (
  'rule' => 'source',
  'route' => 'admin/Index/source',
  'option' => 
  array (
    'merge_rule_regex' => false,
  ),
  'var' => 
  array (
  ),
)
[ info ] [ HEADER ] array (
  'cookie' => 'PHPSESSID=f7eiqnv8l8us6mma8il5fkkr06',
  'accept-language' => 'zh-CN,zh;q=0.9',
  'accept-encoding' => 'gzip, deflate',
  'accept' => 'text/html,application/xhtml+xml,application/xml;q=0.9,image/webp,image/apng,*/*;q=0.8',
  'user-agent' => 'Mozilla/5.0 (Windows NT 10.0; WOW64) AppleWebKit/537.36 (KHTML, like Gecko) Chrome/67.0.3396.87 Safari/537.36 OPR/54.0.2952.54',
  'upgrade-insecure-requests' => '1',
  'connection' => 'close',
  'host' => 'idatamind.com',
)
[ info ] [ PARAM ] array (
)
[ info ] [ SESSION ] INIT array (
  'id' => '',
  'var_session_id' => '',
  'prefix' => 'think',
  'type' => '',
  'auto_start' => true,
  'httponly' => true,
  'secure' => false,
)
[ info ] [ DB ] INIT mysql
[ info ] [ LOG ] INIT File
[ sql ] [ DB ] CONNECT:[ UseTime:0.001872s ] mysql:host=127.0.0.1;dbname=idatamind;charset=utf8
[ sql ] [ SQL ] SHOW COLUMNS FROM `channel` [ RunTime:0.008199s ]
[ sql ] [ SQL ] SELECT `code` FROM `channel` WHERE  `store` = '成都'  AND `status` = '可用' [ RunTime:0.000425s ]
[ error ] [8]未定义变量: warning[E:\www\idatamind\application\admin\controller\Index.php:159]
---------------------------------------------------------------
[ 2018-07-19T00:34:49+08:00 ] 127.0.0.1 GET /source
[ info ] idatamind.com/source [运行时间：10.155173s][吞吐率：0.10req/s] [内存消耗：2,201.56kb] [文件加载：72]
[ info ] [ LANG ] E:\www\idatamind\thinkphp\lang\zh-cn.php
[ info ] [ ROUTE ] array (
  'rule' => 'source',
  'route' => 'admin/Index/source',
  'option' => 
  array (
    'merge_rule_regex' => false,
  ),
  'var' => 
  array (
  ),
)
[ info ] [ HEADER ] array (
  'cookie' => 'PHPSESSID=f7eiqnv8l8us6mma8il5fkkr06',
  'accept-language' => 'zh-CN,zh;q=0.9',
  'accept-encoding' => 'gzip, deflate',
  'accept' => 'text/html,application/xhtml+xml,application/xml;q=0.9,image/webp,image/apng,*/*;q=0.8',
  'user-agent' => 'Mozilla/5.0 (Windows NT 10.0; WOW64) AppleWebKit/537.36 (KHTML, like Gecko) Chrome/67.0.3396.87 Safari/537.36 OPR/54.0.2952.54',
  'upgrade-insecure-requests' => '1',
  'connection' => 'close',
  'host' => 'idatamind.com',
)
[ info ] [ PARAM ] array (
)
[ info ] [ SESSION ] INIT array (
  'id' => '',
  'var_session_id' => '',
  'prefix' => 'think',
  'type' => '',
  'auto_start' => true,
  'httponly' => true,
  'secure' => false,
)
[ info ] [ DB ] INIT mysql
[ info ] [ LOG ] INIT File
[ sql ] [ DB ] CONNECT:[ UseTime:0.010642s ] mysql:host=127.0.0.1;dbname=idatamind;charset=utf8
[ sql ] [ SQL ] SHOW COLUMNS FROM `channel` [ RunTime:0.006997s ]
[ sql ] [ SQL ] SELECT `code` FROM `channel` WHERE  `store` = '成都'  AND `status` = '可用' [ RunTime:0.000422s ]
[ error ] [8]未定义变量: warning[E:\www\idatamind\application\admin\controller\Index.php:159]
---------------------------------------------------------------
[ 2018-07-19T00:35:53+08:00 ] 127.0.0.1 GET /source
[ info ] idatamind.com/source [运行时间：7.110184s][吞吐率：0.14req/s] [内存消耗：2,202.06kb] [文件加载：72]
[ info ] [ LANG ] E:\www\idatamind\thinkphp\lang\zh-cn.php
[ info ] [ ROUTE ] array (
  'rule' => 'source',
  'route' => 'admin/Index/source',
  'option' => 
  array (
    'merge_rule_regex' => false,
  ),
  'var' => 
  array (
  ),
)
[ info ] [ HEADER ] array (
  'cookie' => 'PHPSESSID=f7eiqnv8l8us6mma8il5fkkr06',
  'accept-language' => 'zh-CN,zh;q=0.9',
  'accept-encoding' => 'gzip, deflate',
  'accept' => 'text/html,application/xhtml+xml,application/xml;q=0.9,image/webp,image/apng,*/*;q=0.8',
  'user-agent' => 'Mozilla/5.0 (Windows NT 10.0; WOW64) AppleWebKit/537.36 (KHTML, like Gecko) Chrome/67.0.3396.87 Safari/537.36 OPR/54.0.2952.54',
  'upgrade-insecure-requests' => '1',
  'cache-control' => 'max-age=0',
  'connection' => 'close',
  'host' => 'idatamind.com',
)
[ info ] [ PARAM ] array (
)
[ info ] [ SESSION ] INIT array (
  'id' => '',
  'var_session_id' => '',
  'prefix' => 'think',
  'type' => '',
  'auto_start' => true,
  'httponly' => true,
  'secure' => false,
)
[ info ] [ DB ] INIT mysql
[ info ] [ LOG ] INIT File
[ sql ] [ DB ] CONNECT:[ UseTime:0.010401s ] mysql:host=127.0.0.1;dbname=idatamind;charset=utf8
[ sql ] [ SQL ] SHOW COLUMNS FROM `channel` [ RunTime:0.005884s ]
[ sql ] [ SQL ] SELECT `code` FROM `channel` WHERE  `store` = '成都'  AND `status` = '可用' [ RunTime:0.000426s ]
[ error ] [8]未定义变量: warning[E:\www\idatamind\application\admin\controller\Index.php:159]
---------------------------------------------------------------
[ 2018-07-19T00:36:22+08:00 ] 127.0.0.1 GET /source
[ info ] idatamind.com/source [运行时间：26.987718s][吞吐率：0.04req/s] [内存消耗：2,202.12kb] [文件加载：72]
[ info ] [ LANG ] E:\www\idatamind\thinkphp\lang\zh-cn.php
[ info ] [ ROUTE ] array (
  'rule' => 'source',
  'route' => 'admin/Index/source',
  'option' => 
  array (
    'merge_rule_regex' => false,
  ),
  'var' => 
  array (
  ),
)
[ info ] [ HEADER ] array (
  'cookie' => 'PHPSESSID=f7eiqnv8l8us6mma8il5fkkr06',
  'accept-language' => 'zh-CN,zh;q=0.9',
  'accept-encoding' => 'gzip, deflate',
  'accept' => 'text/html,application/xhtml+xml,application/xml;q=0.9,image/webp,image/apng,*/*;q=0.8',
  'user-agent' => 'Mozilla/5.0 (Windows NT 10.0; WOW64) AppleWebKit/537.36 (KHTML, like Gecko) Chrome/67.0.3396.87 Safari/537.36 OPR/54.0.2952.54',
  'upgrade-insecure-requests' => '1',
  'cache-control' => 'max-age=0',
  'connection' => 'close',
  'host' => 'idatamind.com',
)
[ info ] [ PARAM ] array (
)
[ info ] [ SESSION ] INIT array (
  'id' => '',
  'var_session_id' => '',
  'prefix' => 'think',
  'type' => '',
  'auto_start' => true,
  'httponly' => true,
  'secure' => false,
)
[ info ] [ DB ] INIT mysql
[ info ] [ LOG ] INIT File
[ sql ] [ DB ] CONNECT:[ UseTime:0.000775s ] mysql:host=127.0.0.1;dbname=idatamind;charset=utf8
[ sql ] [ SQL ] SHOW COLUMNS FROM `channel` [ RunTime:0.006700s ]
[ sql ] [ SQL ] SELECT `code` FROM `channel` WHERE  `store` = '成都'  AND `status` = '可用' [ RunTime:0.000406s ]
[ error ] [8]未定义变量: warning[E:\www\idatamind\application\admin\controller\Index.php:159]
---------------------------------------------------------------
[ 2018-07-19T00:36:44+08:00 ] 127.0.0.1 GET /source
[ info ] idatamind.com/source [运行时间：7.247017s][吞吐率：0.14req/s] [内存消耗：2,201.95kb] [文件加载：72]
[ info ] [ LANG ] E:\www\idatamind\thinkphp\lang\zh-cn.php
[ info ] [ ROUTE ] array (
  'rule' => 'source',
  'route' => 'admin/Index/source',
  'option' => 
  array (
    'merge_rule_regex' => false,
  ),
  'var' => 
  array (
  ),
)
[ info ] [ HEADER ] array (
  'cookie' => 'PHPSESSID=f7eiqnv8l8us6mma8il5fkkr06',
  'accept-language' => 'zh-CN,zh;q=0.9',
  'accept-encoding' => 'gzip, deflate',
  'accept' => 'text/html,application/xhtml+xml,application/xml;q=0.9,image/webp,image/apng,*/*;q=0.8',
  'user-agent' => 'Mozilla/5.0 (Windows NT 10.0; WOW64) AppleWebKit/537.36 (KHTML, like Gecko) Chrome/67.0.3396.87 Safari/537.36 OPR/54.0.2952.54',
  'upgrade-insecure-requests' => '1',
  'cache-control' => 'max-age=0',
  'connection' => 'close',
  'host' => 'idatamind.com',
)
[ info ] [ PARAM ] array (
)
[ info ] [ SESSION ] INIT array (
  'id' => '',
  'var_session_id' => '',
  'prefix' => 'think',
  'type' => '',
  'auto_start' => true,
  'httponly' => true,
  'secure' => false,
)
[ info ] [ DB ] INIT mysql
[ info ] [ LOG ] INIT File
[ sql ] [ DB ] CONNECT:[ UseTime:0.010489s ] mysql:host=127.0.0.1;dbname=idatamind;charset=utf8
[ sql ] [ SQL ] SHOW COLUMNS FROM `channel` [ RunTime:0.006191s ]
[ sql ] [ SQL ] SELECT `code` FROM `channel` WHERE  `store` = '成都'  AND `status` = '可用' [ RunTime:0.000496s ]
[ error ] [8]未定义变量: warning[E:\www\idatamind\application\admin\controller\Index.php:159]
---------------------------------------------------------------
[ 2018-07-19T00:37:38+08:00 ] 127.0.0.1 GET /source
[ info ] idatamind.com/source [运行时间：26.148088s][吞吐率：0.04req/s] [内存消耗：2,262.73kb] [文件加载：76]
[ info ] [ LANG ] E:\www\idatamind\thinkphp\lang\zh-cn.php
[ info ] [ ROUTE ] array (
  'rule' => 'source',
  'route' => 'admin/Index/source',
  'option' => 
  array (
    'merge_rule_regex' => false,
  ),
  'var' => 
  array (
  ),
)
[ info ] [ HEADER ] array (
  'cookie' => 'PHPSESSID=f7eiqnv8l8us6mma8il5fkkr06',
  'accept-language' => 'zh-CN,zh;q=0.9',
  'accept-encoding' => 'gzip, deflate',
  'accept' => 'text/html,application/xhtml+xml,application/xml;q=0.9,image/webp,image/apng,*/*;q=0.8',
  'user-agent' => 'Mozilla/5.0 (Windows NT 10.0; WOW64) AppleWebKit/537.36 (KHTML, like Gecko) Chrome/67.0.3396.87 Safari/537.36 OPR/54.0.2952.54',
  'upgrade-insecure-requests' => '1',
  'cache-control' => 'max-age=0',
  'connection' => 'close',
  'host' => 'idatamind.com',
)
[ info ] [ PARAM ] array (
)
[ info ] [ SESSION ] INIT array (
  'id' => '',
  'var_session_id' => '',
  'prefix' => 'think',
  'type' => '',
  'auto_start' => true,
  'httponly' => true,
  'secure' => false,
)
[ info ] [ DB ] INIT mysql
[ info ] [ VIEW ] E:\www\idatamind\application\admin\view\index\source.html [ array (
  0 => 'day',
  1 => 'hq',
  2 => 'wx',
  3 => 'sum',
  4 => 'result',
) ]
[ info ] [ LOG ] INIT File
[ sql ] [ DB ] CONNECT:[ UseTime:0.010455s ] mysql:host=127.0.0.1;dbname=idatamind;charset=utf8
[ sql ] [ SQL ] SHOW COLUMNS FROM `channel` [ RunTime:0.006430s ]
[ sql ] [ SQL ] SELECT `code` FROM `channel` WHERE  `store` = '成都'  AND `status` = '可用' [ RunTime:0.000418s ]
[ error ] [2]Invalid argument supplied for foreach()[E:\www\idatamind\runtime\temp\e5c0bf98f1667339b6085c94b153429c.php:373]
---------------------------------------------------------------
[ 2018-07-19T00:39:25+08:00 ] 127.0.0.1 GET /channel.html?area=ya
[ info ] idatamind.com/channel.html?area=ya [运行时间：0.058346s][吞吐率：17.14req/s] [内存消耗：2,279.16kb] [文件加载：73]
[ info ] [ LANG ] E:\www\idatamind\thinkphp\lang\zh-cn.php
[ info ] [ ROUTE ] array (
  'rule' => 'channel',
  'route' => 'admin/Channel/index',
  'option' => 
  array (
    'merge_rule_regex' => false,
  ),
  'var' => 
  array (
  ),
)
[ info ] [ HEADER ] array (
  'cookie' => 'PHPSESSID=f7eiqnv8l8us6mma8il5fkkr06',
  'accept-language' => 'zh-CN,zh;q=0.9',
  'accept-encoding' => 'gzip, deflate',
  'referer' => 'http://idatamind.com/channel.html?area=cd',
  'accept' => 'text/html,application/xhtml+xml,application/xml;q=0.9,image/webp,image/apng,*/*;q=0.8',
  'user-agent' => 'Mozilla/5.0 (Windows NT 10.0; WOW64) AppleWebKit/537.36 (KHTML, like Gecko) Chrome/67.0.3396.87 Safari/537.36 OPR/54.0.2952.54',
  'upgrade-insecure-requests' => '1',
  'cache-control' => 'max-age=0',
  'connection' => 'close',
  'host' => 'idatamind.com',
)
[ info ] [ PARAM ] array (
  'area' => 'ya',
)
[ info ] [ SESSION ] INIT array (
  'id' => '',
  'var_session_id' => '',
  'prefix' => 'think',
  'type' => '',
  'auto_start' => true,
  'httponly' => true,
  'secure' => false,
)
[ info ] [ DB ] INIT mysql
[ info ] [ VIEW ] E:\www\idatamind\application\admin\view\channel\index.html [ array (
  0 => 'list',
) ]
[ info ] [ LOG ] INIT File
[ sql ] [ DB ] CONNECT:[ UseTime:0.010328s ] mysql:host=127.0.0.1;dbname=idatamind;charset=utf8
[ sql ] [ SQL ] SHOW COLUMNS FROM `channel` [ RunTime:0.006742s ]
[ sql ] [ SQL ] SELECT * FROM `channel` WHERE  `store` = '雅安'  AND `status` = '可用' [ RunTime:0.000544s ]
---------------------------------------------------------------
[ 2018-07-19T00:42:52+08:00 ] 127.0.0.1 GET /source
[ info ] idatamind.com/source [运行时间：7.100555s][吞吐率：0.14req/s] [内存消耗：2,201.80kb] [文件加载：72]
[ info ] [ LANG ] E:\www\idatamind\thinkphp\lang\zh-cn.php
[ info ] [ ROUTE ] array (
  'rule' => 'source',
  'route' => 'admin/Index/source',
  'option' => 
  array (
    'merge_rule_regex' => false,
  ),
  'var' => 
  array (
  ),
)
[ info ] [ HEADER ] array (
  'cookie' => 'PHPSESSID=f7eiqnv8l8us6mma8il5fkkr06',
  'accept-language' => 'zh-CN,zh;q=0.9',
  'accept-encoding' => 'gzip, deflate',
  'accept' => 'text/html,application/xhtml+xml,application/xml;q=0.9,image/webp,image/apng,*/*;q=0.8',
  'user-agent' => 'Mozilla/5.0 (Windows NT 10.0; WOW64) AppleWebKit/537.36 (KHTML, like Gecko) Chrome/67.0.3396.87 Safari/537.36 OPR/54.0.2952.54',
  'upgrade-insecure-requests' => '1',
  'cache-control' => 'max-age=0',
  'connection' => 'close',
  'host' => 'idatamind.com',
)
[ info ] [ PARAM ] array (
)
[ info ] [ SESSION ] INIT array (
  'id' => '',
  'var_session_id' => '',
  'prefix' => 'think',
  'type' => '',
  'auto_start' => true,
  'httponly' => true,
  'secure' => false,
)
[ info ] [ DB ] INIT mysql
[ info ] [ LOG ] INIT File
[ sql ] [ DB ] CONNECT:[ UseTime:0.010903s ] mysql:host=127.0.0.1;dbname=idatamind;charset=utf8
[ sql ] [ SQL ] SHOW COLUMNS FROM `channel` [ RunTime:0.006158s ]
[ sql ] [ SQL ] SELECT `code` FROM `channel` WHERE  `store` = '成都'  AND `status` = '可用' [ RunTime:0.000463s ]
[ error ] [8]未定义变量: warning[E:\www\idatamind\application\admin\controller\Index.php:159]
---------------------------------------------------------------
[ 2018-07-19T00:43:14+08:00 ] 127.0.0.1 GET /source
[ info ] idatamind.com/source [运行时间：7.300985s][吞吐率：0.14req/s] [内存消耗：2,395.79kb] [文件加载：73]
[ info ] [ LANG ] E:\www\idatamind\thinkphp\lang\zh-cn.php
[ info ] [ ROUTE ] array (
  'rule' => 'source',
  'route' => 'admin/Index/source',
  'option' => 
  array (
    'merge_rule_regex' => false,
  ),
  'var' => 
  array (
  ),
)
[ info ] [ HEADER ] array (
  'cookie' => 'PHPSESSID=f7eiqnv8l8us6mma8il5fkkr06',
  'accept-language' => 'zh-CN,zh;q=0.9',
  'accept-encoding' => 'gzip, deflate',
  'accept' => 'text/html,application/xhtml+xml,application/xml;q=0.9,image/webp,image/apng,*/*;q=0.8',
  'user-agent' => 'Mozilla/5.0 (Windows NT 10.0; WOW64) AppleWebKit/537.36 (KHTML, like Gecko) Chrome/67.0.3396.87 Safari/537.36 OPR/54.0.2952.54',
  'upgrade-insecure-requests' => '1',
  'cache-control' => 'max-age=0',
  'connection' => 'close',
  'host' => 'idatamind.com',
)
[ info ] [ PARAM ] array (
)
[ info ] [ SESSION ] INIT array (
  'id' => '',
  'var_session_id' => '',
  'prefix' => 'think',
  'type' => '',
  'auto_start' => true,
  'httponly' => true,
  'secure' => false,
)
[ info ] [ DB ] INIT mysql
[ info ] [ VIEW ] E:\www\idatamind\application\admin\view\index\source.html [ array (
  0 => 'day',
  1 => 'hq',
  2 => 'wx',
  3 => 'sum',
  4 => 'result',
) ]
[ info ] [ LOG ] INIT File
[ sql ] [ DB ] CONNECT:[ UseTime:0.000753s ] mysql:host=127.0.0.1;dbname=idatamind;charset=utf8
[ sql ] [ SQL ] SHOW COLUMNS FROM `channel` [ RunTime:0.005849s ]
[ sql ] [ SQL ] SELECT `code` FROM `channel` WHERE  `store` = '成都'  AND `status` = '可用' [ RunTime:0.000404s ]
---------------------------------------------------------------
[ 2018-07-19T00:45:20+08:00 ] 127.0.0.1 GET /source
[ info ] idatamind.com/source [运行时间：7.828976s][吞吐率：0.13req/s] [内存消耗：2,233.05kb] [文件加载：71]
[ info ] [ LANG ] E:\www\idatamind\thinkphp\lang\zh-cn.php
[ info ] [ ROUTE ] array (
  'rule' => 'source',
  'route' => 'admin/Index/source',
  'option' => 
  array (
    'merge_rule_regex' => false,
  ),
  'var' => 
  array (
  ),
)
[ info ] [ HEADER ] array (
  'cookie' => 'PHPSESSID=f7eiqnv8l8us6mma8il5fkkr06',
  'accept-language' => 'zh-CN,zh;q=0.9',
  'accept-encoding' => 'gzip, deflate',
  'accept' => 'text/html,application/xhtml+xml,application/xml;q=0.9,image/webp,image/apng,*/*;q=0.8',
  'user-agent' => 'Mozilla/5.0 (Windows NT 10.0; WOW64) AppleWebKit/537.36 (KHTML, like Gecko) Chrome/67.0.3396.87 Safari/537.36 OPR/54.0.2952.54',
  'upgrade-insecure-requests' => '1',
  'cache-control' => 'max-age=0',
  'connection' => 'close',
  'host' => 'idatamind.com',
)
[ info ] [ PARAM ] array (
)
[ info ] [ SESSION ] INIT array (
  'id' => '',
  'var_session_id' => '',
  'prefix' => 'think',
  'type' => '',
  'auto_start' => true,
  'httponly' => true,
  'secure' => false,
)
[ info ] [ DB ] INIT mysql
[ info ] [ VIEW ] E:\www\idatamind\application\admin\view\index\source.html [ array (
  0 => 'day',
  1 => 'hq',
  2 => 'wx',
  3 => 'sum',
  4 => 'result',
) ]
[ info ] [ LOG ] INIT File
[ sql ] [ DB ] CONNECT:[ UseTime:0.010203s ] mysql:host=127.0.0.1;dbname=idatamind;charset=utf8
[ sql ] [ SQL ] SHOW COLUMNS FROM `channel` [ RunTime:0.005891s ]
[ sql ] [ SQL ] SELECT `code` FROM `channel` WHERE  `store` = '成都'  AND `status` = '可用' [ RunTime:0.000448s ]
---------------------------------------------------------------
[ 2018-07-19T00:45:33+08:00 ] 127.0.0.1 GET /source
[ info ] idatamind.com/source [运行时间：7.087234s][吞吐率：0.14req/s] [内存消耗：2,233.05kb] [文件加载：71]
[ info ] [ LANG ] E:\www\idatamind\thinkphp\lang\zh-cn.php
[ info ] [ ROUTE ] array (
  'rule' => 'source',
  'route' => 'admin/Index/source',
  'option' => 
  array (
    'merge_rule_regex' => false,
  ),
  'var' => 
  array (
  ),
)
[ info ] [ HEADER ] array (
  'cookie' => 'PHPSESSID=f7eiqnv8l8us6mma8il5fkkr06',
  'accept-language' => 'zh-CN,zh;q=0.9',
  'accept-encoding' => 'gzip, deflate',
  'accept' => 'text/html,application/xhtml+xml,application/xml;q=0.9,image/webp,image/apng,*/*;q=0.8',
  'user-agent' => 'Mozilla/5.0 (Windows NT 10.0; WOW64) AppleWebKit/537.36 (KHTML, like Gecko) Chrome/67.0.3396.87 Safari/537.36 OPR/54.0.2952.54',
  'upgrade-insecure-requests' => '1',
  'cache-control' => 'max-age=0',
  'connection' => 'close',
  'host' => 'idatamind.com',
)
[ info ] [ PARAM ] array (
)
[ info ] [ SESSION ] INIT array (
  'id' => '',
  'var_session_id' => '',
  'prefix' => 'think',
  'type' => '',
  'auto_start' => true,
  'httponly' => true,
  'secure' => false,
)
[ info ] [ DB ] INIT mysql
[ info ] [ VIEW ] E:\www\idatamind\application\admin\view\index\source.html [ array (
  0 => 'day',
  1 => 'hq',
  2 => 'wx',
  3 => 'sum',
  4 => 'result',
) ]
[ info ] [ LOG ] INIT File
[ sql ] [ DB ] CONNECT:[ UseTime:0.010953s ] mysql:host=127.0.0.1;dbname=idatamind;charset=utf8
[ sql ] [ SQL ] SHOW COLUMNS FROM `channel` [ RunTime:0.005629s ]
[ sql ] [ SQL ] SELECT `code` FROM `channel` WHERE  `store` = '成都'  AND `status` = '可用' [ RunTime:0.000562s ]
---------------------------------------------------------------
[ 2018-07-19T00:46:11+08:00 ] 127.0.0.1 GET /source?day=2018-07-11
[ info ] idatamind.com/source?day=2018-07-11 [运行时间：30.222664s][吞吐率：0.03req/s] [内存消耗：2,215.98kb] [文件加载：72]
[ info ] [ LANG ] E:\www\idatamind\thinkphp\lang\zh-cn.php
[ info ] [ ROUTE ] array (
  'rule' => 'source',
  'route' => 'admin/Index/source',
  'option' => 
  array (
    'merge_rule_regex' => false,
  ),
  'var' => 
  array (
  ),
)
[ info ] [ HEADER ] array (
  'cookie' => 'PHPSESSID=f7eiqnv8l8us6mma8il5fkkr06',
  'accept-language' => 'zh-CN,zh;q=0.9',
  'accept-encoding' => 'gzip, deflate',
  'accept' => 'text/html,application/xhtml+xml,application/xml;q=0.9,image/webp,image/apng,*/*;q=0.8',
  'user-agent' => 'Mozilla/5.0 (Windows NT 10.0; WOW64) AppleWebKit/537.36 (KHTML, like Gecko) Chrome/67.0.3396.87 Safari/537.36 OPR/54.0.2952.54',
  'upgrade-insecure-requests' => '1',
  'connection' => 'close',
  'host' => 'idatamind.com',
)
[ info ] [ PARAM ] array (
  'day' => '2018-07-11',
)
[ info ] [ SESSION ] INIT array (
  'id' => '',
  'var_session_id' => '',
  'prefix' => 'think',
  'type' => '',
  'auto_start' => true,
  'httponly' => true,
  'secure' => false,
)
[ info ] [ DB ] INIT mysql
[ info ] [ LOG ] INIT File
[ sql ] [ DB ] CONNECT:[ UseTime:0.010384s ] mysql:host=127.0.0.1;dbname=idatamind;charset=utf8
[ sql ] [ SQL ] SHOW COLUMNS FROM `channel` [ RunTime:0.006740s ]
[ sql ] [ SQL ] SELECT `code` FROM `channel` WHERE  `store` = '成都'  AND `status` = '可用' [ RunTime:0.000425s ]
[ error ] [1]Maximum execution time of 30 seconds exceeded[E:\www\idatamind\application\common.php:90]
---------------------------------------------------------------
[ 2018-07-19T00:46:44+08:00 ] 127.0.0.1 GET /source?day=2018-07-11
[ info ] idatamind.com/source?day=2018-07-11 [运行时间：29.009372s][吞吐率：0.03req/s] [内存消耗：2,244.15kb] [文件加载：71]
[ info ] [ LANG ] E:\www\idatamind\thinkphp\lang\zh-cn.php
[ info ] [ ROUTE ] array (
  'rule' => 'source',
  'route' => 'admin/Index/source',
  'option' => 
  array (
    'merge_rule_regex' => false,
  ),
  'var' => 
  array (
  ),
)
[ info ] [ HEADER ] array (
  'cookie' => 'PHPSESSID=f7eiqnv8l8us6mma8il5fkkr06',
  'accept-language' => 'zh-CN,zh;q=0.9',
  'accept-encoding' => 'gzip, deflate',
  'accept' => 'text/html,application/xhtml+xml,application/xml;q=0.9,image/webp,image/apng,*/*;q=0.8',
  'user-agent' => 'Mozilla/5.0 (Windows NT 10.0; WOW64) AppleWebKit/537.36 (KHTML, like Gecko) Chrome/67.0.3396.87 Safari/537.36 OPR/54.0.2952.54',
  'upgrade-insecure-requests' => '1',
  'cache-control' => 'max-age=0',
  'connection' => 'close',
  'host' => 'idatamind.com',
)
[ info ] [ PARAM ] array (
  'day' => '2018-07-11',
)
[ info ] [ SESSION ] INIT array (
  'id' => '',
  'var_session_id' => '',
  'prefix' => 'think',
  'type' => '',
  'auto_start' => true,
  'httponly' => true,
  'secure' => false,
)
[ info ] [ DB ] INIT mysql
[ info ] [ VIEW ] E:\www\idatamind\application\admin\view\index\source.html [ array (
  0 => 'day',
  1 => 'hq',
  2 => 'wx',
  3 => 'sum',
  4 => 'result',
) ]
[ info ] [ LOG ] INIT File
[ sql ] [ DB ] CONNECT:[ UseTime:0.010498s ] mysql:host=127.0.0.1;dbname=idatamind;charset=utf8
[ sql ] [ SQL ] SHOW COLUMNS FROM `channel` [ RunTime:0.005600s ]
[ sql ] [ SQL ] SELECT `code` FROM `channel` WHERE  `store` = '成都'  AND `status` = '可用' [ RunTime:0.000783s ]
---------------------------------------------------------------
[ 2018-07-19T00:48:11+08:00 ] 127.0.0.1 GET /channel.html?area=cd
[ info ] idatamind.com/channel.html?area=cd [运行时间：0.061888s][吞吐率：16.16req/s] [内存消耗：2,293.74kb] [文件加载：73]
[ info ] [ LANG ] E:\www\idatamind\thinkphp\lang\zh-cn.php
[ info ] [ ROUTE ] array (
  'rule' => 'channel',
  'route' => 'admin/Channel/index',
  'option' => 
  array (
    'merge_rule_regex' => false,
  ),
  'var' => 
  array (
  ),
)
[ info ] [ HEADER ] array (
  'cookie' => 'PHPSESSID=f7eiqnv8l8us6mma8il5fkkr06',
  'accept-language' => 'zh-CN,zh;q=0.9',
  'accept-encoding' => 'gzip, deflate',
  'referer' => 'http://idatamind.com/channel.html?area=ya',
  'accept' => 'text/html,application/xhtml+xml,application/xml;q=0.9,image/webp,image/apng,*/*;q=0.8',
  'user-agent' => 'Mozilla/5.0 (Windows NT 10.0; WOW64) AppleWebKit/537.36 (KHTML, like Gecko) Chrome/67.0.3396.87 Safari/537.36 OPR/54.0.2952.54',
  'upgrade-insecure-requests' => '1',
  'connection' => 'close',
  'host' => 'idatamind.com',
)
[ info ] [ PARAM ] array (
  'area' => 'cd',
)
[ info ] [ SESSION ] INIT array (
  'id' => '',
  'var_session_id' => '',
  'prefix' => 'think',
  'type' => '',
  'auto_start' => true,
  'httponly' => true,
  'secure' => false,
)
[ info ] [ DB ] INIT mysql
[ info ] [ VIEW ] E:\www\idatamind\application\admin\view\channel\index.html [ array (
  0 => 'list',
) ]
[ info ] [ LOG ] INIT File
[ sql ] [ DB ] CONNECT:[ UseTime:0.001774s ] mysql:host=127.0.0.1;dbname=idatamind;charset=utf8
[ sql ] [ SQL ] SHOW COLUMNS FROM `channel` [ RunTime:0.006200s ]
[ sql ] [ SQL ] SELECT * FROM `channel` WHERE  `store` = '成都'  AND `status` = '可用' [ RunTime:0.000419s ]
---------------------------------------------------------------
[ 2018-07-19T00:48:29+08:00 ] 127.0.0.1 GET /source?day=2018-07-19
[ info ] idatamind.com/source?day=2018-07-19 [运行时间：7.600519s][吞吐率：0.13req/s] [内存消耗：2,233.38kb] [文件加载：71]
[ info ] [ LANG ] E:\www\idatamind\thinkphp\lang\zh-cn.php
[ info ] [ ROUTE ] array (
  'rule' => 'source',
  'route' => 'admin/Index/source',
  'option' => 
  array (
    'merge_rule_regex' => false,
  ),
  'var' => 
  array (
  ),
)
[ info ] [ HEADER ] array (
  'cookie' => 'PHPSESSID=f7eiqnv8l8us6mma8il5fkkr06',
  'accept-language' => 'zh-CN,zh;q=0.9',
  'accept-encoding' => 'gzip, deflate',
  'accept' => 'text/html,application/xhtml+xml,application/xml;q=0.9,image/webp,image/apng,*/*;q=0.8',
  'user-agent' => 'Mozilla/5.0 (Windows NT 10.0; WOW64) AppleWebKit/537.36 (KHTML, like Gecko) Chrome/67.0.3396.87 Safari/537.36 OPR/54.0.2952.54',
  'upgrade-insecure-requests' => '1',
  'connection' => 'close',
  'host' => 'idatamind.com',
)
[ info ] [ PARAM ] array (
  'day' => '2018-07-19',
)
[ info ] [ SESSION ] INIT array (
  'id' => '',
  'var_session_id' => '',
  'prefix' => 'think',
  'type' => '',
  'auto_start' => true,
  'httponly' => true,
  'secure' => false,
)
[ info ] [ DB ] INIT mysql
[ info ] [ VIEW ] E:\www\idatamind\application\admin\view\index\source.html [ array (
  0 => 'day',
  1 => 'hq',
  2 => 'wx',
  3 => 'sum',
  4 => 'result',
) ]
[ info ] [ LOG ] INIT File
[ sql ] [ DB ] CONNECT:[ UseTime:0.011280s ] mysql:host=127.0.0.1;dbname=idatamind;charset=utf8
[ sql ] [ SQL ] SHOW COLUMNS FROM `channel` [ RunTime:0.005669s ]
[ sql ] [ SQL ] SELECT `code` FROM `channel` WHERE  `store` = '成都'  AND `status` = '可用' [ RunTime:0.000388s ]
---------------------------------------------------------------
[ 2018-07-19T00:49:36+08:00 ] 127.0.0.1 GET /source?day=2018-07-19
[ info ] idatamind.com/source?day=2018-07-19 [运行时间：11.356163s][吞吐率：0.09req/s] [内存消耗：2,233.71kb] [文件加载：71]
[ info ] [ LANG ] E:\www\idatamind\thinkphp\lang\zh-cn.php
[ info ] [ ROUTE ] array (
  'rule' => 'source',
  'route' => 'admin/Index/source',
  'option' => 
  array (
    'merge_rule_regex' => false,
  ),
  'var' => 
  array (
  ),
)
[ info ] [ HEADER ] array (
  'cookie' => 'PHPSESSID=f7eiqnv8l8us6mma8il5fkkr06',
  'accept-language' => 'zh-CN,zh;q=0.9',
  'accept-encoding' => 'gzip, deflate',
  'accept' => 'text/html,application/xhtml+xml,application/xml;q=0.9,image/webp,image/apng,*/*;q=0.8',
  'user-agent' => 'Mozilla/5.0 (Windows NT 10.0; WOW64) AppleWebKit/537.36 (KHTML, like Gecko) Chrome/67.0.3396.87 Safari/537.36 OPR/54.0.2952.54',
  'upgrade-insecure-requests' => '1',
  'cache-control' => 'max-age=0',
  'connection' => 'close',
  'host' => 'idatamind.com',
)
[ info ] [ PARAM ] array (
  'day' => '2018-07-19',
)
[ info ] [ SESSION ] INIT array (
  'id' => '',
  'var_session_id' => '',
  'prefix' => 'think',
  'type' => '',
  'auto_start' => true,
  'httponly' => true,
  'secure' => false,
)
[ info ] [ DB ] INIT mysql
[ info ] [ VIEW ] E:\www\idatamind\application\admin\view\index\source.html [ array (
  0 => 'day',
  1 => 'hq',
  2 => 'wx',
  3 => 'sum',
  4 => 'result',
) ]
[ info ] [ LOG ] INIT File
[ sql ] [ DB ] CONNECT:[ UseTime:0.001242s ] mysql:host=127.0.0.1;dbname=idatamind;charset=utf8
[ sql ] [ SQL ] SHOW COLUMNS FROM `channel` [ RunTime:0.006016s ]
[ sql ] [ SQL ] SELECT `code` FROM `channel` WHERE  `store` = '成都'  AND `status` = '可用' [ RunTime:0.000445s ]
---------------------------------------------------------------
[ 2018-07-19T00:51:53+08:00 ] 127.0.0.1 GET /source?day=2018-07-19
[ info ] idatamind.com/source?day=2018-07-19 [运行时间：7.274231s][吞吐率：0.14req/s] [内存消耗：2,198.04kb] [文件加载：72]
[ info ] [ LANG ] E:\www\idatamind\thinkphp\lang\zh-cn.php
[ info ] [ ROUTE ] array (
  'rule' => 'source',
  'route' => 'admin/Index/source',
  'option' => 
  array (
    'merge_rule_regex' => false,
  ),
  'var' => 
  array (
  ),
)
[ info ] [ HEADER ] array (
  'cookie' => 'PHPSESSID=f7eiqnv8l8us6mma8il5fkkr06',
  'accept-language' => 'zh-CN,zh;q=0.9',
  'accept-encoding' => 'gzip, deflate',
  'accept' => 'text/html,application/xhtml+xml,application/xml;q=0.9,image/webp,image/apng,*/*;q=0.8',
  'user-agent' => 'Mozilla/5.0 (Windows NT 10.0; WOW64) AppleWebKit/537.36 (KHTML, like Gecko) Chrome/67.0.3396.87 Safari/537.36 OPR/54.0.2952.54',
  'upgrade-insecure-requests' => '1',
  'cache-control' => 'max-age=0',
  'connection' => 'close',
  'host' => 'idatamind.com',
)
[ info ] [ PARAM ] array (
  'day' => '2018-07-19',
)
[ info ] [ SESSION ] INIT array (
  'id' => '',
  'var_session_id' => '',
  'prefix' => 'think',
  'type' => '',
  'auto_start' => true,
  'httponly' => true,
  'secure' => false,
)
[ info ] [ DB ] INIT mysql
[ info ] [ LOG ] INIT File
[ sql ] [ DB ] CONNECT:[ UseTime:0.000902s ] mysql:host=127.0.0.1;dbname=idatamind;charset=utf8
[ sql ] [ SQL ] SHOW COLUMNS FROM `channel` [ RunTime:0.006020s ]
[ sql ] [ SQL ] SELECT `code` FROM `channel` WHERE  `store` = '成都'  AND `status` = '可用' [ RunTime:0.000415s ]
[ error ] [8]未定义数组索引: J1[E:\www\idatamind\application\admin\controller\Index.php:145]
