---------------------------------------------------------------
[ 2018-07-24T14:35:22+08:00 ] 127.0.0.1 GET /
[ info ] idatamind.com/ [运行时间：0.158057s][吞吐率：6.33req/s] [内存消耗：1,190.98kb] [文件加载：55]
[ info ] [ LANG ] E:\www\idatamind\thinkphp\lang\zh-cn.php
[ info ] [ ROUTE ] array (
  'rule' => '',
  'route' => 'admin/Index/index',
  'option' => 
  array (
    'merge_rule_regex' => false,
  ),
  'var' => 
  array (
  ),
)
[ info ] [ HEADER ] array (
  'accept-language' => 'zh-CN,zh;q=0.9',
  'accept-encoding' => 'gzip, deflate',
  'accept' => 'text/html,application/xhtml+xml,application/xml;q=0.9,image/webp,image/apng,*/*;q=0.8',
  'user-agent' => 'Mozilla/5.0 (Windows NT 10.0; WOW64) AppleWebKit/537.36 (KHTML, like Gecko) Chrome/67.0.3396.87 Safari/537.36 OPR/54.0.2952.54',
  'upgrade-insecure-requests' => '1',
  'connection' => 'close',
  'host' => 'idatamind.com',
)
[ info ] [ PARAM ] array (
)
[ info ] [ SESSION ] INIT array (
  'id' => '',
  'var_session_id' => '',
  'prefix' => 'think',
  'type' => '',
  'auto_start' => true,
  'httponly' => true,
  'secure' => false,
)
[ info ] [ LOG ] INIT File
---------------------------------------------------------------
[ 2018-07-24T14:35:22+08:00 ] 127.0.0.1 GET /login.html
[ info ] idatamind.com/login.html [运行时间：0.065479s][吞吐率：15.27req/s] [内存消耗：1,119.29kb] [文件加载：53]
[ info ] [ LANG ] E:\www\idatamind\thinkphp\lang\zh-cn.php
[ info ] [ ROUTE ] array (
  'rule' => 'login',
  'route' => 'admin/Login/index',
  'option' => 
  array (
    'merge_rule_regex' => false,
  ),
  'var' => 
  array (
  ),
)
[ info ] [ HEADER ] array (
  'cookie' => 'PHPSESSID=ufrauj3evl015rnnpnb1l7c503',
  'accept-language' => 'zh-CN,zh;q=0.9',
  'accept-encoding' => 'gzip, deflate',
  'accept' => 'text/html,application/xhtml+xml,application/xml;q=0.9,image/webp,image/apng,*/*;q=0.8',
  'user-agent' => 'Mozilla/5.0 (Windows NT 10.0; WOW64) AppleWebKit/537.36 (KHTML, like Gecko) Chrome/67.0.3396.87 Safari/537.36 OPR/54.0.2952.54',
  'upgrade-insecure-requests' => '1',
  'connection' => 'close',
  'host' => 'idatamind.com',
)
[ info ] [ PARAM ] array (
)
[ info ] [ SESSION ] INIT array (
  'id' => '',
  'var_session_id' => '',
  'prefix' => 'think',
  'type' => '',
  'auto_start' => true,
  'httponly' => true,
  'secure' => false,
)
[ info ] [ VIEW ] E:\www\idatamind\application\admin\view\login\index.html [ array (
) ]
[ info ] [ LOG ] INIT File
---------------------------------------------------------------
[ 2018-07-24T14:35:31+08:00 ] 127.0.0.1 POST /admin/Login/check
[ info ] idatamind.com/admin/Login/check [运行时间：0.319610s][吞吐率：3.13req/s] [内存消耗：2,143.16kb] [文件加载：67]
[ info ] [ LANG ] E:\www\idatamind\thinkphp\lang\zh-cn.php
[ info ] [ ROUTE ] array (
  'rule' => 'admin/login/check',
  'route' => 'admin/Login/check',
  'option' => 
  array (
    'merge_rule_regex' => false,
  ),
  'var' => 
  array (
  ),
)
[ info ] [ HEADER ] array (
  'cookie' => 'PHPSESSID=ufrauj3evl015rnnpnb1l7c503',
  'accept-language' => 'zh-CN,zh;q=0.9',
  'accept-encoding' => 'gzip, deflate',
  'referer' => 'http://idatamind.com/login.html',
  'content-type' => 'application/x-www-form-urlencoded; charset=UTF-8',
  'user-agent' => 'Mozilla/5.0 (Windows NT 10.0; WOW64) AppleWebKit/537.36 (KHTML, like Gecko) Chrome/67.0.3396.87 Safari/537.36 OPR/54.0.2952.54',
  'x-requested-with' => 'XMLHttpRequest',
  'origin' => 'http://idatamind.com',
  'accept' => 'application/json, text/javascript, */*; q=0.01',
  'content-length' => '38',
  'connection' => 'close',
  'host' => 'idatamind.com',
)
[ info ] [ PARAM ] array (
  'email' => 'rayzxh@163.com',
  'password' => '123456',
)
[ info ] [ DB ] INIT mysql
[ info ] [ SESSION ] INIT array (
  'id' => '',
  'var_session_id' => '',
  'prefix' => 'think',
  'type' => '',
  'auto_start' => true,
  'httponly' => true,
  'secure' => false,
)
[ info ] [ LOG ] INIT File
[ sql ] [ DB ] CONNECT:[ UseTime:0.004038s ] mysql:host=127.0.0.1;dbname=idatamind;charset=utf8
[ sql ] [ SQL ] SHOW COLUMNS FROM `user` [ RunTime:0.048313s ]
[ sql ] [ SQL ] SELECT * FROM `user` WHERE  `email` = 'rayzxh@163.com' LIMIT 1 [ RunTime:0.001450s ]
---------------------------------------------------------------
[ 2018-07-24T14:35:32+08:00 ] 127.0.0.1 GET /
[ info ] idatamind.com/ [运行时间：0.728285s][吞吐率：1.37req/s] [内存消耗：1,125.81kb] [文件加载：52]
[ info ] [ LANG ] E:\www\idatamind\thinkphp\lang\zh-cn.php
[ info ] [ ROUTE ] array (
  'rule' => '',
  'route' => 'admin/Index/index',
  'option' => 
  array (
    'merge_rule_regex' => false,
  ),
  'var' => 
  array (
  ),
)
[ info ] [ HEADER ] array (
  'cookie' => 'PHPSESSID=ufrauj3evl015rnnpnb1l7c503',
  'accept-language' => 'zh-CN,zh;q=0.9',
  'accept-encoding' => 'gzip, deflate',
  'referer' => 'http://idatamind.com/login.html',
  'accept' => 'text/html,application/xhtml+xml,application/xml;q=0.9,image/webp,image/apng,*/*;q=0.8',
  'user-agent' => 'Mozilla/5.0 (Windows NT 10.0; WOW64) AppleWebKit/537.36 (KHTML, like Gecko) Chrome/67.0.3396.87 Safari/537.36 OPR/54.0.2952.54',
  'upgrade-insecure-requests' => '1',
  'connection' => 'close',
  'host' => 'idatamind.com',
)
[ info ] [ PARAM ] array (
)
[ info ] [ SESSION ] INIT array (
  'id' => '',
  'var_session_id' => '',
  'prefix' => 'think',
  'type' => '',
  'auto_start' => true,
  'httponly' => true,
  'secure' => false,
)
[ info ] [ LOG ] INIT File
---------------------------------------------------------------
[ 2018-07-24T14:35:36+08:00 ] 127.0.0.1 GET /users
[ info ] idatamind.com/users [运行时间：0.119135s][吞吐率：8.39req/s] [内存消耗：2,278.22kb] [文件加载：72]
[ info ] [ LANG ] E:\www\idatamind\thinkphp\lang\zh-cn.php
[ info ] [ ROUTE ] array (
  'rule' => 'users',
  'route' => 'admin/User/users',
  'option' => 
  array (
    'merge_rule_regex' => false,
  ),
  'var' => 
  array (
  ),
)
[ info ] [ HEADER ] array (
  'cookie' => 'PHPSESSID=ufrauj3evl015rnnpnb1l7c503',
  'accept-language' => 'zh-CN,zh;q=0.9',
  'accept-encoding' => 'gzip, deflate',
  'accept' => 'text/html,application/xhtml+xml,application/xml;q=0.9,image/webp,image/apng,*/*;q=0.8',
  'user-agent' => 'Mozilla/5.0 (Windows NT 10.0; WOW64) AppleWebKit/537.36 (KHTML, like Gecko) Chrome/67.0.3396.87 Safari/537.36 OPR/54.0.2952.54',
  'upgrade-insecure-requests' => '1',
  'connection' => 'close',
  'host' => 'idatamind.com',
)
[ info ] [ PARAM ] array (
)
[ info ] [ SESSION ] INIT array (
  'id' => '',
  'var_session_id' => '',
  'prefix' => 'think',
  'type' => '',
  'auto_start' => true,
  'httponly' => true,
  'secure' => false,
)
[ info ] [ DB ] INIT mysql
[ info ] [ VIEW ] E:\www\idatamind\application\admin\view\user\users.html [ array (
  0 => 'users',
) ]
[ info ] [ LOG ] INIT File
[ sql ] [ DB ] CONNECT:[ UseTime:0.012887s ] mysql:host=127.0.0.1;dbname=idatamind;charset=utf8
[ sql ] [ SQL ] SHOW COLUMNS FROM `user` [ RunTime:0.010268s ]
[ sql ] [ SQL ] SELECT * FROM `user` [ RunTime:0.000417s ]
---------------------------------------------------------------
[ 2018-07-24T17:41:21+08:00 ] 127.0.0.1 GET /user
[ info ] idatamind.com/user [运行时间：0.044760s][吞吐率：22.34req/s] [内存消耗：1,193.29kb] [文件加载：56]
[ info ] [ LANG ] E:\www\idatamind\thinkphp\lang\zh-cn.php
[ info ] [ ROUTE ] array (
  'rule' => 'user',
  'route' => 'admin/User/one',
  'option' => 
  array (
    'merge_rule_regex' => false,
  ),
  'var' => 
  array (
  ),
)
[ info ] [ HEADER ] array (
  'cookie' => 'PHPSESSID=ufrauj3evl015rnnpnb1l7c503',
  'accept-language' => 'zh-CN,zh;q=0.9',
  'accept-encoding' => 'gzip, deflate',
  'accept' => 'text/html,application/xhtml+xml,application/xml;q=0.9,image/webp,image/apng,*/*;q=0.8',
  'user-agent' => 'Mozilla/5.0 (Windows NT 10.0; WOW64) AppleWebKit/537.36 (KHTML, like Gecko) Chrome/67.0.3396.87 Safari/537.36 OPR/54.0.2952.54',
  'upgrade-insecure-requests' => '1',
  'connection' => 'close',
  'host' => 'idatamind.com',
)
[ info ] [ PARAM ] array (
)
[ info ] [ SESSION ] INIT array (
  'id' => '',
  'var_session_id' => '',
  'prefix' => 'think',
  'type' => '',
  'auto_start' => true,
  'httponly' => true,
  'secure' => false,
)
[ info ] [ VIEW ] E:\www\idatamind\application\admin\view\user\one.html [ array (
) ]
[ info ] [ LOG ] INIT File
