---------------------------------------------------------------
[ 2018-07-27T09:58:24+08:00 ] 127.0.0.1 GET /
[ info ] idatamind.com/ [运行时间：0.026600s][吞吐率：37.59req/s] [内存消耗：1,190.98kb] [文件加载：55]
[ info ] [ LANG ] E:\www\idatamind\thinkphp\lang\zh-cn.php
[ info ] [ ROUTE ] array (
  'rule' => '',
  'route' => 'admin/Index/index',
  'option' => 
  array (
    'merge_rule_regex' => false,
  ),
  'var' => 
  array (
  ),
)
[ info ] [ HEADER ] array (
  'accept-language' => 'zh-CN,zh;q=0.9',
  'accept-encoding' => 'gzip, deflate',
  'accept' => 'text/html,application/xhtml+xml,application/xml;q=0.9,image/webp,image/apng,*/*;q=0.8',
  'user-agent' => 'Mozilla/5.0 (Windows NT 10.0; WOW64) AppleWebKit/537.36 (KHTML, like Gecko) Chrome/67.0.3396.87 Safari/537.36 OPR/54.0.2952.60',
  'upgrade-insecure-requests' => '1',
  'connection' => 'close',
  'host' => 'idatamind.com',
)
[ info ] [ PARAM ] array (
)
[ info ] [ SESSION ] INIT array (
  'id' => '',
  'var_session_id' => '',
  'prefix' => 'think',
  'type' => '',
  'auto_start' => true,
  'httponly' => true,
  'secure' => false,
)
[ info ] [ LOG ] INIT File
---------------------------------------------------------------
[ 2018-07-27T09:58:24+08:00 ] 127.0.0.1 GET /login.html
[ info ] idatamind.com/login.html [运行时间：0.048059s][吞吐率：20.81req/s] [内存消耗：1,119.29kb] [文件加载：53]
[ info ] [ LANG ] E:\www\idatamind\thinkphp\lang\zh-cn.php
[ info ] [ ROUTE ] array (
  'rule' => 'login',
  'route' => 'admin/Login/index',
  'option' => 
  array (
    'merge_rule_regex' => false,
  ),
  'var' => 
  array (
  ),
)
[ info ] [ HEADER ] array (
  'cookie' => 'PHPSESSID=hua44pkijrvi87b9lrl81g1l30',
  'accept-language' => 'zh-CN,zh;q=0.9',
  'accept-encoding' => 'gzip, deflate',
  'accept' => 'text/html,application/xhtml+xml,application/xml;q=0.9,image/webp,image/apng,*/*;q=0.8',
  'user-agent' => 'Mozilla/5.0 (Windows NT 10.0; WOW64) AppleWebKit/537.36 (KHTML, like Gecko) Chrome/67.0.3396.87 Safari/537.36 OPR/54.0.2952.60',
  'upgrade-insecure-requests' => '1',
  'connection' => 'close',
  'host' => 'idatamind.com',
)
[ info ] [ PARAM ] array (
)
[ info ] [ SESSION ] INIT array (
  'id' => '',
  'var_session_id' => '',
  'prefix' => 'think',
  'type' => '',
  'auto_start' => true,
  'httponly' => true,
  'secure' => false,
)
[ info ] [ VIEW ] E:\www\idatamind\application\admin\view\login\index.html [ array (
) ]
[ info ] [ LOG ] INIT File
---------------------------------------------------------------
[ 2018-07-27T09:58:33+08:00 ] 127.0.0.1 POST /admin/Login/check
[ info ] idatamind.com/admin/Login/check [运行时间：0.228930s][吞吐率：4.37req/s] [内存消耗：2,144.98kb] [文件加载：67]
[ info ] [ LANG ] E:\www\idatamind\thinkphp\lang\zh-cn.php
[ info ] [ ROUTE ] array (
  'rule' => 'admin/login/check',
  'route' => 'admin/Login/check',
  'option' => 
  array (
    'merge_rule_regex' => false,
  ),
  'var' => 
  array (
  ),
)
[ info ] [ HEADER ] array (
  'cookie' => 'PHPSESSID=hua44pkijrvi87b9lrl81g1l30',
  'accept-language' => 'zh-CN,zh;q=0.9',
  'accept-encoding' => 'gzip, deflate',
  'referer' => 'http://idatamind.com/login.html',
  'content-type' => 'application/x-www-form-urlencoded; charset=UTF-8',
  'user-agent' => 'Mozilla/5.0 (Windows NT 10.0; WOW64) AppleWebKit/537.36 (KHTML, like Gecko) Chrome/67.0.3396.87 Safari/537.36 OPR/54.0.2952.60',
  'x-requested-with' => 'XMLHttpRequest',
  'origin' => 'http://idatamind.com',
  'accept' => 'application/json, text/javascript, */*; q=0.01',
  'content-length' => '38',
  'connection' => 'close',
  'host' => 'idatamind.com',
)
[ info ] [ PARAM ] array (
  'email' => 'rayzxh@163.com',
  'password' => '123456',
)
[ info ] [ DB ] INIT mysql
[ info ] [ SESSION ] INIT array (
  'id' => '',
  'var_session_id' => '',
  'prefix' => 'think',
  'type' => '',
  'auto_start' => true,
  'httponly' => true,
  'secure' => false,
)
[ info ] [ LOG ] INIT File
[ sql ] [ DB ] CONNECT:[ UseTime:0.002983s ] mysql:host=127.0.0.1;dbname=idatamind;charset=utf8
[ sql ] [ SQL ] SHOW COLUMNS FROM `user` [ RunTime:0.051538s ]
[ sql ] [ SQL ] SELECT * FROM `user` WHERE  `email` = 'rayzxh@163.com' LIMIT 1 [ RunTime:0.000506s ]
---------------------------------------------------------------
[ 2018-07-27T09:58:34+08:00 ] 127.0.0.1 GET /
[ info ] idatamind.com/ [运行时间：0.699295s][吞吐率：1.43req/s] [内存消耗：1,413.07kb] [文件加载：59]
[ info ] [ LANG ] E:\www\idatamind\thinkphp\lang\zh-cn.php
[ info ] [ ROUTE ] array (
  'rule' => '',
  'route' => 'admin/Index/index',
  'option' => 
  array (
    'merge_rule_regex' => false,
  ),
  'var' => 
  array (
  ),
)
[ info ] [ HEADER ] array (
  'cookie' => 'PHPSESSID=hua44pkijrvi87b9lrl81g1l30',
  'accept-language' => 'zh-CN,zh;q=0.9',
  'accept-encoding' => 'gzip, deflate',
  'referer' => 'http://idatamind.com/login.html',
  'accept' => 'text/html,application/xhtml+xml,application/xml;q=0.9,image/webp,image/apng,*/*;q=0.8',
  'user-agent' => 'Mozilla/5.0 (Windows NT 10.0; WOW64) AppleWebKit/537.36 (KHTML, like Gecko) Chrome/67.0.3396.87 Safari/537.36 OPR/54.0.2952.60',
  'upgrade-insecure-requests' => '1',
  'connection' => 'close',
  'host' => 'idatamind.com',
)
[ info ] [ PARAM ] array (
)
[ info ] [ SESSION ] INIT array (
  'id' => '',
  'var_session_id' => '',
  'prefix' => 'think',
  'type' => '',
  'auto_start' => true,
  'httponly' => true,
  'secure' => false,
)
[ info ] [ LOG ] INIT File
---------------------------------------------------------------
[ 2018-07-27T09:58:43+08:00 ] 127.0.0.1 GET /users
[ info ] idatamind.com/users [运行时间：0.119764s][吞吐率：8.35req/s] [内存消耗：2,352.89kb] [文件加载：74]
[ info ] [ LANG ] E:\www\idatamind\thinkphp\lang\zh-cn.php
[ info ] [ ROUTE ] array (
  'rule' => 'users',
  'route' => 'admin/User/users',
  'option' => 
  array (
    'merge_rule_regex' => false,
  ),
  'var' => 
  array (
  ),
)
[ info ] [ HEADER ] array (
  'cookie' => 'PHPSESSID=hua44pkijrvi87b9lrl81g1l30',
  'accept-language' => 'zh-CN,zh;q=0.9',
  'accept-encoding' => 'gzip, deflate',
  'accept' => 'text/html,application/xhtml+xml,application/xml;q=0.9,image/webp,image/apng,*/*;q=0.8',
  'user-agent' => 'Mozilla/5.0 (Windows NT 10.0; WOW64) AppleWebKit/537.36 (KHTML, like Gecko) Chrome/67.0.3396.87 Safari/537.36 OPR/54.0.2952.60',
  'upgrade-insecure-requests' => '1',
  'connection' => 'close',
  'host' => 'idatamind.com',
)
[ info ] [ PARAM ] array (
)
[ info ] [ SESSION ] INIT array (
  'id' => '',
  'var_session_id' => '',
  'prefix' => 'think',
  'type' => '',
  'auto_start' => true,
  'httponly' => true,
  'secure' => false,
)
[ info ] [ DB ] INIT mysql
[ info ] [ VIEW ] E:\www\idatamind\application\admin\view\user\users.html [ array (
  0 => 'users',
) ]
[ info ] [ LOG ] INIT File
[ sql ] [ DB ] CONNECT:[ UseTime:0.012833s ] mysql:host=127.0.0.1;dbname=idatamind;charset=utf8
[ sql ] [ SQL ] SHOW COLUMNS FROM `user` [ RunTime:0.030515s ]
[ sql ] [ SQL ] SELECT COUNT(*) AS tp_count FROM `user` WHERE  `id` > 1 LIMIT 1 [ RunTime:0.000930s ]
[ sql ] [ SQL ] SELECT * FROM `user` WHERE  `id` > 1 LIMIT 0,20 [ RunTime:0.000815s ]
---------------------------------------------------------------
[ 2018-07-27T09:58:45+08:00 ] 127.0.0.1 GET /user/edit.html?id=3
[ info ] idatamind.com/user/edit.html?id=3 [运行时间：0.147595s][吞吐率：6.78req/s] [内存消耗：2,340.76kb] [文件加载：74]
[ info ] [ LANG ] E:\www\idatamind\thinkphp\lang\zh-cn.php
[ info ] [ ROUTE ] array (
  'rule' => 'user/edit',
  'route' => 'admin/User/edit',
  'option' => 
  array (
    'merge_rule_regex' => false,
  ),
  'var' => 
  array (
  ),
)
[ info ] [ HEADER ] array (
  'cookie' => 'PHPSESSID=hua44pkijrvi87b9lrl81g1l30',
  'accept-language' => 'zh-CN,zh;q=0.9',
  'accept-encoding' => 'gzip, deflate',
  'referer' => 'http://idatamind.com/users',
  'accept' => 'text/html,application/xhtml+xml,application/xml;q=0.9,image/webp,image/apng,*/*;q=0.8',
  'user-agent' => 'Mozilla/5.0 (Windows NT 10.0; WOW64) AppleWebKit/537.36 (KHTML, like Gecko) Chrome/67.0.3396.87 Safari/537.36 OPR/54.0.2952.60',
  'upgrade-insecure-requests' => '1',
  'connection' => 'close',
  'host' => 'idatamind.com',
)
[ info ] [ PARAM ] array (
  'id' => '3',
)
[ info ] [ SESSION ] INIT array (
  'id' => '',
  'var_session_id' => '',
  'prefix' => 'think',
  'type' => '',
  'auto_start' => true,
  'httponly' => true,
  'secure' => false,
)
[ info ] [ DB ] INIT mysql
[ info ] [ VIEW ] E:\www\idatamind\application\admin\view\user\edit.html [ array (
  0 => 'owner',
  1 => 'channel',
  2 => 'select',
  3 => 'user',
) ]
[ info ] [ LOG ] INIT File
[ sql ] [ DB ] CONNECT:[ UseTime:0.012567s ] mysql:host=127.0.0.1;dbname=idatamind;charset=utf8
[ sql ] [ SQL ] SHOW COLUMNS FROM `user` [ RunTime:0.019686s ]
[ sql ] [ SQL ] SELECT * FROM `user` WHERE  `id` = 3 LIMIT 1 [ RunTime:0.000406s ]
[ sql ] [ SQL ] SHOW COLUMNS FROM `selectoptions` [ RunTime:0.036741s ]
[ sql ] [ SQL ] SELECT `user_group` FROM `selectoptions` WHERE  `user_group` IS NOT NULL [ RunTime:0.000384s ]
[ sql ] [ SQL ] SELECT `user_status` FROM `selectoptions` WHERE  `user_status` IS NOT NULL [ RunTime:0.000412s ]
[ sql ] [ SQL ] SELECT `user_role` FROM `selectoptions` WHERE  `user_role` IS NOT NULL [ RunTime:0.000393s ]
[ sql ] [ SQL ] SHOW COLUMNS FROM `channelowner` [ RunTime:0.019675s ]
[ sql ] [ SQL ] SELECT `code` FROM `channelowner` WHERE  `uid` = 3 [ RunTime:0.000381s ]
[ sql ] [ SQL ] SHOW COLUMNS FROM `channel` [ RunTime:0.015684s ]
[ sql ] [ SQL ] SELECT `code` FROM `channel` WHERE  `status` = '可用' [ RunTime:0.000374s ]
---------------------------------------------------------------
[ 2018-07-27T15:10:17+08:00 ] 127.0.0.1 GET /user/edit.html?
[ info ] idatamind.com/user/edit.html? [运行时间：0.030579s][吞吐率：32.70req/s] [内存消耗：1,484.35kb] [文件加载：63]
[ info ] [ LANG ] E:\www\idatamind\thinkphp\lang\zh-cn.php
[ info ] [ ROUTE ] array (
  'rule' => 'user/edit',
  'route' => 'admin/User/edit',
  'option' => 
  array (
    'merge_rule_regex' => false,
  ),
  'var' => 
  array (
  ),
)
[ info ] [ HEADER ] array (
  'cookie' => 'PHPSESSID=hua44pkijrvi87b9lrl81g1l30',
  'accept-language' => 'zh-CN,zh;q=0.9',
  'accept-encoding' => 'gzip, deflate',
  'referer' => 'http://idatamind.com/user/edit.html?id=3',
  'accept' => 'text/html,application/xhtml+xml,application/xml;q=0.9,image/webp,image/apng,*/*;q=0.8',
  'user-agent' => 'Mozilla/5.0 (Windows NT 10.0; WOW64) AppleWebKit/537.36 (KHTML, like Gecko) Chrome/67.0.3396.87 Safari/537.36 OPR/54.0.2952.60',
  'upgrade-insecure-requests' => '1',
  'connection' => 'close',
  'host' => 'idatamind.com',
)
[ info ] [ PARAM ] array (
)
[ info ] [ SESSION ] INIT array (
  'id' => '',
  'var_session_id' => '',
  'prefix' => 'think',
  'type' => '',
  'auto_start' => true,
  'httponly' => true,
  'secure' => false,
)
[ info ] [ LOG ] INIT File
---------------------------------------------------------------
[ 2018-07-27T15:10:17+08:00 ] 127.0.0.1 GET /users.html
[ info ] idatamind.com/users.html [运行时间：0.054186s][吞吐率：18.45req/s] [内存消耗：2,353.27kb] [文件加载：74]
[ info ] [ LANG ] E:\www\idatamind\thinkphp\lang\zh-cn.php
[ info ] [ ROUTE ] array (
  'rule' => 'users',
  'route' => 'admin/User/users',
  'option' => 
  array (
    'merge_rule_regex' => false,
  ),
  'var' => 
  array (
  ),
)
[ info ] [ HEADER ] array (
  'cookie' => 'PHPSESSID=hua44pkijrvi87b9lrl81g1l30',
  'accept-language' => 'zh-CN,zh;q=0.9',
  'accept-encoding' => 'gzip, deflate',
  'referer' => 'http://idatamind.com/user/edit.html?id=3',
  'accept' => 'text/html,application/xhtml+xml,application/xml;q=0.9,image/webp,image/apng,*/*;q=0.8',
  'user-agent' => 'Mozilla/5.0 (Windows NT 10.0; WOW64) AppleWebKit/537.36 (KHTML, like Gecko) Chrome/67.0.3396.87 Safari/537.36 OPR/54.0.2952.60',
  'upgrade-insecure-requests' => '1',
  'connection' => 'close',
  'host' => 'idatamind.com',
)
[ info ] [ PARAM ] array (
)
[ info ] [ SESSION ] INIT array (
  'id' => '',
  'var_session_id' => '',
  'prefix' => 'think',
  'type' => '',
  'auto_start' => true,
  'httponly' => true,
  'secure' => false,
)
[ info ] [ DB ] INIT mysql
[ info ] [ VIEW ] E:\www\idatamind\application\admin\view\user\users.html [ array (
  0 => 'users',
) ]
[ info ] [ LOG ] INIT File
[ sql ] [ DB ] CONNECT:[ UseTime:0.003598s ] mysql:host=127.0.0.1;dbname=idatamind;charset=utf8
[ sql ] [ SQL ] SHOW COLUMNS FROM `user` [ RunTime:0.008763s ]
[ sql ] [ SQL ] SELECT COUNT(*) AS tp_count FROM `user` WHERE  `id` > 1 LIMIT 1 [ RunTime:0.000433s ]
[ sql ] [ SQL ] SELECT * FROM `user` WHERE  `id` > 1 LIMIT 0,20 [ RunTime:0.000371s ]
---------------------------------------------------------------
[ 2018-07-27T15:10:30+08:00 ] 127.0.0.1 GET /user/edit.html?id=3
[ info ] idatamind.com/user/edit.html?id=3 [运行时间：0.084748s][吞吐率：11.80req/s] [内存消耗：2,340.76kb] [文件加载：74]
[ info ] [ LANG ] E:\www\idatamind\thinkphp\lang\zh-cn.php
[ info ] [ ROUTE ] array (
  'rule' => 'user/edit',
  'route' => 'admin/User/edit',
  'option' => 
  array (
    'merge_rule_regex' => false,
  ),
  'var' => 
  array (
  ),
)
[ info ] [ HEADER ] array (
  'cookie' => 'PHPSESSID=hua44pkijrvi87b9lrl81g1l30',
  'accept-language' => 'zh-CN,zh;q=0.9',
  'accept-encoding' => 'gzip, deflate',
  'referer' => 'http://idatamind.com/users',
  'accept' => 'text/html,application/xhtml+xml,application/xml;q=0.9,image/webp,image/apng,*/*;q=0.8',
  'user-agent' => 'Mozilla/5.0 (Windows NT 10.0; WOW64) AppleWebKit/537.36 (KHTML, like Gecko) Chrome/67.0.3396.87 Safari/537.36 OPR/54.0.2952.60',
  'upgrade-insecure-requests' => '1',
  'connection' => 'close',
  'host' => 'idatamind.com',
)
[ info ] [ PARAM ] array (
  'id' => '3',
)
[ info ] [ SESSION ] INIT array (
  'id' => '',
  'var_session_id' => '',
  'prefix' => 'think',
  'type' => '',
  'auto_start' => true,
  'httponly' => true,
  'secure' => false,
)
[ info ] [ DB ] INIT mysql
[ info ] [ VIEW ] E:\www\idatamind\application\admin\view\user\edit.html [ array (
  0 => 'owner',
  1 => 'channel',
  2 => 'select',
  3 => 'user',
) ]
[ info ] [ LOG ] INIT File
[ sql ] [ DB ] CONNECT:[ UseTime:0.002749s ] mysql:host=127.0.0.1;dbname=idatamind;charset=utf8
[ sql ] [ SQL ] SHOW COLUMNS FROM `user` [ RunTime:0.012547s ]
[ sql ] [ SQL ] SELECT * FROM `user` WHERE  `id` = 3 LIMIT 1 [ RunTime:0.000409s ]
[ sql ] [ SQL ] SHOW COLUMNS FROM `selectoptions` [ RunTime:0.011137s ]
[ sql ] [ SQL ] SELECT `user_group` FROM `selectoptions` WHERE  `user_group` IS NOT NULL [ RunTime:0.000427s ]
[ sql ] [ SQL ] SELECT `user_status` FROM `selectoptions` WHERE  `user_status` IS NOT NULL [ RunTime:0.000345s ]
[ sql ] [ SQL ] SELECT `user_role` FROM `selectoptions` WHERE  `user_role` IS NOT NULL [ RunTime:0.000285s ]
[ sql ] [ SQL ] SHOW COLUMNS FROM `channelowner` [ RunTime:0.008498s ]
[ sql ] [ SQL ] SELECT `code` FROM `channelowner` WHERE  `uid` = 3 [ RunTime:0.000383s ]
[ sql ] [ SQL ] SHOW COLUMNS FROM `channel` [ RunTime:0.007973s ]
[ sql ] [ SQL ] SELECT `code` FROM `channel` WHERE  `status` = '可用' [ RunTime:0.000418s ]
---------------------------------------------------------------
[ 2018-07-27T15:13:53+08:00 ] 127.0.0.1 GET /user/edit.html?id=3
[ info ] idatamind.com/user/edit.html?id=3 [运行时间：0.122444s][吞吐率：8.17req/s] [内存消耗：2,512.11kb] [文件加载：76]
[ info ] [ LANG ] E:\www\idatamind\thinkphp\lang\zh-cn.php
[ info ] [ ROUTE ] array (
  'rule' => 'user/edit',
  'route' => 'admin/User/edit',
  'option' => 
  array (
    'merge_rule_regex' => false,
  ),
  'var' => 
  array (
  ),
)
[ info ] [ HEADER ] array (
  'cookie' => 'PHPSESSID=hua44pkijrvi87b9lrl81g1l30',
  'accept-language' => 'zh-CN,zh;q=0.9',
  'accept-encoding' => 'gzip, deflate',
  'referer' => 'http://idatamind.com/users',
  'accept' => 'text/html,application/xhtml+xml,application/xml;q=0.9,image/webp,image/apng,*/*;q=0.8',
  'user-agent' => 'Mozilla/5.0 (Windows NT 10.0; WOW64) AppleWebKit/537.36 (KHTML, like Gecko) Chrome/67.0.3396.87 Safari/537.36 OPR/54.0.2952.60',
  'upgrade-insecure-requests' => '1',
  'cache-control' => 'max-age=0',
  'connection' => 'close',
  'host' => 'idatamind.com',
)
[ info ] [ PARAM ] array (
  'id' => '3',
)
[ info ] [ SESSION ] INIT array (
  'id' => '',
  'var_session_id' => '',
  'prefix' => 'think',
  'type' => '',
  'auto_start' => true,
  'httponly' => true,
  'secure' => false,
)
[ info ] [ DB ] INIT mysql
[ info ] [ VIEW ] E:\www\idatamind\application\admin\view\user\edit.html [ array (
  0 => 'owner',
  1 => 'channel',
  2 => 'select',
  3 => 'user',
) ]
[ info ] [ LOG ] INIT File
[ sql ] [ DB ] CONNECT:[ UseTime:0.012475s ] mysql:host=127.0.0.1;dbname=idatamind;charset=utf8
[ sql ] [ SQL ] SHOW COLUMNS FROM `user` [ RunTime:0.008545s ]
[ sql ] [ SQL ] SELECT * FROM `user` WHERE  `id` = 3 LIMIT 1 [ RunTime:0.000458s ]
[ sql ] [ SQL ] SHOW COLUMNS FROM `selectoptions` [ RunTime:0.007548s ]
[ sql ] [ SQL ] SELECT `user_group` FROM `selectoptions` WHERE  `user_group` IS NOT NULL [ RunTime:0.000310s ]
[ sql ] [ SQL ] SELECT `user_status` FROM `selectoptions` WHERE  `user_status` IS NOT NULL [ RunTime:0.000264s ]
[ sql ] [ SQL ] SELECT `user_role` FROM `selectoptions` WHERE  `user_role` IS NOT NULL [ RunTime:0.000266s ]
[ sql ] [ SQL ] SHOW COLUMNS FROM `channelowner` [ RunTime:0.008144s ]
[ sql ] [ SQL ] SELECT `code` FROM `channelowner` WHERE  `uid` = 3 [ RunTime:0.000315s ]
[ sql ] [ SQL ] SHOW COLUMNS FROM `channel` [ RunTime:0.009190s ]
[ sql ] [ SQL ] SELECT `code` FROM `channel` WHERE  `status` = '可用' [ RunTime:0.000387s ]
---------------------------------------------------------------
[ 2018-07-27T15:14:04+08:00 ] 127.0.0.1 POST /user/edit.html?id=3
[ info ] idatamind.com/user/edit.html?id=3 [运行时间：0.139456s][吞吐率：7.17req/s] [内存消耗：870.02kb] [文件加载：45]
[ info ] [ LANG ] E:\www\idatamind\thinkphp\lang\zh-cn.php
[ info ] [ LOG ] INIT File
---------------------------------------------------------------
[ 2018-07-27T16:43:47+08:00 ] 127.0.0.1 POST /user/edit.html?id=3
[ info ] idatamind.com/user/edit.html?id=3 [运行时间：0.019244s][吞吐率：51.96req/s] [内存消耗：870.04kb] [文件加载：45]
[ info ] [ LANG ] E:\www\idatamind\thinkphp\lang\zh-cn.php
[ info ] [ LOG ] INIT File
---------------------------------------------------------------
[ 2018-07-27T16:43:53+08:00 ] 127.0.0.1 GET /user/edit.html?id=3
[ info ] idatamind.com/user/edit.html?id=3 [运行时间：0.199100s][吞吐率：5.02req/s] [内存消耗：2,513.16kb] [文件加载：76]
[ info ] [ LANG ] E:\www\idatamind\thinkphp\lang\zh-cn.php
[ info ] [ ROUTE ] array (
  'rule' => 'user/edit',
  'route' => 'admin/User/edit',
  'option' => 
  array (
    'merge_rule_regex' => false,
  ),
  'var' => 
  array (
  ),
)
[ info ] [ HEADER ] array (
  'cookie' => 'PHPSESSID=hua44pkijrvi87b9lrl81g1l30',
  'accept-language' => 'zh-CN,zh;q=0.9',
  'accept-encoding' => 'gzip, deflate',
  'accept' => 'text/html,application/xhtml+xml,application/xml;q=0.9,image/webp,image/apng,*/*;q=0.8',
  'user-agent' => 'Mozilla/5.0 (Windows NT 10.0; WOW64) AppleWebKit/537.36 (KHTML, like Gecko) Chrome/67.0.3396.87 Safari/537.36 OPR/54.0.2952.60',
  'upgrade-insecure-requests' => '1',
  'connection' => 'close',
  'host' => 'idatamind.com',
)
[ info ] [ PARAM ] array (
  'id' => '3',
)
[ info ] [ SESSION ] INIT array (
  'id' => '',
  'var_session_id' => '',
  'prefix' => 'think',
  'type' => '',
  'auto_start' => true,
  'httponly' => true,
  'secure' => false,
)
[ info ] [ DB ] INIT mysql
[ info ] [ VIEW ] E:\www\idatamind\application\admin\view\user\edit.html [ array (
  0 => 'owner',
  1 => 'channel',
  2 => 'select',
  3 => 'user',
) ]
[ info ] [ LOG ] INIT File
[ sql ] [ DB ] CONNECT:[ UseTime:0.002991s ] mysql:host=127.0.0.1;dbname=idatamind;charset=utf8
[ sql ] [ SQL ] SHOW COLUMNS FROM `user` [ RunTime:0.071311s ]
[ sql ] [ SQL ] SELECT * FROM `user` WHERE  `id` = 3 LIMIT 1 [ RunTime:0.001765s ]
[ sql ] [ SQL ] SHOW COLUMNS FROM `selectoptions` [ RunTime:0.028250s ]
[ sql ] [ SQL ] SELECT `user_group` FROM `selectoptions` WHERE  `user_group` IS NOT NULL [ RunTime:0.000790s ]
[ sql ] [ SQL ] SELECT `user_status` FROM `selectoptions` WHERE  `user_status` IS NOT NULL [ RunTime:0.000725s ]
[ sql ] [ SQL ] SELECT `user_role` FROM `selectoptions` WHERE  `user_role` IS NOT NULL [ RunTime:0.000725s ]
[ sql ] [ SQL ] SHOW COLUMNS FROM `channelowner` [ RunTime:0.017400s ]
[ sql ] [ SQL ] SELECT `code` FROM `channelowner` WHERE  `uid` = 3 [ RunTime:0.000511s ]
[ sql ] [ SQL ] SHOW COLUMNS FROM `channel` [ RunTime:0.011654s ]
[ sql ] [ SQL ] SELECT `code` FROM `channel` WHERE  `status` = '可用' [ RunTime:0.000564s ]
---------------------------------------------------------------
[ 2018-07-27T16:43:56+08:00 ] 127.0.0.1 GET /user/edit.html?email=&password=&status=%E5%8F%AF%E7%94%A8&role=%E6%8E%A8%E5%B9%BF&action=updateuser
[ info ] idatamind.com/user/edit.html?email=&password=&status=%E5%8F%AF%E7%94%A8&role=%E6%8E%A8%E5%B9%BF&action=updateuser [运行时间：0.027839s][吞吐率：35.92req/s] [内存消耗：1,486.18kb] [文件加载：63]
[ info ] [ LANG ] E:\www\idatamind\thinkphp\lang\zh-cn.php
[ info ] [ ROUTE ] array (
  'rule' => 'user/edit',
  'route' => 'admin/User/edit',
  'option' => 
  array (
    'merge_rule_regex' => false,
  ),
  'var' => 
  array (
  ),
)
[ info ] [ HEADER ] array (
  'cookie' => 'PHPSESSID=hua44pkijrvi87b9lrl81g1l30',
  'accept-language' => 'zh-CN,zh;q=0.9',
  'accept-encoding' => 'gzip, deflate',
  'referer' => 'http://idatamind.com/user/edit.html?id=3',
  'accept' => 'text/html,application/xhtml+xml,application/xml;q=0.9,image/webp,image/apng,*/*;q=0.8',
  'user-agent' => 'Mozilla/5.0 (Windows NT 10.0; WOW64) AppleWebKit/537.36 (KHTML, like Gecko) Chrome/67.0.3396.87 Safari/537.36 OPR/54.0.2952.60',
  'upgrade-insecure-requests' => '1',
  'connection' => 'close',
  'host' => 'idatamind.com',
)
[ info ] [ PARAM ] array (
  'email' => '',
  'password' => '',
  'status' => '可用',
  'role' => '推广',
  'action' => 'updateuser',
)
[ info ] [ SESSION ] INIT array (
  'id' => '',
  'var_session_id' => '',
  'prefix' => 'think',
  'type' => '',
  'auto_start' => true,
  'httponly' => true,
  'secure' => false,
)
[ info ] [ LOG ] INIT File
---------------------------------------------------------------
[ 2018-07-27T16:43:56+08:00 ] 127.0.0.1 GET /users.html
[ info ] idatamind.com/users.html [运行时间：0.061715s][吞吐率：16.20req/s] [内存消耗：2,354.08kb] [文件加载：74]
[ info ] [ LANG ] E:\www\idatamind\thinkphp\lang\zh-cn.php
[ info ] [ ROUTE ] array (
  'rule' => 'users',
  'route' => 'admin/User/users',
  'option' => 
  array (
    'merge_rule_regex' => false,
  ),
  'var' => 
  array (
  ),
)
[ info ] [ HEADER ] array (
  'cookie' => 'PHPSESSID=hua44pkijrvi87b9lrl81g1l30',
  'accept-language' => 'zh-CN,zh;q=0.9',
  'accept-encoding' => 'gzip, deflate',
  'referer' => 'http://idatamind.com/user/edit.html?id=3',
  'accept' => 'text/html,application/xhtml+xml,application/xml;q=0.9,image/webp,image/apng,*/*;q=0.8',
  'user-agent' => 'Mozilla/5.0 (Windows NT 10.0; WOW64) AppleWebKit/537.36 (KHTML, like Gecko) Chrome/67.0.3396.87 Safari/537.36 OPR/54.0.2952.60',
  'upgrade-insecure-requests' => '1',
  'connection' => 'close',
  'host' => 'idatamind.com',
)
[ info ] [ PARAM ] array (
)
[ info ] [ SESSION ] INIT array (
  'id' => '',
  'var_session_id' => '',
  'prefix' => 'think',
  'type' => '',
  'auto_start' => true,
  'httponly' => true,
  'secure' => false,
)
[ info ] [ DB ] INIT mysql
[ info ] [ VIEW ] E:\www\idatamind\application\admin\view\user\users.html [ array (
  0 => 'users',
) ]
[ info ] [ LOG ] INIT File
[ sql ] [ DB ] CONNECT:[ UseTime:0.013224s ] mysql:host=127.0.0.1;dbname=idatamind;charset=utf8
[ sql ] [ SQL ] SHOW COLUMNS FROM `user` [ RunTime:0.009132s ]
[ sql ] [ SQL ] SELECT COUNT(*) AS tp_count FROM `user` WHERE  `id` > 1 LIMIT 1 [ RunTime:0.000430s ]
[ sql ] [ SQL ] SELECT * FROM `user` WHERE  `id` > 1 LIMIT 0,20 [ RunTime:0.000381s ]
---------------------------------------------------------------
[ 2018-07-27T16:44:02+08:00 ] 127.0.0.1 GET /user/edit.html?id=3
[ info ] idatamind.com/user/edit.html?id=3 [运行时间：0.183560s][吞吐率：5.45req/s] [内存消耗：2,341.38kb] [文件加载：74]
[ info ] [ LANG ] E:\www\idatamind\thinkphp\lang\zh-cn.php
[ info ] [ ROUTE ] array (
  'rule' => 'user/edit',
  'route' => 'admin/User/edit',
  'option' => 
  array (
    'merge_rule_regex' => false,
  ),
  'var' => 
  array (
  ),
)
[ info ] [ HEADER ] array (
  'cookie' => 'PHPSESSID=hua44pkijrvi87b9lrl81g1l30',
  'accept-language' => 'zh-CN,zh;q=0.9',
  'accept-encoding' => 'gzip, deflate',
  'accept' => 'text/html,application/xhtml+xml,application/xml;q=0.9,image/webp,image/apng,*/*;q=0.8',
  'user-agent' => 'Mozilla/5.0 (Windows NT 10.0; WOW64) AppleWebKit/537.36 (KHTML, like Gecko) Chrome/67.0.3396.87 Safari/537.36 OPR/54.0.2952.60',
  'upgrade-insecure-requests' => '1',
  'connection' => 'close',
  'host' => 'idatamind.com',
)
[ info ] [ PARAM ] array (
  'id' => '3',
)
[ info ] [ SESSION ] INIT array (
  'id' => '',
  'var_session_id' => '',
  'prefix' => 'think',
  'type' => '',
  'auto_start' => true,
  'httponly' => true,
  'secure' => false,
)
[ info ] [ DB ] INIT mysql
[ info ] [ VIEW ] E:\www\idatamind\application\admin\view\user\edit.html [ array (
  0 => 'owner',
  1 => 'channel',
  2 => 'select',
  3 => 'user',
) ]
[ info ] [ LOG ] INIT File
[ sql ] [ DB ] CONNECT:[ UseTime:0.011877s ] mysql:host=127.0.0.1;dbname=idatamind;charset=utf8
[ sql ] [ SQL ] SHOW COLUMNS FROM `user` [ RunTime:0.009009s ]
[ sql ] [ SQL ] SELECT * FROM `user` WHERE  `id` = 3 LIMIT 1 [ RunTime:0.000484s ]
[ sql ] [ SQL ] SHOW COLUMNS FROM `selectoptions` [ RunTime:0.008107s ]
[ sql ] [ SQL ] SELECT `user_group` FROM `selectoptions` WHERE  `user_group` IS NOT NULL [ RunTime:0.000318s ]
[ sql ] [ SQL ] SELECT `user_status` FROM `selectoptions` WHERE  `user_status` IS NOT NULL [ RunTime:0.000256s ]
[ sql ] [ SQL ] SELECT `user_role` FROM `selectoptions` WHERE  `user_role` IS NOT NULL [ RunTime:0.000251s ]
[ sql ] [ SQL ] SHOW COLUMNS FROM `channelowner` [ RunTime:0.008389s ]
[ sql ] [ SQL ] SELECT `code` FROM `channelowner` WHERE  `uid` = 3 [ RunTime:0.000375s ]
[ sql ] [ SQL ] SHOW COLUMNS FROM `channel` [ RunTime:0.099110s ]
[ sql ] [ SQL ] SELECT `code` FROM `channel` WHERE  `status` = '可用' [ RunTime:0.000904s ]
---------------------------------------------------------------
[ 2018-07-27T16:44:07+08:00 ] 127.0.0.1 GET /user/edit.html?email=&password=&status=%E5%8F%AF%E7%94%A8&role=%E6%8E%A8%E5%B9%BF&action=updateuser
[ info ] idatamind.com/user/edit.html?email=&password=&status=%E5%8F%AF%E7%94%A8&role=%E6%8E%A8%E5%B9%BF&action=updateuser [运行时间：0.028189s][吞吐率：35.47req/s] [内存消耗：1,486.18kb] [文件加载：63]
[ info ] [ LANG ] E:\www\idatamind\thinkphp\lang\zh-cn.php
[ info ] [ ROUTE ] array (
  'rule' => 'user/edit',
  'route' => 'admin/User/edit',
  'option' => 
  array (
    'merge_rule_regex' => false,
  ),
  'var' => 
  array (
  ),
)
[ info ] [ HEADER ] array (
  'cookie' => 'PHPSESSID=hua44pkijrvi87b9lrl81g1l30',
  'accept-language' => 'zh-CN,zh;q=0.9',
  'accept-encoding' => 'gzip, deflate',
  'referer' => 'http://idatamind.com/user/edit.html?id=3',
  'accept' => 'text/html,application/xhtml+xml,application/xml;q=0.9,image/webp,image/apng,*/*;q=0.8',
  'user-agent' => 'Mozilla/5.0 (Windows NT 10.0; WOW64) AppleWebKit/537.36 (KHTML, like Gecko) Chrome/67.0.3396.87 Safari/537.36 OPR/54.0.2952.60',
  'upgrade-insecure-requests' => '1',
  'connection' => 'close',
  'host' => 'idatamind.com',
)
[ info ] [ PARAM ] array (
  'email' => '',
  'password' => '',
  'status' => '可用',
  'role' => '推广',
  'action' => 'updateuser',
)
[ info ] [ SESSION ] INIT array (
  'id' => '',
  'var_session_id' => '',
  'prefix' => 'think',
  'type' => '',
  'auto_start' => true,
  'httponly' => true,
  'secure' => false,
)
[ info ] [ LOG ] INIT File
---------------------------------------------------------------
[ 2018-07-27T16:44:07+08:00 ] 127.0.0.1 GET /users.html
[ info ] idatamind.com/users.html [运行时间：0.050634s][吞吐率：19.75req/s] [内存消耗：2,354.08kb] [文件加载：74]
[ info ] [ LANG ] E:\www\idatamind\thinkphp\lang\zh-cn.php
[ info ] [ ROUTE ] array (
  'rule' => 'users',
  'route' => 'admin/User/users',
  'option' => 
  array (
    'merge_rule_regex' => false,
  ),
  'var' => 
  array (
  ),
)
[ info ] [ HEADER ] array (
  'cookie' => 'PHPSESSID=hua44pkijrvi87b9lrl81g1l30',
  'accept-language' => 'zh-CN,zh;q=0.9',
  'accept-encoding' => 'gzip, deflate',
  'referer' => 'http://idatamind.com/user/edit.html?id=3',
  'accept' => 'text/html,application/xhtml+xml,application/xml;q=0.9,image/webp,image/apng,*/*;q=0.8',
  'user-agent' => 'Mozilla/5.0 (Windows NT 10.0; WOW64) AppleWebKit/537.36 (KHTML, like Gecko) Chrome/67.0.3396.87 Safari/537.36 OPR/54.0.2952.60',
  'upgrade-insecure-requests' => '1',
  'connection' => 'close',
  'host' => 'idatamind.com',
)
[ info ] [ PARAM ] array (
)
[ info ] [ SESSION ] INIT array (
  'id' => '',
  'var_session_id' => '',
  'prefix' => 'think',
  'type' => '',
  'auto_start' => true,
  'httponly' => true,
  'secure' => false,
)
[ info ] [ DB ] INIT mysql
[ info ] [ VIEW ] E:\www\idatamind\application\admin\view\user\users.html [ array (
  0 => 'users',
) ]
[ info ] [ LOG ] INIT File
[ sql ] [ DB ] CONNECT:[ UseTime:0.002088s ] mysql:host=127.0.0.1;dbname=idatamind;charset=utf8
[ sql ] [ SQL ] SHOW COLUMNS FROM `user` [ RunTime:0.008554s ]
[ sql ] [ SQL ] SELECT COUNT(*) AS tp_count FROM `user` WHERE  `id` > 1 LIMIT 1 [ RunTime:0.000345s ]
[ sql ] [ SQL ] SELECT * FROM `user` WHERE  `id` > 1 LIMIT 0,20 [ RunTime:0.000335s ]
---------------------------------------------------------------
[ 2018-07-27T16:44:25+08:00 ] 127.0.0.1 GET /user/edit.html?id=2
[ info ] idatamind.com/user/edit.html?id=2 [运行时间：0.080024s][吞吐率：12.50req/s] [内存消耗：2,341.45kb] [文件加载：74]
[ info ] [ LANG ] E:\www\idatamind\thinkphp\lang\zh-cn.php
[ info ] [ ROUTE ] array (
  'rule' => 'user/edit',
  'route' => 'admin/User/edit',
  'option' => 
  array (
    'merge_rule_regex' => false,
  ),
  'var' => 
  array (
  ),
)
[ info ] [ HEADER ] array (
  'cookie' => 'PHPSESSID=hua44pkijrvi87b9lrl81g1l30',
  'accept-language' => 'zh-CN,zh;q=0.9',
  'accept-encoding' => 'gzip, deflate',
  'referer' => 'http://idatamind.com/users.html',
  'accept' => 'text/html,application/xhtml+xml,application/xml;q=0.9,image/webp,image/apng,*/*;q=0.8',
  'user-agent' => 'Mozilla/5.0 (Windows NT 10.0; WOW64) AppleWebKit/537.36 (KHTML, like Gecko) Chrome/67.0.3396.87 Safari/537.36 OPR/54.0.2952.60',
  'upgrade-insecure-requests' => '1',
  'connection' => 'close',
  'host' => 'idatamind.com',
)
[ info ] [ PARAM ] array (
  'id' => '2',
)
[ info ] [ SESSION ] INIT array (
  'id' => '',
  'var_session_id' => '',
  'prefix' => 'think',
  'type' => '',
  'auto_start' => true,
  'httponly' => true,
  'secure' => false,
)
[ info ] [ DB ] INIT mysql
[ info ] [ VIEW ] E:\www\idatamind\application\admin\view\user\edit.html [ array (
  0 => 'owner',
  1 => 'channel',
  2 => 'select',
  3 => 'user',
) ]
[ info ] [ LOG ] INIT File
[ sql ] [ DB ] CONNECT:[ UseTime:0.002220s ] mysql:host=127.0.0.1;dbname=idatamind;charset=utf8
[ sql ] [ SQL ] SHOW COLUMNS FROM `user` [ RunTime:0.008937s ]
[ sql ] [ SQL ] SELECT * FROM `user` WHERE  `id` = 2 LIMIT 1 [ RunTime:0.000459s ]
[ sql ] [ SQL ] SHOW COLUMNS FROM `selectoptions` [ RunTime:0.010260s ]
[ sql ] [ SQL ] SELECT `user_group` FROM `selectoptions` WHERE  `user_group` IS NOT NULL [ RunTime:0.000345s ]
[ sql ] [ SQL ] SELECT `user_status` FROM `selectoptions` WHERE  `user_status` IS NOT NULL [ RunTime:0.000321s ]
[ sql ] [ SQL ] SELECT `user_role` FROM `selectoptions` WHERE  `user_role` IS NOT NULL [ RunTime:0.000336s ]
[ sql ] [ SQL ] SHOW COLUMNS FROM `channelowner` [ RunTime:0.007473s ]
[ sql ] [ SQL ] SELECT `code` FROM `channelowner` WHERE  `uid` = 2 [ RunTime:0.000265s ]
[ sql ] [ SQL ] SHOW COLUMNS FROM `channel` [ RunTime:0.008801s ]
[ sql ] [ SQL ] SELECT `code` FROM `channel` WHERE  `status` = '可用' [ RunTime:0.000366s ]
---------------------------------------------------------------
[ 2018-07-27T16:44:51+08:00 ] 127.0.0.1 GET /user/edit.html?email=937349996%40qq.com&password=&status=%E5%8F%AF%E7%94%A8&role=%E6%8E%A8%E5%B9%BF&action=updateuser
[ info ] idatamind.com/user/edit.html?email=937349996%40qq.com&password=&status=%E5%8F%AF%E7%94%A8&role=%E6%8E%A8%E5%B9%BF&action=updateuser [运行时间：0.033525s][吞吐率：29.83req/s] [内存消耗：1,486.20kb] [文件加载：63]
[ info ] [ LANG ] E:\www\idatamind\thinkphp\lang\zh-cn.php
[ info ] [ ROUTE ] array (
  'rule' => 'user/edit',
  'route' => 'admin/User/edit',
  'option' => 
  array (
    'merge_rule_regex' => false,
  ),
  'var' => 
  array (
  ),
)
[ info ] [ HEADER ] array (
  'cookie' => 'PHPSESSID=hua44pkijrvi87b9lrl81g1l30',
  'accept-language' => 'zh-CN,zh;q=0.9',
  'accept-encoding' => 'gzip, deflate',
  'referer' => 'http://idatamind.com/user/edit.html?id=2',
  'accept' => 'text/html,application/xhtml+xml,application/xml;q=0.9,image/webp,image/apng,*/*;q=0.8',
  'user-agent' => 'Mozilla/5.0 (Windows NT 10.0; WOW64) AppleWebKit/537.36 (KHTML, like Gecko) Chrome/67.0.3396.87 Safari/537.36 OPR/54.0.2952.60',
  'upgrade-insecure-requests' => '1',
  'connection' => 'close',
  'host' => 'idatamind.com',
)
[ info ] [ PARAM ] array (
  'email' => '937349996@qq.com',
  'password' => '',
  'status' => '可用',
  'role' => '推广',
  'action' => 'updateuser',
)
[ info ] [ SESSION ] INIT array (
  'id' => '',
  'var_session_id' => '',
  'prefix' => 'think',
  'type' => '',
  'auto_start' => true,
  'httponly' => true,
  'secure' => false,
)
[ info ] [ LOG ] INIT File
---------------------------------------------------------------
[ 2018-07-27T16:44:51+08:00 ] 127.0.0.1 GET /users.html
[ info ] idatamind.com/users.html [运行时间：0.051855s][吞吐率：19.28req/s] [内存消耗：2,354.08kb] [文件加载：74]
[ info ] [ LANG ] E:\www\idatamind\thinkphp\lang\zh-cn.php
[ info ] [ ROUTE ] array (
  'rule' => 'users',
  'route' => 'admin/User/users',
  'option' => 
  array (
    'merge_rule_regex' => false,
  ),
  'var' => 
  array (
  ),
)
[ info ] [ HEADER ] array (
  'cookie' => 'PHPSESSID=hua44pkijrvi87b9lrl81g1l30',
  'accept-language' => 'zh-CN,zh;q=0.9',
  'accept-encoding' => 'gzip, deflate',
  'referer' => 'http://idatamind.com/user/edit.html?id=2',
  'accept' => 'text/html,application/xhtml+xml,application/xml;q=0.9,image/webp,image/apng,*/*;q=0.8',
  'user-agent' => 'Mozilla/5.0 (Windows NT 10.0; WOW64) AppleWebKit/537.36 (KHTML, like Gecko) Chrome/67.0.3396.87 Safari/537.36 OPR/54.0.2952.60',
  'upgrade-insecure-requests' => '1',
  'connection' => 'close',
  'host' => 'idatamind.com',
)
[ info ] [ PARAM ] array (
)
[ info ] [ SESSION ] INIT array (
  'id' => '',
  'var_session_id' => '',
  'prefix' => 'think',
  'type' => '',
  'auto_start' => true,
  'httponly' => true,
  'secure' => false,
)
[ info ] [ DB ] INIT mysql
[ info ] [ VIEW ] E:\www\idatamind\application\admin\view\user\users.html [ array (
  0 => 'users',
) ]
[ info ] [ LOG ] INIT File
[ sql ] [ DB ] CONNECT:[ UseTime:0.002780s ] mysql:host=127.0.0.1;dbname=idatamind;charset=utf8
[ sql ] [ SQL ] SHOW COLUMNS FROM `user` [ RunTime:0.009868s ]
[ sql ] [ SQL ] SELECT COUNT(*) AS tp_count FROM `user` WHERE  `id` > 1 LIMIT 1 [ RunTime:0.000446s ]
[ sql ] [ SQL ] SELECT * FROM `user` WHERE  `id` > 1 LIMIT 0,20 [ RunTime:0.000344s ]
---------------------------------------------------------------
[ 2018-07-27T16:44:56+08:00 ] 127.0.0.1 GET /user/edit.html?id=2
[ info ] idatamind.com/user/edit.html?id=2 [运行时间：0.104808s][吞吐率：9.54req/s] [内存消耗：2,341.45kb] [文件加载：74]
[ info ] [ LANG ] E:\www\idatamind\thinkphp\lang\zh-cn.php
[ info ] [ ROUTE ] array (
  'rule' => 'user/edit',
  'route' => 'admin/User/edit',
  'option' => 
  array (
    'merge_rule_regex' => false,
  ),
  'var' => 
  array (
  ),
)
[ info ] [ HEADER ] array (
  'cookie' => 'PHPSESSID=hua44pkijrvi87b9lrl81g1l30',
  'accept-language' => 'zh-CN,zh;q=0.9',
  'accept-encoding' => 'gzip, deflate',
  'referer' => 'http://idatamind.com/users.html',
  'accept' => 'text/html,application/xhtml+xml,application/xml;q=0.9,image/webp,image/apng,*/*;q=0.8',
  'user-agent' => 'Mozilla/5.0 (Windows NT 10.0; WOW64) AppleWebKit/537.36 (KHTML, like Gecko) Chrome/67.0.3396.87 Safari/537.36 OPR/54.0.2952.60',
  'upgrade-insecure-requests' => '1',
  'connection' => 'close',
  'host' => 'idatamind.com',
)
[ info ] [ PARAM ] array (
  'id' => '2',
)
[ info ] [ SESSION ] INIT array (
  'id' => '',
  'var_session_id' => '',
  'prefix' => 'think',
  'type' => '',
  'auto_start' => true,
  'httponly' => true,
  'secure' => false,
)
[ info ] [ DB ] INIT mysql
[ info ] [ VIEW ] E:\www\idatamind\application\admin\view\user\edit.html [ array (
  0 => 'owner',
  1 => 'channel',
  2 => 'select',
  3 => 'user',
) ]
[ info ] [ LOG ] INIT File
[ sql ] [ DB ] CONNECT:[ UseTime:0.012211s ] mysql:host=127.0.0.1;dbname=idatamind;charset=utf8
[ sql ] [ SQL ] SHOW COLUMNS FROM `user` [ RunTime:0.018672s ]
[ sql ] [ SQL ] SELECT * FROM `user` WHERE  `id` = 2 LIMIT 1 [ RunTime:0.000498s ]
[ sql ] [ SQL ] SHOW COLUMNS FROM `selectoptions` [ RunTime:0.008234s ]
[ sql ] [ SQL ] SELECT `user_group` FROM `selectoptions` WHERE  `user_group` IS NOT NULL [ RunTime:0.000293s ]
[ sql ] [ SQL ] SELECT `user_status` FROM `selectoptions` WHERE  `user_status` IS NOT NULL [ RunTime:0.000217s ]
[ sql ] [ SQL ] SELECT `user_role` FROM `selectoptions` WHERE  `user_role` IS NOT NULL [ RunTime:0.000223s ]
[ sql ] [ SQL ] SHOW COLUMNS FROM `channelowner` [ RunTime:0.008372s ]
[ sql ] [ SQL ] SELECT `code` FROM `channelowner` WHERE  `uid` = 2 [ RunTime:0.000417s ]
[ sql ] [ SQL ] SHOW COLUMNS FROM `channel` [ RunTime:0.008632s ]
[ sql ] [ SQL ] SELECT `code` FROM `channel` WHERE  `status` = '可用' [ RunTime:0.000437s ]
---------------------------------------------------------------
[ 2018-07-27T16:45:02+08:00 ] 127.0.0.1 GET /user/edit.html?email=937349996%40qq.com&password=&status=%E5%8F%AF%E7%94%A8&role=%E6%8E%A8%E5%B9%BF&action=updateuser
[ info ] idatamind.com/user/edit.html?email=937349996%40qq.com&password=&status=%E5%8F%AF%E7%94%A8&role=%E6%8E%A8%E5%B9%BF&action=updateuser [运行时间：0.027906s][吞吐率：35.83req/s] [内存消耗：1,486.20kb] [文件加载：63]
[ info ] [ LANG ] E:\www\idatamind\thinkphp\lang\zh-cn.php
[ info ] [ ROUTE ] array (
  'rule' => 'user/edit',
  'route' => 'admin/User/edit',
  'option' => 
  array (
    'merge_rule_regex' => false,
  ),
  'var' => 
  array (
  ),
)
[ info ] [ HEADER ] array (
  'cookie' => 'PHPSESSID=hua44pkijrvi87b9lrl81g1l30',
  'accept-language' => 'zh-CN,zh;q=0.9',
  'accept-encoding' => 'gzip, deflate',
  'referer' => 'http://idatamind.com/user/edit.html?id=2',
  'accept' => 'text/html,application/xhtml+xml,application/xml;q=0.9,image/webp,image/apng,*/*;q=0.8',
  'user-agent' => 'Mozilla/5.0 (Windows NT 10.0; WOW64) AppleWebKit/537.36 (KHTML, like Gecko) Chrome/67.0.3396.87 Safari/537.36 OPR/54.0.2952.60',
  'upgrade-insecure-requests' => '1',
  'connection' => 'close',
  'host' => 'idatamind.com',
)
[ info ] [ PARAM ] array (
  'email' => '937349996@qq.com',
  'password' => '',
  'status' => '可用',
  'role' => '推广',
  'action' => 'updateuser',
)
[ info ] [ SESSION ] INIT array (
  'id' => '',
  'var_session_id' => '',
  'prefix' => 'think',
  'type' => '',
  'auto_start' => true,
  'httponly' => true,
  'secure' => false,
)
[ info ] [ LOG ] INIT File
---------------------------------------------------------------
[ 2018-07-27T16:45:02+08:00 ] 127.0.0.1 GET /users.html
[ info ] idatamind.com/users.html [运行时间：0.063020s][吞吐率：15.87req/s] [内存消耗：2,354.08kb] [文件加载：74]
[ info ] [ LANG ] E:\www\idatamind\thinkphp\lang\zh-cn.php
[ info ] [ ROUTE ] array (
  'rule' => 'users',
  'route' => 'admin/User/users',
  'option' => 
  array (
    'merge_rule_regex' => false,
  ),
  'var' => 
  array (
  ),
)
[ info ] [ HEADER ] array (
  'cookie' => 'PHPSESSID=hua44pkijrvi87b9lrl81g1l30',
  'accept-language' => 'zh-CN,zh;q=0.9',
  'accept-encoding' => 'gzip, deflate',
  'referer' => 'http://idatamind.com/user/edit.html?id=2',
  'accept' => 'text/html,application/xhtml+xml,application/xml;q=0.9,image/webp,image/apng,*/*;q=0.8',
  'user-agent' => 'Mozilla/5.0 (Windows NT 10.0; WOW64) AppleWebKit/537.36 (KHTML, like Gecko) Chrome/67.0.3396.87 Safari/537.36 OPR/54.0.2952.60',
  'upgrade-insecure-requests' => '1',
  'connection' => 'close',
  'host' => 'idatamind.com',
)
[ info ] [ PARAM ] array (
)
[ info ] [ SESSION ] INIT array (
  'id' => '',
  'var_session_id' => '',
  'prefix' => 'think',
  'type' => '',
  'auto_start' => true,
  'httponly' => true,
  'secure' => false,
)
[ info ] [ DB ] INIT mysql
[ info ] [ VIEW ] E:\www\idatamind\application\admin\view\user\users.html [ array (
  0 => 'users',
) ]
[ info ] [ LOG ] INIT File
[ sql ] [ DB ] CONNECT:[ UseTime:0.002112s ] mysql:host=127.0.0.1;dbname=idatamind;charset=utf8
[ sql ] [ SQL ] SHOW COLUMNS FROM `user` [ RunTime:0.008504s ]
[ sql ] [ SQL ] SELECT COUNT(*) AS tp_count FROM `user` WHERE  `id` > 1 LIMIT 1 [ RunTime:0.000364s ]
[ sql ] [ SQL ] SELECT * FROM `user` WHERE  `id` > 1 LIMIT 0,20 [ RunTime:0.000317s ]
---------------------------------------------------------------
[ 2018-07-27T16:46:18+08:00 ] 127.0.0.1 GET /user/edit.html?id=2
[ info ] idatamind.com/user/edit.html?id=2 [运行时间：0.089436s][吞吐率：11.18req/s] [内存消耗：2,512.32kb] [文件加载：76]
[ info ] [ LANG ] E:\www\idatamind\thinkphp\lang\zh-cn.php
[ info ] [ ROUTE ] array (
  'rule' => 'user/edit',
  'route' => 'admin/User/edit',
  'option' => 
  array (
    'merge_rule_regex' => false,
  ),
  'var' => 
  array (
  ),
)
[ info ] [ HEADER ] array (
  'cookie' => 'PHPSESSID=hua44pkijrvi87b9lrl81g1l30',
  'accept-language' => 'zh-CN,zh;q=0.9',
  'accept-encoding' => 'gzip, deflate',
  'referer' => 'http://idatamind.com/users.html',
  'accept' => 'text/html,application/xhtml+xml,application/xml;q=0.9,image/webp,image/apng,*/*;q=0.8',
  'user-agent' => 'Mozilla/5.0 (Windows NT 10.0; WOW64) AppleWebKit/537.36 (KHTML, like Gecko) Chrome/67.0.3396.87 Safari/537.36 OPR/54.0.2952.60',
  'upgrade-insecure-requests' => '1',
  'connection' => 'close',
  'host' => 'idatamind.com',
)
[ info ] [ PARAM ] array (
  'id' => '2',
)
[ info ] [ SESSION ] INIT array (
  'id' => '',
  'var_session_id' => '',
  'prefix' => 'think',
  'type' => '',
  'auto_start' => true,
  'httponly' => true,
  'secure' => false,
)
[ info ] [ DB ] INIT mysql
[ info ] [ VIEW ] E:\www\idatamind\application\admin\view\user\edit.html [ array (
  0 => 'owner',
  1 => 'channel',
  2 => 'select',
  3 => 'user',
) ]
[ info ] [ LOG ] INIT File
[ sql ] [ DB ] CONNECT:[ UseTime:0.002147s ] mysql:host=127.0.0.1;dbname=idatamind;charset=utf8
[ sql ] [ SQL ] SHOW COLUMNS FROM `user` [ RunTime:0.008557s ]
[ sql ] [ SQL ] SELECT * FROM `user` WHERE  `id` = 2 LIMIT 1 [ RunTime:0.000415s ]
[ sql ] [ SQL ] SHOW COLUMNS FROM `selectoptions` [ RunTime:0.014275s ]
[ sql ] [ SQL ] SELECT `user_group` FROM `selectoptions` WHERE  `user_group` IS NOT NULL [ RunTime:0.000297s ]
[ sql ] [ SQL ] SELECT `user_status` FROM `selectoptions` WHERE  `user_status` IS NOT NULL [ RunTime:0.000226s ]
[ sql ] [ SQL ] SELECT `user_role` FROM `selectoptions` WHERE  `user_role` IS NOT NULL [ RunTime:0.000228s ]
[ sql ] [ SQL ] SHOW COLUMNS FROM `channelowner` [ RunTime:0.007500s ]
[ sql ] [ SQL ] SELECT `code` FROM `channelowner` WHERE  `uid` = 2 [ RunTime:0.000353s ]
[ sql ] [ SQL ] SHOW COLUMNS FROM `channel` [ RunTime:0.009734s ]
[ sql ] [ SQL ] SELECT `code` FROM `channel` WHERE  `status` = '可用' [ RunTime:0.000455s ]
---------------------------------------------------------------
[ 2018-07-27T16:46:40+08:00 ] 127.0.0.1 GET /user/edit.html?id=2
[ info ] idatamind.com/user/edit.html?id=2 [运行时间：0.096448s][吞吐率：10.37req/s] [内存消耗：2,512.70kb] [文件加载：76]
[ info ] [ LANG ] E:\www\idatamind\thinkphp\lang\zh-cn.php
[ info ] [ ROUTE ] array (
  'rule' => 'user/edit',
  'route' => 'admin/User/edit',
  'option' => 
  array (
    'merge_rule_regex' => false,
  ),
  'var' => 
  array (
  ),
)
[ info ] [ HEADER ] array (
  'cookie' => 'PHPSESSID=hua44pkijrvi87b9lrl81g1l30',
  'accept-language' => 'zh-CN,zh;q=0.9',
  'accept-encoding' => 'gzip, deflate',
  'referer' => 'http://idatamind.com/users.html',
  'accept' => 'text/html,application/xhtml+xml,application/xml;q=0.9,image/webp,image/apng,*/*;q=0.8',
  'user-agent' => 'Mozilla/5.0 (Windows NT 10.0; WOW64) AppleWebKit/537.36 (KHTML, like Gecko) Chrome/67.0.3396.87 Safari/537.36 OPR/54.0.2952.60',
  'upgrade-insecure-requests' => '1',
  'cache-control' => 'max-age=0',
  'connection' => 'close',
  'host' => 'idatamind.com',
)
[ info ] [ PARAM ] array (
  'id' => '2',
)
[ info ] [ SESSION ] INIT array (
  'id' => '',
  'var_session_id' => '',
  'prefix' => 'think',
  'type' => '',
  'auto_start' => true,
  'httponly' => true,
  'secure' => false,
)
[ info ] [ DB ] INIT mysql
[ info ] [ VIEW ] E:\www\idatamind\application\admin\view\user\edit.html [ array (
  0 => 'owner',
  1 => 'channel',
  2 => 'select',
  3 => 'user',
) ]
[ info ] [ LOG ] INIT File
[ sql ] [ DB ] CONNECT:[ UseTime:0.012045s ] mysql:host=127.0.0.1;dbname=idatamind;charset=utf8
[ sql ] [ SQL ] SHOW COLUMNS FROM `user` [ RunTime:0.009654s ]
[ sql ] [ SQL ] SELECT * FROM `user` WHERE  `id` = 2 LIMIT 1 [ RunTime:0.000493s ]
[ sql ] [ SQL ] SHOW COLUMNS FROM `selectoptions` [ RunTime:0.008281s ]
[ sql ] [ SQL ] SELECT `user_group` FROM `selectoptions` WHERE  `user_group` IS NOT NULL [ RunTime:0.000332s ]
[ sql ] [ SQL ] SELECT `user_status` FROM `selectoptions` WHERE  `user_status` IS NOT NULL [ RunTime:0.000302s ]
[ sql ] [ SQL ] SELECT `user_role` FROM `selectoptions` WHERE  `user_role` IS NOT NULL [ RunTime:0.000285s ]
[ sql ] [ SQL ] SHOW COLUMNS FROM `channelowner` [ RunTime:0.008254s ]
[ sql ] [ SQL ] SELECT `code` FROM `channelowner` WHERE  `uid` = 2 [ RunTime:0.000353s ]
[ sql ] [ SQL ] SHOW COLUMNS FROM `channel` [ RunTime:0.008028s ]
[ sql ] [ SQL ] SELECT `code` FROM `channel` WHERE  `status` = '可用' [ RunTime:0.000335s ]
---------------------------------------------------------------
[ 2018-07-27T16:48:42+08:00 ] 127.0.0.1 GET /user/edit.html?id=2
[ info ] idatamind.com/user/edit.html?id=2 [运行时间：0.096613s][吞吐率：10.35req/s] [内存消耗：2,341.91kb] [文件加载：74]
[ info ] [ LANG ] E:\www\idatamind\thinkphp\lang\zh-cn.php
[ info ] [ ROUTE ] array (
  'rule' => 'user/edit',
  'route' => 'admin/User/edit',
  'option' => 
  array (
    'merge_rule_regex' => false,
  ),
  'var' => 
  array (
  ),
)
[ info ] [ HEADER ] array (
  'cookie' => 'PHPSESSID=hua44pkijrvi87b9lrl81g1l30',
  'accept-language' => 'zh-CN,zh;q=0.9',
  'accept-encoding' => 'gzip, deflate',
  'referer' => 'http://idatamind.com/users.html',
  'accept' => 'text/html,application/xhtml+xml,application/xml;q=0.9,image/webp,image/apng,*/*;q=0.8',
  'user-agent' => 'Mozilla/5.0 (Windows NT 10.0; WOW64) AppleWebKit/537.36 (KHTML, like Gecko) Chrome/67.0.3396.87 Safari/537.36 OPR/54.0.2952.60',
  'upgrade-insecure-requests' => '1',
  'cache-control' => 'max-age=0',
  'connection' => 'close',
  'host' => 'idatamind.com',
)
[ info ] [ PARAM ] array (
  'id' => '2',
)
[ info ] [ SESSION ] INIT array (
  'id' => '',
  'var_session_id' => '',
  'prefix' => 'think',
  'type' => '',
  'auto_start' => true,
  'httponly' => true,
  'secure' => false,
)
[ info ] [ DB ] INIT mysql
[ info ] [ VIEW ] E:\www\idatamind\application\admin\view\user\edit.html [ array (
  0 => 'owner',
  1 => 'channel',
  2 => 'select',
  3 => 'user',
) ]
[ info ] [ LOG ] INIT File
[ sql ] [ DB ] CONNECT:[ UseTime:0.011894s ] mysql:host=127.0.0.1;dbname=idatamind;charset=utf8
[ sql ] [ SQL ] SHOW COLUMNS FROM `user` [ RunTime:0.008846s ]
[ sql ] [ SQL ] SELECT * FROM `user` WHERE  `id` = 2 LIMIT 1 [ RunTime:0.000403s ]
[ sql ] [ SQL ] SHOW COLUMNS FROM `selectoptions` [ RunTime:0.007903s ]
[ sql ] [ SQL ] SELECT `user_group` FROM `selectoptions` WHERE  `user_group` IS NOT NULL [ RunTime:0.000347s ]
[ sql ] [ SQL ] SELECT `user_status` FROM `selectoptions` WHERE  `user_status` IS NOT NULL [ RunTime:0.000295s ]
[ sql ] [ SQL ] SELECT `user_role` FROM `selectoptions` WHERE  `user_role` IS NOT NULL [ RunTime:0.000291s ]
[ sql ] [ SQL ] SHOW COLUMNS FROM `channelowner` [ RunTime:0.008673s ]
[ sql ] [ SQL ] SELECT `code` FROM `channelowner` WHERE  `uid` = 2 [ RunTime:0.000284s ]
[ sql ] [ SQL ] SHOW COLUMNS FROM `channel` [ RunTime:0.008184s ]
[ sql ] [ SQL ] SELECT `code` FROM `channel` WHERE  `status` = '可用' [ RunTime:0.000372s ]
---------------------------------------------------------------
[ 2018-07-27T16:48:48+08:00 ] 127.0.0.1 GET /users.html
[ info ] idatamind.com/users.html [运行时间：0.054369s][吞吐率：18.39req/s] [内存消耗：2,354.08kb] [文件加载：74]
[ info ] [ LANG ] E:\www\idatamind\thinkphp\lang\zh-cn.php
[ info ] [ ROUTE ] array (
  'rule' => 'users',
  'route' => 'admin/User/users',
  'option' => 
  array (
    'merge_rule_regex' => false,
  ),
  'var' => 
  array (
  ),
)
[ info ] [ HEADER ] array (
  'cookie' => 'PHPSESSID=hua44pkijrvi87b9lrl81g1l30',
  'accept-language' => 'zh-CN,zh;q=0.9',
  'accept-encoding' => 'gzip, deflate',
  'referer' => 'http://idatamind.com/user/edit.html?id=2',
  'accept' => 'text/html,application/xhtml+xml,application/xml;q=0.9,image/webp,image/apng,*/*;q=0.8',
  'user-agent' => 'Mozilla/5.0 (Windows NT 10.0; WOW64) AppleWebKit/537.36 (KHTML, like Gecko) Chrome/67.0.3396.87 Safari/537.36 OPR/54.0.2952.60',
  'upgrade-insecure-requests' => '1',
  'connection' => 'close',
  'host' => 'idatamind.com',
)
[ info ] [ PARAM ] array (
)
[ info ] [ SESSION ] INIT array (
  'id' => '',
  'var_session_id' => '',
  'prefix' => 'think',
  'type' => '',
  'auto_start' => true,
  'httponly' => true,
  'secure' => false,
)
[ info ] [ DB ] INIT mysql
[ info ] [ VIEW ] E:\www\idatamind\application\admin\view\user\users.html [ array (
  0 => 'users',
) ]
[ info ] [ LOG ] INIT File
[ sql ] [ DB ] CONNECT:[ UseTime:0.002603s ] mysql:host=127.0.0.1;dbname=idatamind;charset=utf8
[ sql ] [ SQL ] SHOW COLUMNS FROM `user` [ RunTime:0.008929s ]
[ sql ] [ SQL ] SELECT COUNT(*) AS tp_count FROM `user` WHERE  `id` > 1 LIMIT 1 [ RunTime:0.000420s ]
[ sql ] [ SQL ] SELECT * FROM `user` WHERE  `id` > 1 LIMIT 0,20 [ RunTime:0.000398s ]
---------------------------------------------------------------
[ 2018-07-27T16:48:50+08:00 ] 127.0.0.1 GET /user/edit.html?id=3
[ info ] idatamind.com/user/edit.html?id=3 [运行时间：0.089160s][吞吐率：11.22req/s] [内存消耗：2,341.67kb] [文件加载：74]
[ info ] [ LANG ] E:\www\idatamind\thinkphp\lang\zh-cn.php
[ info ] [ ROUTE ] array (
  'rule' => 'user/edit',
  'route' => 'admin/User/edit',
  'option' => 
  array (
    'merge_rule_regex' => false,
  ),
  'var' => 
  array (
  ),
)
[ info ] [ HEADER ] array (
  'cookie' => 'PHPSESSID=hua44pkijrvi87b9lrl81g1l30',
  'accept-language' => 'zh-CN,zh;q=0.9',
  'accept-encoding' => 'gzip, deflate',
  'referer' => 'http://idatamind.com/users.html',
  'accept' => 'text/html,application/xhtml+xml,application/xml;q=0.9,image/webp,image/apng,*/*;q=0.8',
  'user-agent' => 'Mozilla/5.0 (Windows NT 10.0; WOW64) AppleWebKit/537.36 (KHTML, like Gecko) Chrome/67.0.3396.87 Safari/537.36 OPR/54.0.2952.60',
  'upgrade-insecure-requests' => '1',
  'connection' => 'close',
  'host' => 'idatamind.com',
)
[ info ] [ PARAM ] array (
  'id' => '3',
)
[ info ] [ SESSION ] INIT array (
  'id' => '',
  'var_session_id' => '',
  'prefix' => 'think',
  'type' => '',
  'auto_start' => true,
  'httponly' => true,
  'secure' => false,
)
[ info ] [ DB ] INIT mysql
[ info ] [ VIEW ] E:\www\idatamind\application\admin\view\user\edit.html [ array (
  0 => 'owner',
  1 => 'channel',
  2 => 'select',
  3 => 'user',
) ]
[ info ] [ LOG ] INIT File
[ sql ] [ DB ] CONNECT:[ UseTime:0.011964s ] mysql:host=127.0.0.1;dbname=idatamind;charset=utf8
[ sql ] [ SQL ] SHOW COLUMNS FROM `user` [ RunTime:0.008579s ]
[ sql ] [ SQL ] SELECT * FROM `user` WHERE  `id` = 3 LIMIT 1 [ RunTime:0.000859s ]
[ sql ] [ SQL ] SHOW COLUMNS FROM `selectoptions` [ RunTime:0.008556s ]
[ sql ] [ SQL ] SELECT `user_group` FROM `selectoptions` WHERE  `user_group` IS NOT NULL [ RunTime:0.000477s ]
[ sql ] [ SQL ] SELECT `user_status` FROM `selectoptions` WHERE  `user_status` IS NOT NULL [ RunTime:0.000291s ]
[ sql ] [ SQL ] SELECT `user_role` FROM `selectoptions` WHERE  `user_role` IS NOT NULL [ RunTime:0.000277s ]
[ sql ] [ SQL ] SHOW COLUMNS FROM `channelowner` [ RunTime:0.007797s ]
[ sql ] [ SQL ] SELECT `code` FROM `channelowner` WHERE  `uid` = 3 [ RunTime:0.000331s ]
[ sql ] [ SQL ] SHOW COLUMNS FROM `channel` [ RunTime:0.008359s ]
[ sql ] [ SQL ] SELECT `code` FROM `channel` WHERE  `status` = '可用' [ RunTime:0.000486s ]
---------------------------------------------------------------
[ 2018-07-27T16:49:05+08:00 ] 127.0.0.1 GET /users.html
[ info ] idatamind.com/users.html [运行时间：0.070158s][吞吐率：14.25req/s] [内存消耗：2,354.08kb] [文件加载：74]
[ info ] [ LANG ] E:\www\idatamind\thinkphp\lang\zh-cn.php
[ info ] [ ROUTE ] array (
  'rule' => 'users',
  'route' => 'admin/User/users',
  'option' => 
  array (
    'merge_rule_regex' => false,
  ),
  'var' => 
  array (
  ),
)
[ info ] [ HEADER ] array (
  'cookie' => 'PHPSESSID=hua44pkijrvi87b9lrl81g1l30',
  'accept-language' => 'zh-CN,zh;q=0.9',
  'accept-encoding' => 'gzip, deflate',
  'referer' => 'http://idatamind.com/user/edit.html?id=2',
  'accept' => 'text/html,application/xhtml+xml,application/xml;q=0.9,image/webp,image/apng,*/*;q=0.8',
  'user-agent' => 'Mozilla/5.0 (Windows NT 10.0; WOW64) AppleWebKit/537.36 (KHTML, like Gecko) Chrome/67.0.3396.87 Safari/537.36 OPR/54.0.2952.60',
  'upgrade-insecure-requests' => '1',
  'connection' => 'close',
  'host' => 'idatamind.com',
)
[ info ] [ PARAM ] array (
)
[ info ] [ SESSION ] INIT array (
  'id' => '',
  'var_session_id' => '',
  'prefix' => 'think',
  'type' => '',
  'auto_start' => true,
  'httponly' => true,
  'secure' => false,
)
[ info ] [ DB ] INIT mysql
[ info ] [ VIEW ] E:\www\idatamind\application\admin\view\user\users.html [ array (
  0 => 'users',
) ]
[ info ] [ LOG ] INIT File
[ sql ] [ DB ] CONNECT:[ UseTime:0.011546s ] mysql:host=127.0.0.1;dbname=idatamind;charset=utf8
[ sql ] [ SQL ] SHOW COLUMNS FROM `user` [ RunTime:0.013272s ]
[ sql ] [ SQL ] SELECT COUNT(*) AS tp_count FROM `user` WHERE  `id` > 1 LIMIT 1 [ RunTime:0.000481s ]
[ sql ] [ SQL ] SELECT * FROM `user` WHERE  `id` > 1 LIMIT 0,20 [ RunTime:0.000473s ]
---------------------------------------------------------------
[ 2018-07-27T16:50:32+08:00 ] 127.0.0.1 GET /user/edit.html?id=4
[ info ] idatamind.com/user/edit.html?id=4 [运行时间：0.099325s][吞吐率：10.07req/s] [内存消耗：2,341.47kb] [文件加载：74]
[ info ] [ LANG ] E:\www\idatamind\thinkphp\lang\zh-cn.php
[ info ] [ ROUTE ] array (
  'rule' => 'user/edit',
  'route' => 'admin/User/edit',
  'option' => 
  array (
    'merge_rule_regex' => false,
  ),
  'var' => 
  array (
  ),
)
[ info ] [ HEADER ] array (
  'cookie' => 'PHPSESSID=hua44pkijrvi87b9lrl81g1l30',
  'accept-language' => 'zh-CN,zh;q=0.9',
  'accept-encoding' => 'gzip, deflate',
  'referer' => 'http://idatamind.com/users.html',
  'accept' => 'text/html,application/xhtml+xml,application/xml;q=0.9,image/webp,image/apng,*/*;q=0.8',
  'user-agent' => 'Mozilla/5.0 (Windows NT 10.0; WOW64) AppleWebKit/537.36 (KHTML, like Gecko) Chrome/67.0.3396.87 Safari/537.36 OPR/54.0.2952.60',
  'upgrade-insecure-requests' => '1',
  'connection' => 'close',
  'host' => 'idatamind.com',
)
[ info ] [ PARAM ] array (
  'id' => '4',
)
[ info ] [ SESSION ] INIT array (
  'id' => '',
  'var_session_id' => '',
  'prefix' => 'think',
  'type' => '',
  'auto_start' => true,
  'httponly' => true,
  'secure' => false,
)
[ info ] [ DB ] INIT mysql
[ info ] [ VIEW ] E:\www\idatamind\application\admin\view\user\edit.html [ array (
  0 => 'owner',
  1 => 'channel',
  2 => 'select',
  3 => 'user',
) ]
[ info ] [ LOG ] INIT File
[ sql ] [ DB ] CONNECT:[ UseTime:0.002873s ] mysql:host=127.0.0.1;dbname=idatamind;charset=utf8
[ sql ] [ SQL ] SHOW COLUMNS FROM `user` [ RunTime:0.018584s ]
[ sql ] [ SQL ] SELECT * FROM `user` WHERE  `id` = 4 LIMIT 1 [ RunTime:0.000549s ]
[ sql ] [ SQL ] SHOW COLUMNS FROM `selectoptions` [ RunTime:0.009948s ]
[ sql ] [ SQL ] SELECT `user_group` FROM `selectoptions` WHERE  `user_group` IS NOT NULL [ RunTime:0.000387s ]
[ sql ] [ SQL ] SELECT `user_status` FROM `selectoptions` WHERE  `user_status` IS NOT NULL [ RunTime:0.000314s ]
[ sql ] [ SQL ] SELECT `user_role` FROM `selectoptions` WHERE  `user_role` IS NOT NULL [ RunTime:0.000298s ]
[ sql ] [ SQL ] SHOW COLUMNS FROM `channelowner` [ RunTime:0.008809s ]
[ sql ] [ SQL ] SELECT `code` FROM `channelowner` WHERE  `uid` = 4 [ RunTime:0.000392s ]
[ sql ] [ SQL ] SHOW COLUMNS FROM `channel` [ RunTime:0.008802s ]
[ sql ] [ SQL ] SELECT `code` FROM `channel` WHERE  `status` = '可用' [ RunTime:0.000356s ]
---------------------------------------------------------------
[ 2018-07-27T16:50:38+08:00 ] 127.0.0.1 GET /users.html
[ info ] idatamind.com/users.html [运行时间：0.064237s][吞吐率：15.57req/s] [内存消耗：2,354.08kb] [文件加载：74]
[ info ] [ LANG ] E:\www\idatamind\thinkphp\lang\zh-cn.php
[ info ] [ ROUTE ] array (
  'rule' => 'users',
  'route' => 'admin/User/users',
  'option' => 
  array (
    'merge_rule_regex' => false,
  ),
  'var' => 
  array (
  ),
)
[ info ] [ HEADER ] array (
  'cookie' => 'PHPSESSID=hua44pkijrvi87b9lrl81g1l30',
  'accept-language' => 'zh-CN,zh;q=0.9',
  'accept-encoding' => 'gzip, deflate',
  'referer' => 'http://idatamind.com/user/edit.html?id=2',
  'accept' => 'text/html,application/xhtml+xml,application/xml;q=0.9,image/webp,image/apng,*/*;q=0.8',
  'user-agent' => 'Mozilla/5.0 (Windows NT 10.0; WOW64) AppleWebKit/537.36 (KHTML, like Gecko) Chrome/67.0.3396.87 Safari/537.36 OPR/54.0.2952.60',
  'upgrade-insecure-requests' => '1',
  'connection' => 'close',
  'host' => 'idatamind.com',
)
[ info ] [ PARAM ] array (
)
[ info ] [ SESSION ] INIT array (
  'id' => '',
  'var_session_id' => '',
  'prefix' => 'think',
  'type' => '',
  'auto_start' => true,
  'httponly' => true,
  'secure' => false,
)
[ info ] [ DB ] INIT mysql
[ info ] [ VIEW ] E:\www\idatamind\application\admin\view\user\users.html [ array (
  0 => 'users',
) ]
[ info ] [ LOG ] INIT File
[ sql ] [ DB ] CONNECT:[ UseTime:0.002286s ] mysql:host=127.0.0.1;dbname=idatamind;charset=utf8
[ sql ] [ SQL ] SHOW COLUMNS FROM `user` [ RunTime:0.008940s ]
[ sql ] [ SQL ] SELECT COUNT(*) AS tp_count FROM `user` WHERE  `id` > 1 LIMIT 1 [ RunTime:0.000401s ]
[ sql ] [ SQL ] SELECT * FROM `user` WHERE  `id` > 1 LIMIT 0,20 [ RunTime:0.009387s ]
